#
# A fatal error has been detected by the Java Runtime Environment:
#
#  Internal Error (sharedRuntime.cpp:833), pid=60380, tid=67371
#  fatal error: exception happened outside interpreter, nmethods and vtable stubs at pc 0x0000000118eec0af
#
# JRE version: Java(TM) SE Runtime Environment (8.0_20-b26) (build 1.8.0_20-b26)
# Java VM: Java HotSpot(TM) 64-Bit Server VM (25.20-b23 mixed mode bsd-amd64 compressed oops)
# Failed to write core dump. Core dumps have been disabled. To enable core dumping, try "ulimit -c unlimited" before starting Java again
#
# If you would like to submit a bug report, please visit:
#   http://bugreport.sun.com/bugreport/crash.jsp
#

---------------  T H R E A D  ---------------

Current thread (0x00007fbc965c0800):  JavaThread "aleph-netty-client-event-pool-1" daemon [_thread_in_Java, id=67371, stack(0x000070001019c000,0x000070001029c000)]

Stack: [0x000070001019c000,0x000070001029c000],  sp=0x0000700010299890,  free space=1014k
Native frames: (J=compiled Java code, j=interpreted, Vv=VM code, C=native code)
V  [libjvm.dylib+0x578854]  VMError::report_and_die()+0x402
V  [libjvm.dylib+0x1dab63]  report_vm_error(char const*, int, char const*, char const*)+0x54
V  [libjvm.dylib+0x4b66c1]  SharedRuntime::continuation_for_implicit_exception(JavaThread*, unsigned char*, SharedRuntime::ImplicitExceptionKind)+0x195
V  [libjvm.dylib+0x45e577]  JVM_handle_bsd_signal+0x368
V  [libjvm.dylib+0x45ab3b]  signalHandler(int, __siginfo*, void*)+0x2f
C  [libsystem_platform.dylib+0x3d7d]  _sigtramp+0x1d
V  [libjvm.dylib+0x3a25eb]  LinkResolver::linktime_resolve_virtual_method(methodHandle&, KlassHandle, Symbol*, Symbol*, KlassHandle, bool, Thread*)+0x47
J 7805 C2 com.sun.crypto.provider.GaloisCounterMode.decryptFinal([BII[BI)I (256 bytes) @ 0x000000011a9a54de [0x000000011a9a48c0+0xc1e]


---------------  P R O C E S S  ---------------

Java Threads: ( => current thread )
  0x00007fbca6981000 JavaThread "manifold-scheduler-pool-1" daemon [_thread_blocked, id=93259, stack(0x00007000103a2000,0x00007000104a2000)]
  0x00007fbc965c4000 JavaThread "async-dispatch-1" daemon [_thread_blocked, id=92747, stack(0x000070001029f000,0x000070001039f000)]
=>0x00007fbc965c0800 JavaThread "aleph-netty-client-event-pool-1" daemon [_thread_in_Java, id=67371, stack(0x000070001019c000,0x000070001029c000)]
  0x00007fbca5ff1800 JavaThread "Animation Thread" [_thread_in_Java, id=88079, stack(0x0000700010099000,0x0000700010199000)]
  0x00007fbc7622c800 JavaThread "AWT-EventQueue-0" [_thread_blocked, id=69891, stack(0x000070000ff96000,0x0000700010096000)]
  0x00007fbc85a7e800 JavaThread "Image Fetcher 0" daemon [_thread_blocked, id=70919, stack(0x000070000fe93000,0x000070000ff93000)]
  0x00007fbc75bec000 JavaThread "Java2D Disposer" daemon [_thread_blocked, id=71683, stack(0x000070000fd90000,0x000070000fe90000)]
  0x00007fbc75de2000 JavaThread "Java2D Queue Flusher" daemon [_thread_blocked, id=74511, stack(0x000070000fc8d000,0x000070000fd8d000)]
  0x00007fbc7622d800 JavaThread "AWT-Shutdown" [_thread_blocked, id=86031, stack(0x000070000fb8a000,0x000070000fc8a000)]
  0x00007fbc858c0800 JavaThread "dirigiste-pool-controller-0" daemon [_thread_blocked, id=87075, stack(0x000070000fa87000,0x000070000fb87000)]
  0x00007fbc85a3e000 JavaThread "manifold-pool-1-1" daemon [_thread_blocked, id=44039, stack(0x000070000f984000,0x000070000fa84000)]
  0x00007fbc858c0000 JavaThread "dirigiste-executor-controller-0" daemon [_thread_blocked, id=33299, stack(0x000070000f5f2000,0x000070000f6f2000)]
  0x00007fbca61ef000 JavaThread "AppKit Thread" daemon [_thread_in_native, id=259, stack(0x00007ffee0adb000,0x00007ffee12db000)]
  0x00007fbc85a7f000 JavaThread "Attach Listener" daemon [_thread_blocked, id=26115, stack(0x000070000f46c000,0x000070000f56c000)]
  0x00007fbc9581e000 JavaThread "Service Thread" daemon [_thread_blocked, id=25603, stack(0x000070000f266000,0x000070000f366000)]
  0x00007fbc7614a800 JavaThread "C1 CompilerThread11" daemon [_thread_blocked, id=25091, stack(0x000070000f163000,0x000070000f263000)]
  0x00007fbc7581b800 JavaThread "C1 CompilerThread10" daemon [_thread_blocked, id=24579, stack(0x000070000f060000,0x000070000f160000)]
  0x00007fbca5853800 JavaThread "C1 CompilerThread9" daemon [_thread_blocked, id=41475, stack(0x000070000ef5d000,0x000070000f05d000)]
  0x00007fbc7580a800 JavaThread "C1 CompilerThread8" daemon [_thread_blocked, id=41731, stack(0x000070000ee5a000,0x000070000ef5a000)]
  0x00007fbc7580a000 JavaThread "C2 CompilerThread7" daemon [_thread_blocked, id=24067, stack(0x000070000ed57000,0x000070000ee57000)]
  0x00007fbca5853000 JavaThread "C2 CompilerThread6" daemon [_thread_blocked, id=23555, stack(0x000070000ec54000,0x000070000ed54000)]
  0x00007fbc76141800 JavaThread "C2 CompilerThread5" daemon [_thread_blocked, id=42243, stack(0x000070000eb51000,0x000070000ec51000)]
  0x00007fbc96215800 JavaThread "C2 CompilerThread4" daemon [_thread_blocked, id=42755, stack(0x000070000ea4e000,0x000070000eb4e000)]
  0x00007fbc96215000 JavaThread "C2 CompilerThread3" daemon [_thread_blocked, id=23043, stack(0x000070000e94b000,0x000070000ea4b000)]
  0x00007fbc75809000 JavaThread "C2 CompilerThread2" daemon [_thread_blocked, id=22531, stack(0x000070000e848000,0x000070000e948000)]
  0x00007fbc76139000 JavaThread "C2 CompilerThread1" daemon [_thread_blocked, id=43267, stack(0x000070000e745000,0x000070000e845000)]
  0x00007fbc76138000 JavaThread "C2 CompilerThread0" daemon [_thread_in_native, id=21763, stack(0x000070000e642000,0x000070000e742000)]
  0x00007fbc7612d800 JavaThread "Monitor Ctrl-Break" daemon [_thread_in_native, id=16131, stack(0x000070000e53f000,0x000070000e63f000)]
  0x00007fbc75808800 JavaThread "Signal Dispatcher" daemon [_thread_blocked, id=16899, stack(0x000070000e43c000,0x000070000e53c000)]
  0x00007fbca5815800 JavaThread "Finalizer" daemon [_thread_blocked, id=18179, stack(0x000070000e233000,0x000070000e333000)]
  0x00007fbca5808800 JavaThread "Reference Handler" daemon [_thread_blocked, id=13059, stack(0x000070000e130000,0x000070000e230000)]
  0x00007fbca6008800 JavaThread "main" [_thread_blocked, id=3587, stack(0x000070000d203000,0x000070000d303000)]

Other Threads:
  0x00007fbca605a800 VMThread [stack: 0x000070000e02d000,0x000070000e12d000] [id=18691]
  0x00007fbc9581e800 WatcherThread [stack: 0x000070000f369000,0x000070000f469000] [id=40707]

VM state:not at safepoint (normal execution)

VM Mutex/Monitor currently owned by a thread: None

Heap:
 PSYoungGen      total 544256K, used 373340K [0x0000000715580000, 0x000000073a280000, 0x00000007c0000000)
  eden space 511488K, 67% used [0x0000000715580000,0x000000072a8368f8,0x0000000734900000)
  from space 32768K, 80% used [0x0000000736b80000,0x0000000738560798,0x0000000738b80000)
  to   space 35328K, 0% used [0x0000000734900000,0x0000000734900000,0x0000000736b80000)
 ParOldGen       total 501248K, used 70353K [0x00000005c0000000, 0x00000005de980000, 0x0000000715580000)
  object space 501248K, 14% used [0x00000005c0000000,0x00000005c44b44b0,0x00000005de980000)
 Metaspace       used 64244K, capacity 86572K, committed 86824K, reserved 1114112K
  class space    used 14782K, capacity 22024K, committed 22064K, reserved 1048576K

Card table byte_map: [0x0000000127e98000,0x0000000128e99000] byte_map_base: 0x0000000125098000

Marking Bits: (ParMarkBitMap*) 0x0000000118819330
 Begin Bits: [0x0000000128e99000, 0x0000000130e99000)
 End Bits:   [0x0000000130e99000, 0x0000000138e99000)

Polling page: 0x000000010e9b0000

CodeCache: size=245760Kb used=27811Kb max_used=27822Kb free=217948Kb
 bounds [0x0000000118e98000, 0x000000011a9e8000, 0x0000000127e98000]
 total_blobs=7001 nmethods=6294 adapters=617
 compilation: enabled

Compilation events (10 events):
Event: 10.742 Thread 0x00007fbc7614a800 7911       3       clojure.lang.Numbers::isZero (14 bytes)
Event: 10.742 Thread 0x00007fbc7614a800 nmethod 7911 0x000000011a9df3d0 code [0x000000011a9df560, 0x000000011a9df878]
Event: 10.744 Thread 0x00007fbc7580a800 7912   !   3       sun.awt.image.SurfaceManager::getManager (47 bytes)
Event: 10.744 Thread 0x00007fbc7581b800 7913       3       java.awt.Image$1::getSurfaceManager (5 bytes)
Event: 10.744 Thread 0x00007fbc7581b800 nmethod 7913 0x000000011a9df050 code [0x000000011a9df1c0, 0x000000011a9df310]
Event: 10.744 Thread 0x00007fbc7580a800 nmethod 7912 0x000000011a9e1a50 code [0x000000011a9e1c20, 0x000000011a9e2338]
Event: 10.750 Thread 0x00007fbca5853800 7914       3       java.lang.Throwable::<init> (29 bytes)
Event: 10.750 Thread 0x00007fbca5853800 nmethod 7914 0x000000011a9e1550 code [0x000000011a9e16c0, 0x000000011a9e1988]
Event: 10.786 Thread 0x00007fbc7581b800 7915       3       java.math.BigInteger::add (123 bytes)
Event: 10.786 Thread 0x00007fbc7581b800 nmethod 7915 0x000000011a9de650 code [0x000000011a9de840, 0x000000011a9dee68]

GC Heap History (10 events):
Event: 7.712 GC heap before
{Heap before GC invocations=13 (full 3):
 PSYoungGen      total 365056K, used 353792K [0x0000000715580000, 0x000000072ec80000, 0x00000007c0000000)
  eden space 353792K, 100% used [0x0000000715580000,0x000000072af00000,0x000000072af00000)
  from space 11264K, 0% used [0x000000072af00000,0x000000072af00000,0x000000072ba00000)
  to   space 11776K, 0% used [0x000000072e100000,0x000000072e100000,0x000000072ec80000)
 ParOldGen       total 501248K, used 20780K [0x00000005c0000000, 0x00000005de980000, 0x0000000715580000)
  object space 501248K, 4% used [0x00000005c0000000,0x00000005c144b090,0x00000005de980000)
 Metaspace       used 51317K, capacity 72186K, committed 72360K, reserved 1101824K
  class space    used 13047K, capacity 19862K, committed 19888K, reserved 1048576K
Event: 7.718 GC heap after
Heap after GC invocations=13 (full 3):
 PSYoungGen      total 400896K, used 8202K [0x0000000715580000, 0x000000072ea80000, 0x00000007c0000000)
  eden space 391168K, 0% used [0x0000000715580000,0x0000000715580000,0x000000072d380000)
  from space 9728K, 84% used [0x000000072e100000,0x000000072e9029d0,0x000000072ea80000)
  to   space 11776K, 0% used [0x000000072d380000,0x000000072d380000,0x000000072df00000)
 ParOldGen       total 501248K, used 20788K [0x00000005c0000000, 0x00000005de980000, 0x0000000715580000)
  object space 501248K, 4% used [0x00000005c0000000,0x00000005c144d090,0x00000005de980000)
 Metaspace       used 51317K, capacity 72186K, committed 72360K, reserved 1101824K
  class space    used 13047K, capacity 19862K, committed 19888K, reserved 1048576K
}
Event: 9.602 GC heap before
{Heap before GC invocations=14 (full 3):
 PSYoungGen      total 400896K, used 399370K [0x0000000715580000, 0x000000072ea80000, 0x00000007c0000000)
  eden space 391168K, 100% used [0x0000000715580000,0x000000072d380000,0x000000072d380000)
  from space 9728K, 84% used [0x000000072e100000,0x000000072e9029d0,0x000000072ea80000)
  to   space 11776K, 0% used [0x000000072d380000,0x000000072d380000,0x000000072df00000)
 ParOldGen       total 501248K, used 20788K [0x00000005c0000000, 0x00000005de980000, 0x0000000715580000)
  object space 501248K, 4% used [0x00000005c0000000,0x00000005c144d090,0x00000005de980000)
 Metaspace       used 63541K, capacity 85732K, committed 86056K, reserved 1114112K
  class space    used 14781K, capacity 21992K, committed 22064K, reserved 1048576K
Event: 9.624 GC heap after
Heap after GC invocations=14 (full 3):
 PSYoungGen      total 402944K, used 11761K [0x0000000715580000, 0x0000000733b80000, 0x00000007c0000000)
  eden space 391168K, 0% used [0x0000000715580000,0x0000000715580000,0x000000072d380000)
  from space 11776K, 99% used [0x000000072d380000,0x000000072defc7a8,0x000000072df00000)
  to   space 31232K, 0% used [0x0000000731d00000,0x0000000731d00000,0x0000000733b80000)
 ParOldGen       total 501248K, used 70329K [0x00000005c0000000, 0x00000005de980000, 0x0000000715580000)
  object space 501248K, 14% used [0x00000005c0000000,0x00000005c44ae4b0,0x00000005de980000)
 Metaspace       used 63541K, capacity 85732K, committed 86056K, reserved 1114112K
  class space    used 14781K, capacity 21992K, committed 22064K, reserved 1048576K
}
Event: 9.939 GC heap before
{Heap before GC invocations=15 (full 3):
 PSYoungGen      total 402944K, used 402929K [0x0000000715580000, 0x0000000733b80000, 0x00000007c0000000)
  eden space 391168K, 100% used [0x0000000715580000,0x000000072d380000,0x000000072d380000)
  from space 11776K, 99% used [0x000000072d380000,0x000000072defc7a8,0x000000072df00000)
  to   space 31232K, 0% used [0x0000000731d00000,0x0000000731d00000,0x0000000733b80000)
 ParOldGen       total 501248K, used 70329K [0x00000005c0000000, 0x00000005de980000, 0x0000000715580000)
  object space 501248K, 14% used [0x00000005c0000000,0x00000005c44ae4b0,0x00000005de980000)
 Metaspace       used 63841K, capacity 86136K, committed 86312K, reserved 1114112K
  class space    used 14781K, capacity 21992K, committed 22064K, reserved 1048576K
Event: 9.948 GC heap after
Heap after GC invocations=15 (full 3):
 PSYoungGen      total 466432K, used 16786K [0x0000000715580000, 0x0000000734a80000, 0x00000007c0000000)
  eden space 435200K, 0% used [0x0000000715580000,0x0000000715580000,0x000000072fe80000)
  from space 31232K, 53% used [0x0000000731d00000,0x0000000732d649c8,0x0000000733b80000)
  to   space 31232K, 0% used [0x000000072fe80000,0x000000072fe80000,0x0000000731d00000)
 ParOldGen       total 501248K, used 70337K [0x00000005c0000000, 0x00000005de980000, 0x0000000715580000)
  object space 501248K, 14% used [0x00000005c0000000,0x00000005c44b04b0,0x00000005de980000)
 Metaspace       used 63841K, capacity 86136K, committed 86312K, reserved 1114112K
  class space    used 14781K, capacity 21992K, committed 22064K, reserved 1048576K
}
Event: 10.290 GC heap before
{Heap before GC invocations=16 (full 3):
 PSYoungGen      total 466432K, used 451986K [0x0000000715580000, 0x0000000734a80000, 0x00000007c0000000)
  eden space 435200K, 100% used [0x0000000715580000,0x000000072fe80000,0x000000072fe80000)
  from space 31232K, 53% used [0x0000000731d00000,0x0000000732d649c8,0x0000000733b80000)
  to   space 31232K, 0% used [0x000000072fe80000,0x000000072fe80000,0x0000000731d00000)
 ParOldGen       total 501248K, used 70337K [0x00000005c0000000, 0x00000005de980000, 0x0000000715580000)
  object space 501248K, 14% used [0x00000005c0000000,0x00000005c44b04b0,0x00000005de980000)
 Metaspace       used 64120K, capacity 86416K, committed 86568K, reserved 1114112K
  class space    used 14782K, capacity 22024K, committed 22064K, reserved 1048576K
Event: 10.301 GC heap after
Heap after GC invocations=16 (full 3):
 PSYoungGen      total 466432K, used 21794K [0x0000000715580000, 0x0000000738b80000, 0x00000007c0000000)
  eden space 435200K, 0% used [0x0000000715580000,0x0000000715580000,0x000000072fe80000)
  from space 31232K, 69% used [0x000000072fe80000,0x00000007313c89d8,0x0000000731d00000)
  to   space 32768K, 0% used [0x0000000736b80000,0x0000000736b80000,0x0000000738b80000)
 ParOldGen       total 501248K, used 70345K [0x00000005c0000000, 0x00000005de980000, 0x0000000715580000)
  object space 501248K, 14% used [0x00000005c0000000,0x00000005c44b24b0,0x00000005de980000)
 Metaspace       used 64120K, capacity 86416K, committed 86568K, reserved 1114112K
  class space    used 14782K, capacity 22024K, committed 22064K, reserved 1048576K
}
Event: 10.580 GC heap before
{Heap before GC invocations=17 (full 3):
 PSYoungGen      total 466432K, used 456994K [0x0000000715580000, 0x0000000738b80000, 0x00000007c0000000)
  eden space 435200K, 100% used [0x0000000715580000,0x000000072fe80000,0x000000072fe80000)
  from space 31232K, 69% used [0x000000072fe80000,0x00000007313c89d8,0x0000000731d00000)
  to   space 32768K, 0% used [0x0000000736b80000,0x0000000736b80000,0x0000000738b80000)
 ParOldGen       total 501248K, used 70345K [0x00000005c0000000, 0x00000005de980000, 0x0000000715580000)
  object space 501248K, 14% used [0x00000005c0000000,0x00000005c44b24b0,0x00000005de980000)
 Metaspace       used 64208K, capacity 86500K, committed 86568K, reserved 1114112K
  class space    used 14782K, capacity 22024K, committed 22064K, reserved 1048576K
Event: 10.594 GC heap after
Heap after GC invocations=17 (full 3):
 PSYoungGen      total 544256K, used 26497K [0x0000000715580000, 0x000000073a280000, 0x00000007c0000000)
  eden space 511488K, 0% used [0x0000000715580000,0x0000000715580000,0x0000000734900000)
  from space 32768K, 80% used [0x0000000736b80000,0x0000000738560798,0x0000000738b80000)
  to   space 35328K, 0% used [0x0000000734900000,0x0000000734900000,0x0000000736b80000)
 ParOldGen       total 501248K, used 70353K [0x00000005c0000000, 0x00000005de980000, 0x0000000715580000)
  object space 501248K, 14% used [0x00000005c0000000,0x00000005c44b44b0,0x00000005de980000)
 Metaspace       used 64208K, capacity 86500K, committed 86568K, reserved 1114112K
  class space    used 14782K, capacity 22024K, committed 22064K, reserved 1048576K
}

Deoptimization events (10 events):
Event: 9.867 Thread 0x00007fbca5ff1800 Uncommon trap: reason=unloaded action=reinterpret pc=0x000000011a759e04 method=clojure.lang.RT.toArray(Ljava/lang/Object;)[Ljava/lang/Object; @ 47
Event: 9.909 Thread 0x00007fbca5ff1800 Uncommon trap: reason=unloaded action=reinterpret pc=0x0000000119ce29a4 method=clojure.data.json$_read.invokeStatic(Ljava/lang/Object;Ljava/lang/Object;Ljava/lang/Object;Ljava/lang/Object;)Ljava/lang/Object; @ 1394
Event: 10.040 Thread 0x00007fbc965c0800 Uncommon trap: reason=bimorphic action=maybe_recompile pc=0x000000011a65e798 method=manifold.deferred$unwrap_SINGLEQUOTE_.invokeStatic(Ljava/lang/Object;)Ljava/lang/Object; @ 14
Event: 10.040 Thread 0x00007fbc965c0800 Uncommon trap: reason=bimorphic action=maybe_recompile pc=0x000000011a65e798 method=manifold.deferred$unwrap_SINGLEQUOTE_.invokeStatic(Ljava/lang/Object;)Ljava/lang/Object; @ 14
Event: 10.040 Thread 0x00007fbc965c0800 Uncommon trap: reason=bimorphic action=maybe_recompile pc=0x000000011a65e798 method=manifold.deferred$unwrap_SINGLEQUOTE_.invokeStatic(Ljava/lang/Object;)Ljava/lang/Object; @ 14
Event: 10.040 Thread 0x00007fbc965c0800 Uncommon trap: reason=bimorphic action=maybe_recompile pc=0x000000011a5f5470 method=manifold.deferred$unwrap_SINGLEQUOTE_.invokeStatic(Ljava/lang/Object;)Ljava/lang/Object; @ 14
Event: 10.192 Thread 0x00007fbc965c0800 Uncommon trap: reason=class_check action=maybe_recompile pc=0x000000011a8973e8 method=io.netty.handler.codec.http.websocketx.WebSocket08FrameDecoder.decode(Lio/netty/channel/ChannelHandlerContext;Lio/netty/buffer/ByteBuf;Ljava/util/List;)V @ 69
Event: 10.195 Thread 0x00007fbc965c0800 Uncommon trap: reason=class_check action=maybe_recompile pc=0x000000011a8973e8 method=io.netty.handler.codec.http.websocketx.WebSocket08FrameDecoder.decode(Lio/netty/channel/ChannelHandlerContext;Lio/netty/buffer/ByteBuf;Ljava/util/List;)V @ 69
Event: 10.214 Thread 0x00007fbc965c0800 Uncommon trap: reason=class_check action=maybe_recompile pc=0x000000011a8973e8 method=io.netty.handler.codec.http.websocketx.WebSocket08FrameDecoder.decode(Lio/netty/channel/ChannelHandlerContext;Lio/netty/buffer/ByteBuf;Ljava/util/List;)V @ 69
Event: 10.241 Thread 0x00007fbc965c0800 Uncommon trap: reason=class_check action=maybe_recompile pc=0x000000011a8973e8 method=io.netty.handler.codec.http.websocketx.WebSocket08FrameDecoder.decode(Lio/netty/channel/ChannelHandlerContext;Lio/netty/buffer/ByteBuf;Ljava/util/List;)V @ 69

Internal exceptions (10 events):
Event: 9.410 Thread 0x00007fbc965c4000 Exception <a 'java/security/PrivilegedActionException'> (0x0000000722db0e80) thrown at [/HUDSON3/workspace/8-2-build-macosx-x86_64/jdk8u20/1074/hotspot/src/share/vm/prims/jvm.cpp, line 1275]
Event: 9.410 Thread 0x00007fbc965c4000 Exception <a 'java/security/PrivilegedActionException'> (0x0000000722dbd528) thrown at [/HUDSON3/workspace/8-2-build-macosx-x86_64/jdk8u20/1074/hotspot/src/share/vm/prims/jvm.cpp, line 1275]
Event: 9.416 Thread 0x00007fbca5ff1800 Exception <a 'java/security/PrivilegedActionException'> (0x00000007239514b8) thrown at [/HUDSON3/workspace/8-2-build-macosx-x86_64/jdk8u20/1074/hotspot/src/share/vm/prims/jvm.cpp, line 1275]
Event: 9.416 Thread 0x00007fbca5ff1800 Exception <a 'java/security/PrivilegedActionException'> (0x000000072395b450) thrown at [/HUDSON3/workspace/8-2-build-macosx-x86_64/jdk8u20/1074/hotspot/src/share/vm/prims/jvm.cpp, line 1275]
Event: 9.422 Thread 0x00007fbca5ff1800 Exception <a 'java/security/PrivilegedActionException'> (0x0000000723991690) thrown at [/HUDSON3/workspace/8-2-build-macosx-x86_64/jdk8u20/1074/hotspot/src/share/vm/prims/jvm.cpp, line 1275]
Event: 9.422 Thread 0x00007fbca5ff1800 Exception <a 'java/security/PrivilegedActionException'> (0x000000072399b070) thrown at [/HUDSON3/workspace/8-2-build-macosx-x86_64/jdk8u20/1074/hotspot/src/share/vm/prims/jvm.cpp, line 1275]
Event: 9.449 Thread 0x00007fbca5ff1800 Exception <a 'java/security/PrivilegedActionException'> (0x000000072465cc10) thrown at [/HUDSON3/workspace/8-2-build-macosx-x86_64/jdk8u20/1074/hotspot/src/share/vm/prims/jvm.cpp, line 1275]
Event: 9.626 Thread 0x00007fbca5815800 Exception <a 'java/lang/NullPointerException'> (0x0000000715c92300) thrown at [/HUDSON3/workspace/8-2-build-macosx-x86_64/jdk8u20/1074/hotspot/src/share/vm/interpreter/linkResolver.cpp, line 1166]
Event: 9.721 Thread 0x00007fbca5ff1800 Implicit null exception at 0x000000011a68e2fb to 0x000000011a68fe4d
Event: 9.722 Thread 0x00007fbca5ff1800 Implicit null exception at 0x000000011a69369b to 0x000000011a6951fd

Events (10 events):
Event: 10.241 Thread 0x00007fbc965c0800 DEOPT PACKING pc=0x000000011a8973e8 sp=0x000070001029ab10
Event: 10.241 Thread 0x00007fbc965c0800 DEOPT UNPACKING pc=0x0000000118e9cf69 sp=0x000070001029ab10 mode 2
Event: 10.255 Executing VM operation: ForceSafepoint
Event: 10.256 Executing VM operation: ForceSafepoint done
Event: 10.290 Executing VM operation: ParallelGCFailedAllocation
Event: 10.301 Executing VM operation: ParallelGCFailedAllocation done
Event: 10.580 Executing VM operation: ParallelGCFailedAllocation
Event: 10.594 Executing VM operation: ParallelGCFailedAllocation done
Event: 10.611 Thread 0x00007fbc965c0800 DEOPT PACKING pc=0x000000011a55635b sp=0x000070001029a3f0
Event: 10.611 Thread 0x00007fbc965c0800 DEOPT UNPACKING pc=0x0000000118edf373 sp=0x000070001029a0c0 mode 0


Dynamic libraries:
0x000000000020d000 	/System/Library/Frameworks/Cocoa.framework/Versions/A/Cocoa
0x000000000020d000 	/System/Library/Frameworks/Security.framework/Versions/A/Security
0x000000000020d000 	/System/Library/Frameworks/ApplicationServices.framework/Versions/A/ApplicationServices
0x000000000020d000 	/usr/lib/libz.1.dylib
0x000000000020d000 	/usr/lib/libSystem.B.dylib
0x000000000020d000 	/usr/lib/libobjc.A.dylib
0x000000000020d000 	/System/Library/Frameworks/CoreFoundation.framework/Versions/A/CoreFoundation
0x000000000020d000 	/System/Library/Frameworks/Foundation.framework/Versions/C/Foundation
0x000000000020d000 	/System/Library/Frameworks/AppKit.framework/Versions/C/AppKit
0x000000000020d000 	/System/Library/Frameworks/CoreData.framework/Versions/A/CoreData
0x000000000020d000 	/System/Library/PrivateFrameworks/UIFoundation.framework/Versions/A/UIFoundation
0x000000000020d000 	/System/Library/PrivateFrameworks/RemoteViewServices.framework/Versions/A/RemoteViewServices
0x000000000020d000 	/System/Library/PrivateFrameworks/XCTTargetBootstrap.framework/Versions/A/XCTTargetBootstrap
0x000000000020d000 	/usr/lib/libspindump.dylib
0x000000000020d000 	/System/Library/Frameworks/UniformTypeIdentifiers.framework/Versions/A/UniformTypeIdentifiers
0x000000000020d000 	/usr/lib/libapp_launch_measurement.dylib
0x000000000020d000 	/System/Library/PrivateFrameworks/CoreAutoLayout.framework/Versions/A/CoreAutoLayout
0x000000000020d000 	/System/Library/Frameworks/Metal.framework/Versions/A/Metal
0x000000000020d000 	/usr/lib/liblangid.dylib
0x000000000020d000 	/System/Library/PrivateFrameworks/CoreSVG.framework/Versions/A/CoreSVG
0x000000000020d000 	/System/Library/PrivateFrameworks/SkyLight.framework/Versions/A/SkyLight
0x000000000020d000 	/System/Library/Frameworks/CoreGraphics.framework/Versions/A/CoreGraphics
0x000000000020d000 	/System/Library/Frameworks/Accelerate.framework/Versions/A/Accelerate
0x000000000020d000 	/System/Library/PrivateFrameworks/IconServices.framework/Versions/A/IconServices
0x000000000020d000 	/System/Library/Frameworks/IOSurface.framework/Versions/A/IOSurface
0x000000000020d000 	/usr/lib/libDiagnosticMessagesClient.dylib
0x000000000020d000 	/System/Library/PrivateFrameworks/DFRFoundation.framework/Versions/A/DFRFoundation
0x000000000020d000 	/usr/lib/libicucore.A.dylib
0x000000000020d000 	/System/Library/Frameworks/AudioToolbox.framework/Versions/A/AudioToolbox
0x000000000020d000 	/System/Library/PrivateFrameworks/DataDetectorsCore.framework/Versions/A/DataDetectorsCore
0x000000000020d000 	/usr/lib/libMobileGestalt.dylib
0x000000000020d000 	/System/Library/Frameworks/Carbon.framework/Versions/A/Frameworks/HIToolbox.framework/Versions/A/HIToolbox
0x000000000020d000 	/System/Library/Frameworks/QuartzCore.framework/Versions/A/QuartzCore
0x000000000020d000 	/System/Library/Frameworks/Carbon.framework/Versions/A/Frameworks/SpeechRecognition.framework/Versions/A/SpeechRecognition
0x000000000020d000 	/System/Library/PrivateFrameworks/CoreUI.framework/Versions/A/CoreUI
0x000000000020d000 	/System/Library/Frameworks/CoreAudio.framework/Versions/A/CoreAudio
0x000000000020d000 	/System/Library/Frameworks/DiskArbitration.framework/Versions/A/DiskArbitration
0x000000000020d000 	/System/Library/PrivateFrameworks/MultitouchSupport.framework/Versions/A/MultitouchSupport
0x000000000020d000 	/System/Library/PrivateFrameworks/InternationalSupport.framework/Versions/A/InternationalSupport
0x000000000020d000 	/usr/lib/libenergytrace.dylib
0x000000000020d000 	/System/Library/Frameworks/IOKit.framework/Versions/A/IOKit
0x000000000020d000 	/System/Library/Frameworks/CoreServices.framework/Versions/A/CoreServices
0x000000000020d000 	/System/Library/PrivateFrameworks/PerformanceAnalysis.framework/Versions/A/PerformanceAnalysis
0x000000000020d000 	/System/Library/Frameworks/OpenGL.framework/Versions/A/OpenGL
0x000000000020d000 	/System/Library/PrivateFrameworks/UserActivity.framework/Versions/A/UserActivity
0x000000000020d000 	/System/Library/Frameworks/ColorSync.framework/Versions/A/ColorSync
0x000000000020d000 	/System/Library/Frameworks/CoreImage.framework/Versions/A/CoreImage
0x000000000020d000 	/System/Library/Frameworks/CoreText.framework/Versions/A/CoreText
0x000000000020d000 	/System/Library/Frameworks/ImageIO.framework/Versions/A/ImageIO
0x000000000020d000 	/System/Library/PrivateFrameworks/SoftLinking.framework/Versions/A/SoftLinking
0x000000000020d000 	/usr/lib/libxml2.2.dylib
0x000000000020d000 	/usr/lib/libc++.1.dylib
0x000000000020d000 	/usr/lib/libcompression.dylib
0x000000000020d000 	/System/Library/PrivateFrameworks/TextureIO.framework/Versions/A/TextureIO
0x000000000020d000 	/usr/lib/libate.dylib
0x000000000020d000 	/usr/lib/system/libcache.dylib
0x000000000020d000 	/usr/lib/system/libcommonCrypto.dylib
0x000000000020d000 	/usr/lib/system/libcompiler_rt.dylib
0x000000000020d000 	/usr/lib/system/libcopyfile.dylib
0x000000000020d000 	/usr/lib/system/libcorecrypto.dylib
0x000000000020d000 	/usr/lib/system/libdispatch.dylib
0x000000000020d000 	/usr/lib/system/libdyld.dylib
0x000000000020d000 	/usr/lib/system/libkeymgr.dylib
0x000000000020d000 	/usr/lib/system/liblaunch.dylib
0x000000000020d000 	/usr/lib/system/libmacho.dylib
0x000000000020d000 	/usr/lib/system/libquarantine.dylib
0x000000000020d000 	/usr/lib/system/libremovefile.dylib
0x000000000020d000 	/usr/lib/system/libsystem_asl.dylib
0x000000000020d000 	/usr/lib/system/libsystem_blocks.dylib
0x000000000020d000 	/usr/lib/system/libsystem_c.dylib
0x000000000020d000 	/usr/lib/system/libsystem_collections.dylib
0x000000000020d000 	/usr/lib/system/libsystem_configuration.dylib
0x000000000020d000 	/usr/lib/system/libsystem_containermanager.dylib
0x000000000020d000 	/usr/lib/system/libsystem_coreservices.dylib
0x000000000020d000 	/usr/lib/system/libsystem_darwin.dylib
0x000000000020d000 	/usr/lib/system/libsystem_dnssd.dylib
0x000000000020d000 	/usr/lib/system/libsystem_featureflags.dylib
0x000000000020d000 	/usr/lib/system/libsystem_info.dylib
0x000000000020d000 	/usr/lib/system/libsystem_m.dylib
0x000000000020d000 	/usr/lib/system/libsystem_malloc.dylib
0x000000000020d000 	/usr/lib/system/libsystem_networkextension.dylib
0x000000000020d000 	/usr/lib/system/libsystem_notify.dylib
0x000000000020d000 	/usr/lib/system/libsystem_product_info_filter.dylib
0x000000000020d000 	/usr/lib/system/libsystem_sandbox.dylib
0x000000000020d000 	/usr/lib/system/libsystem_secinit.dylib
0x000000000020d000 	/usr/lib/system/libsystem_kernel.dylib
0x000000000020d000 	/usr/lib/system/libsystem_platform.dylib
0x000000000020d000 	/usr/lib/system/libsystem_pthread.dylib
0x000000000020d000 	/usr/lib/system/libsystem_symptoms.dylib
0x000000000020d000 	/usr/lib/system/libsystem_trace.dylib
0x000000000020d000 	/usr/lib/system/libunwind.dylib
0x000000000020d000 	/usr/lib/system/libxpc.dylib
0x000000000020d000 	/usr/lib/libc++abi.dylib
0x000000000020d000 	/usr/lib/liboah.dylib
0x000000000020d000 	/usr/lib/liblzma.5.dylib
0x000000000020d000 	/System/Library/Frameworks/SystemConfiguration.framework/Versions/A/SystemConfiguration
0x000000000020d000 	/usr/lib/libfakelink.dylib
0x000000000020d000 	/System/Library/Frameworks/CFNetwork.framework/Versions/A/CFNetwork
0x000000000020d000 	/usr/lib/libarchive.2.dylib
0x000000000020d000 	/usr/lib/libCRFSuite.dylib
0x000000000020d000 	/usr/lib/libbsm.0.dylib
0x000000000020d000 	/usr/lib/libnetwork.dylib
0x000000000020d000 	/usr/lib/libpcap.A.dylib
0x000000000020d000 	/usr/lib/libdns_services.dylib
0x000000000020d000 	/usr/lib/libcoretls_cfhelpers.dylib
0x000000000020d000 	/usr/lib/libapple_nghttp2.dylib
0x000000000020d000 	/usr/lib/system/libkxld.dylib
0x000000000020d000 	/usr/lib/libsqlite3.dylib
0x000000000020d000 	/System/Library/PrivateFrameworks/AppleFSCompression.framework/Versions/A/AppleFSCompression
0x000000000020d000 	/usr/lib/libcoretls.dylib
0x000000000020d000 	/usr/lib/libpam.2.dylib
0x000000000020d000 	/usr/lib/libxar.1.dylib
0x000000000020d000 	/System/Library/PrivateFrameworks/AppleSystemInfo.framework/Versions/A/AppleSystemInfo
0x000000000020d000 	/System/Library/PrivateFrameworks/IOMobileFramebuffer.framework/Versions/A/IOMobileFramebuffer
0x000000000020d000 	/usr/lib/libbz2.1.0.dylib
0x000000000020d000 	/usr/lib/libiconv.2.dylib
0x000000000020d000 	/usr/lib/libcharset.1.dylib
0x000000000020d000 	/System/Library/Frameworks/CoreServices.framework/Versions/A/Frameworks/FSEvents.framework/Versions/A/FSEvents
0x000000000020d000 	/System/Library/Frameworks/CoreServices.framework/Versions/A/Frameworks/CarbonCore.framework/Versions/A/CarbonCore
0x000000000020d000 	/System/Library/Frameworks/CoreServices.framework/Versions/A/Frameworks/Metadata.framework/Versions/A/Metadata
0x000000000020d000 	/System/Library/Frameworks/CoreServices.framework/Versions/A/Frameworks/OSServices.framework/Versions/A/OSServices
0x000000000020d000 	/System/Library/Frameworks/CoreServices.framework/Versions/A/Frameworks/SearchKit.framework/Versions/A/SearchKit
0x000000000020d000 	/System/Library/Frameworks/CoreServices.framework/Versions/A/Frameworks/AE.framework/Versions/A/AE
0x000000000020d000 	/System/Library/Frameworks/CoreServices.framework/Versions/A/Frameworks/LaunchServices.framework/Versions/A/LaunchServices
0x000000000020d000 	/System/Library/Frameworks/CoreServices.framework/Versions/A/Frameworks/DictionaryServices.framework/Versions/A/DictionaryServices
0x000000000020d000 	/System/Library/Frameworks/CoreServices.framework/Versions/A/Frameworks/SharedFileList.framework/Versions/A/SharedFileList
0x000000000020d000 	/usr/lib/libCheckFix.dylib
0x000000000020d000 	/System/Library/PrivateFrameworks/TCC.framework/Versions/A/TCC
0x000000000020d000 	/System/Library/PrivateFrameworks/CoreNLP.framework/Versions/A/CoreNLP
0x000000000020d000 	/System/Library/PrivateFrameworks/MetadataUtilities.framework/Versions/A/MetadataUtilities
0x000000000020d000 	/usr/lib/libmecabra.dylib
0x000000000020d000 	/System/Library/Frameworks/MLCompute.framework/Versions/A/MLCompute
0x000000000020d000 	/usr/lib/libmecab.dylib
0x000000000020d000 	/usr/lib/libgermantok.dylib
0x000000000020d000 	/usr/lib/libThaiTokenizer.dylib
0x000000000020d000 	/usr/lib/libChineseTokenizer.dylib
0x000000000020d000 	/System/Library/Frameworks/MetalPerformanceShaders.framework/Versions/A/MetalPerformanceShaders
0x000000000020d000 	/System/Library/Frameworks/Accelerate.framework/Versions/A/Frameworks/vImage.framework/Versions/A/vImage
0x000000000020d000 	/System/Library/Frameworks/Accelerate.framework/Versions/A/Frameworks/vecLib.framework/Versions/A/vecLib
0x000000000020d000 	/System/Library/Frameworks/Accelerate.framework/Versions/A/Frameworks/vecLib.framework/Versions/A/libvMisc.dylib
0x000000000020d000 	/System/Library/Frameworks/Accelerate.framework/Versions/A/Frameworks/vecLib.framework/Versions/A/libvDSP.dylib
0x000000000020d000 	/System/Library/Frameworks/Accelerate.framework/Versions/A/Frameworks/vecLib.framework/Versions/A/libBLAS.dylib
0x000000000020d000 	/System/Library/Frameworks/Accelerate.framework/Versions/A/Frameworks/vecLib.framework/Versions/A/libLAPACK.dylib
0x000000000020d000 	/System/Library/Frameworks/Accelerate.framework/Versions/A/Frameworks/vecLib.framework/Versions/A/libLinearAlgebra.dylib
0x000000000020d000 	/System/Library/Frameworks/Accelerate.framework/Versions/A/Frameworks/vecLib.framework/Versions/A/libSparseBLAS.dylib
0x000000000020d000 	/System/Library/Frameworks/Accelerate.framework/Versions/A/Frameworks/vecLib.framework/Versions/A/libQuadrature.dylib
0x000000000020d000 	/System/Library/Frameworks/Accelerate.framework/Versions/A/Frameworks/vecLib.framework/Versions/A/libBNNS.dylib
0x000000000020d000 	/System/Library/Frameworks/Accelerate.framework/Versions/A/Frameworks/vecLib.framework/Versions/A/libSparse.dylib
0x000000000020d000 	/System/Library/Frameworks/MetalPerformanceShaders.framework/Versions/A/Frameworks/MPSCore.framework/Versions/A/MPSCore
0x000000000020d000 	/System/Library/Frameworks/MetalPerformanceShaders.framework/Versions/A/Frameworks/MPSImage.framework/Versions/A/MPSImage
0x000000000020d000 	/System/Library/Frameworks/MetalPerformanceShaders.framework/Versions/A/Frameworks/MPSNeuralNetwork.framework/Versions/A/MPSNeuralNetwork
0x000000000020d000 	/System/Library/Frameworks/MetalPerformanceShaders.framework/Versions/A/Frameworks/MPSMatrix.framework/Versions/A/MPSMatrix
0x000000000020d000 	/System/Library/Frameworks/MetalPerformanceShaders.framework/Versions/A/Frameworks/MPSRayIntersector.framework/Versions/A/MPSRayIntersector
0x000000000020d000 	/System/Library/Frameworks/MetalPerformanceShaders.framework/Versions/A/Frameworks/MPSNDArray.framework/Versions/A/MPSNDArray
0x000000000020d000 	/System/Library/PrivateFrameworks/MetalTools.framework/Versions/A/MetalTools
0x000000000020d000 	/System/Library/PrivateFrameworks/AggregateDictionary.framework/Versions/A/AggregateDictionary
0x000000000020d000 	/System/Library/PrivateFrameworks/CoreAnalytics.framework/Versions/A/CoreAnalytics
0x000000000020d000 	/System/Library/PrivateFrameworks/AppleSauce.framework/Versions/A/AppleSauce
0x000000000020d000 	/System/Library/PrivateFrameworks/IOAccelerator.framework/Versions/A/IOAccelerator
0x000000000020d000 	/System/Library/Frameworks/OpenGL.framework/Versions/A/Libraries/libCoreFSCache.dylib
0x000000000020d000 	/System/Library/PrivateFrameworks/LanguageModeling.framework/Versions/A/LanguageModeling
0x000000000020d000 	/System/Library/PrivateFrameworks/CoreEmoji.framework/Versions/A/CoreEmoji
0x000000000020d000 	/System/Library/PrivateFrameworks/LinguisticData.framework/Versions/A/LinguisticData
0x000000000020d000 	/System/Library/PrivateFrameworks/Lexicon.framework/Versions/A/Lexicon
0x000000000020d000 	/usr/lib/libcmph.dylib
0x000000000020d000 	/System/Library/Frameworks/OpenDirectory.framework/Versions/A/Frameworks/CFOpenDirectory.framework/Versions/A/CFOpenDirectory
0x000000000020d000 	/System/Library/Frameworks/OpenDirectory.framework/Versions/A/OpenDirectory
0x000000000020d000 	/System/Library/PrivateFrameworks/APFS.framework/Versions/A/APFS
0x000000000020d000 	/System/Library/Frameworks/SecurityFoundation.framework/Versions/A/SecurityFoundation
0x000000000020d000 	/usr/lib/libutil.dylib
0x000000000020d000 	/System/Library/PrivateFrameworks/CoreServicesStore.framework/Versions/A/CoreServicesStore
0x000000000020d000 	/System/Library/Frameworks/ServiceManagement.framework/Versions/A/ServiceManagement
0x000000000020d000 	/usr/lib/libxslt.1.dylib
0x000000000020d000 	/System/Library/PrivateFrameworks/BackgroundTaskManagement.framework/Versions/A/BackgroundTaskManagement
0x000000000020d000 	/System/Library/Frameworks/ImageIO.framework/Versions/A/Resources/libRadiance.dylib
0x000000000020d000 	/System/Library/Frameworks/ImageIO.framework/Versions/A/Resources/libJPEG.dylib
0x000000000020d000 	/System/Library/Frameworks/ImageIO.framework/Versions/A/Resources/libPng.dylib
0x000000000020d000 	/System/Library/Frameworks/ImageIO.framework/Versions/A/Resources/libTIFF.dylib
0x000000000020d000 	/System/Library/Frameworks/ImageIO.framework/Versions/A/Resources/libGIF.dylib
0x000000000020d000 	/System/Library/Frameworks/ImageIO.framework/Versions/A/Resources/libJP2.dylib
0x000000000020d000 	/usr/lib/libexpat.1.dylib
0x000000000020d000 	/System/Library/PrivateFrameworks/AppleJPEG.framework/Versions/A/AppleJPEG
0x000000000020d000 	/System/Library/PrivateFrameworks/FontServices.framework/libFontParser.dylib
0x000000000020d000 	/System/Library/PrivateFrameworks/RunningBoardServices.framework/Versions/A/RunningBoardServices
0x000000000020d000 	/System/Library/PrivateFrameworks/WatchdogClient.framework/Versions/A/WatchdogClient
0x000000000020d000 	/System/Library/Frameworks/CoreDisplay.framework/Versions/A/CoreDisplay
0x000000000020d000 	/System/Library/Frameworks/CoreMedia.framework/Versions/A/CoreMedia
0x000000000020d000 	/System/Library/Frameworks/CoreVideo.framework/Versions/A/CoreVideo
0x000000000020d000 	/System/Library/Frameworks/VideoToolbox.framework/Versions/A/VideoToolbox
0x000000000020d000 	/System/Library/PrivateFrameworks/BaseBoard.framework/Versions/A/BaseBoard
0x000000000020d000 	/System/Library/PrivateFrameworks/PersistentConnection.framework/Versions/A/PersistentConnection
0x000000000020d000 	/System/Library/PrivateFrameworks/ProtocolBuffer.framework/Versions/A/ProtocolBuffer
0x000000000020d000 	/System/Library/PrivateFrameworks/CommonUtilities.framework/Versions/A/CommonUtilities
0x000000000020d000 	/System/Library/PrivateFrameworks/Bom.framework/Versions/A/Bom
0x000000000020d000 	/System/Library/PrivateFrameworks/GPUWrangler.framework/Versions/A/GPUWrangler
0x000000000020d000 	/System/Library/PrivateFrameworks/IOPresentment.framework/Versions/A/IOPresentment
0x000000000020d000 	/System/Library/PrivateFrameworks/DSExternalDisplay.framework/Versions/A/DSExternalDisplay
0x000000000020d000 	/System/Library/PrivateFrameworks/CMCaptureCore.framework/Versions/A/CMCaptureCore
0x000000000020d000 	/System/Library/PrivateFrameworks/AppServerSupport.framework/Versions/A/AppServerSupport
0x000000000020d000 	/System/Library/PrivateFrameworks/perfdata.framework/Versions/A/perfdata
0x000000000020d000 	/System/Library/PrivateFrameworks/AssertionServices.framework/Versions/A/AssertionServices
0x000000000020d000 	/System/Library/PrivateFrameworks/AudioToolboxCore.framework/Versions/A/AudioToolboxCore
0x000000000020d000 	/System/Library/PrivateFrameworks/caulk.framework/Versions/A/caulk
0x000000000020d000 	/System/Library/PrivateFrameworks/SystemPolicy.framework/Versions/A/SystemPolicy
0x000000000020d000 	/usr/lib/libIOReport.dylib
0x000000000020d000 	/usr/lib/libSMC.dylib
0x000000000020d000 	/usr/lib/libAudioToolboxUtility.dylib
0x000000000020d000 	/usr/lib/libmis.dylib
0x000000000020d000 	/System/Library/Frameworks/OpenGL.framework/Versions/A/Libraries/libGLU.dylib
0x000000000020d000 	/System/Library/Frameworks/OpenGL.framework/Versions/A/Libraries/libGFXShared.dylib
0x000000000020d000 	/System/Library/Frameworks/OpenGL.framework/Versions/A/Libraries/libGL.dylib
0x000000000020d000 	/System/Library/Frameworks/OpenGL.framework/Versions/A/Libraries/libGLImage.dylib
0x000000000020d000 	/System/Library/Frameworks/OpenGL.framework/Versions/A/Libraries/libCVMSPluginSupport.dylib
0x000000000020d000 	/System/Library/Frameworks/OpenGL.framework/Versions/A/Libraries/libCoreVMClient.dylib
0x000000000020d000 	/System/Library/Frameworks/OpenCL.framework/Versions/A/OpenCL
0x000000000020d000 	/System/Library/PrivateFrameworks/GraphVisualizer.framework/Versions/A/GraphVisualizer
0x000000000020d000 	/System/Library/PrivateFrameworks/FaceCore.framework/Versions/A/FaceCore
0x000000000020d000 	/System/Library/PrivateFrameworks/OTSVG.framework/Versions/A/OTSVG
0x000000000020d000 	/System/Library/Frameworks/ApplicationServices.framework/Versions/A/Frameworks/ATS.framework/Versions/A/Resources/libFontRegistry.dylib
0x000000000020d000 	/System/Library/PrivateFrameworks/FontServices.framework/libhvf.dylib
0x000000000020d000 	/System/Library/PrivateFrameworks/AppleVA.framework/Versions/A/AppleVA
0x000000000020d000 	/System/Library/Frameworks/ApplicationServices.framework/Versions/A/Frameworks/ATS.framework/Versions/A/ATS
0x000000000020d000 	/System/Library/Frameworks/ApplicationServices.framework/Versions/A/Frameworks/ColorSyncLegacy.framework/Versions/A/ColorSyncLegacy
0x000000000020d000 	/System/Library/Frameworks/ApplicationServices.framework/Versions/A/Frameworks/HIServices.framework/Versions/A/HIServices
0x000000000020d000 	/System/Library/Frameworks/ApplicationServices.framework/Versions/A/Frameworks/LangAnalysis.framework/Versions/A/LangAnalysis
0x000000000020d000 	/System/Library/Frameworks/ApplicationServices.framework/Versions/A/Frameworks/PrintCore.framework/Versions/A/PrintCore
0x000000000020d000 	/System/Library/Frameworks/ApplicationServices.framework/Versions/A/Frameworks/QD.framework/Versions/A/QD
0x000000000020d000 	/System/Library/Frameworks/ApplicationServices.framework/Versions/A/Frameworks/SpeechSynthesis.framework/Versions/A/SpeechSynthesis
0x000000000020d000 	/System/Library/Frameworks/ApplicationServices.framework/Versions/A/Frameworks/ATSUI.framework/Versions/A/ATSUI
0x000000000020d000 	/usr/lib/libcups.2.dylib
0x000000000020d000 	/System/Library/PrivateFrameworks/NetAuth.framework/Versions/A/NetAuth
0x000000000020d000 	/System/Library/Frameworks/Kerberos.framework/Versions/A/Kerberos
0x000000000020d000 	/System/Library/Frameworks/GSS.framework/Versions/A/GSS
0x000000000020d000 	/usr/lib/libresolv.9.dylib
0x000000000020d000 	/System/Library/PrivateFrameworks/Heimdal.framework/Versions/A/Heimdal
0x000000000020d000 	/System/Library/Frameworks/Kerberos.framework/Versions/A/Libraries/libHeimdalProxy.dylib
0x000000000020d000 	/System/Library/Frameworks/Network.framework/Versions/A/Network
0x000000000020d000 	/usr/lib/libheimdal-asn1.dylib
0x000000000020d000 	/System/Library/PrivateFrameworks/CommonAuth.framework/Versions/A/CommonAuth
0x000000000020d000 	/System/Library/PrivateFrameworks/login.framework/Versions/A/Frameworks/loginsupport.framework/Versions/A/loginsupport
0x000000000020d000 	/System/Library/PrivateFrameworks/AudioSession.framework/Versions/A/AudioSession
0x000000000020d000 	/usr/lib/libAudioStatistics.dylib
0x000000000020d000 	/System/Library/PrivateFrameworks/MediaExperience.framework/Versions/A/MediaExperience
0x000000000020d000 	/System/Library/PrivateFrameworks/AudioSession.framework/libSessionUtility.dylib
0x000000000020d000 	/usr/lib/libperfcheck.dylib
0x000000000020d000 	/System/Library/PrivateFrameworks/AudioResourceArbitration.framework/Versions/A/AudioResourceArbitration
0x000000000020d000 	/System/Library/PrivateFrameworks/IconFoundation.framework/Versions/A/IconFoundation
0x000000000020d000 	/System/Library/PrivateFrameworks/SpeechRecognitionCore.framework/Versions/A/SpeechRecognitionCore
0x0000000117f7d000 	/Library/Java/JavaVirtualMachines/jdk1.8.0_20.jdk/Contents/Home/jre/lib/server/libjvm.dylib
0x000000000020d000 	/usr/lib/libstdc++.6.dylib
0x000000010e96e000 	/Library/Java/JavaVirtualMachines/jdk1.8.0_20.jdk/Contents/Home/jre/lib/libverify.dylib
0x000000010e97c000 	/Library/Java/JavaVirtualMachines/jdk1.8.0_20.jdk/Contents/Home/jre/lib/libjava.dylib
0x000000010e9b1000 	/Library/Java/JavaVirtualMachines/jdk1.8.0_20.jdk/Contents/Home/jre/lib/libinstrument.dylib
0x000000010ea1d000 	/Library/Java/JavaVirtualMachines/jdk1.8.0_20.jdk/Contents/Home/jre/lib/libzip.dylib
0x000000000020d000 	/System/Library/Frameworks/JavaRuntimeSupport.framework/Versions/A/JavaRuntimeSupport
0x000000000020d000 	/System/Library/Frameworks/Carbon.framework/Versions/A/Carbon
0x000000000020d000 	/System/Library/PrivateFrameworks/CoreSymbolication.framework/Versions/A/CoreSymbolication
0x000000000020d000 	/System/Library/Frameworks/Carbon.framework/Versions/A/Frameworks/CommonPanels.framework/Versions/A/CommonPanels
0x000000000020d000 	/System/Library/Frameworks/Carbon.framework/Versions/A/Frameworks/Help.framework/Versions/A/Help
0x000000000020d000 	/System/Library/Frameworks/Carbon.framework/Versions/A/Frameworks/ImageCapture.framework/Versions/A/ImageCapture
0x000000000020d000 	/System/Library/Frameworks/Carbon.framework/Versions/A/Frameworks/OpenScripting.framework/Versions/A/OpenScripting
0x000000000020d000 	/System/Library/Frameworks/Carbon.framework/Versions/A/Frameworks/Ink.framework/Versions/A/Ink
0x000000000020d000 	/System/Library/Frameworks/Carbon.framework/Versions/A/Frameworks/Print.framework/Versions/A/Print
0x000000000020d000 	/System/Library/Frameworks/Carbon.framework/Versions/A/Frameworks/SecurityHI.framework/Versions/A/SecurityHI
0x000000000020d000 	/System/Library/PrivateFrameworks/DebugSymbols.framework/Versions/A/DebugSymbols
0x0000000117dd3000 	/Library/Java/JavaVirtualMachines/jdk1.8.0_20.jdk/Contents/Home/jre/lib/libnet.dylib
0x000000013ce38000 	/Library/Java/JavaVirtualMachines/jdk1.8.0_20.jdk/Contents/Home/jre/lib/libawt.dylib
0x000000013cee7000 	/Library/Java/JavaVirtualMachines/jdk1.8.0_20.jdk/Contents/Home/jre/lib/libmlib_image.dylib
0x000000000020d000 	/System/Library/Frameworks/JavaNativeFoundation.framework/Versions/A/JavaNativeFoundation
0x000000013cfb3000 	/Library/Java/JavaVirtualMachines/jdk1.8.0_20.jdk/Contents/Home/jre/lib/libawt_lwawt.dylib
0x0000000117e15000 	/Library/Java/JavaVirtualMachines/jdk1.8.0_20.jdk/Contents/Home/jre/lib/libosxapp.dylib
0x000000000020d000 	/System/Library/Frameworks/ExceptionHandling.framework/Versions/A/ExceptionHandling
0x000000000020d000 	/System/Library/PrivateFrameworks/CoreServicesInternal.framework/Versions/A/CoreServicesInternal
0x000000000020d000 	/System/Library/Frameworks/FileProvider.framework/Versions/A/FileProvider
0x000000000020d000 	/System/Library/Frameworks/Accounts.framework/Versions/A/Accounts
0x000000000020d000 	/System/Library/PrivateFrameworks/GenerationalStorage.framework/Versions/A/GenerationalStorage
0x000000000020d000 	/System/Library/PrivateFrameworks/SymptomDiagnosticReporter.framework/Versions/A/SymptomDiagnosticReporter
0x000000000020d000 	/System/Library/PrivateFrameworks/DesktopServicesPriv.framework/Versions/A/DesktopServicesPriv
0x000000000020d000 	/usr/lib/libsandbox.1.dylib
0x000000000020d000 	/System/Library/PrivateFrameworks/UserManagement.framework/Versions/A/UserManagement
0x000000000020d000 	/System/Library/PrivateFrameworks/MobileKeyBag.framework/Versions/A/MobileKeyBag
0x000000000020d000 	/System/Library/PrivateFrameworks/ChunkingLibrary.framework/Versions/A/ChunkingLibrary
0x000000000020d000 	/System/Library/PrivateFrameworks/Sharing.framework/Versions/A/Sharing
0x000000000020d000 	/System/Library/PrivateFrameworks/Apple80211.framework/Versions/A/Apple80211
0x000000000020d000 	/System/Library/PrivateFrameworks/AuthKit.framework/Versions/A/AuthKit
0x000000000020d000 	/System/Library/PrivateFrameworks/CoreUtils.framework/Versions/A/CoreUtils
0x000000000020d000 	/System/Library/Frameworks/CoreWLAN.framework/Versions/A/CoreWLAN
0x000000000020d000 	/System/Library/Frameworks/IOBluetooth.framework/Versions/A/IOBluetooth
0x000000000020d000 	/System/Library/PrivateFrameworks/CoreWiFi.framework/Versions/A/CoreWiFi
0x000000000020d000 	/System/Library/PrivateFrameworks/CorePhoneNumbers.framework/Versions/A/CorePhoneNumbers
0x000000000020d000 	/System/Library/PrivateFrameworks/DiskManagement.framework/Versions/A/DiskManagement
0x000000000020d000 	/System/Library/PrivateFrameworks/AppleIDAuthSupport.framework/Versions/A/AppleIDAuthSupport
0x000000000020d000 	/System/Library/PrivateFrameworks/KeychainCircle.framework/Versions/A/KeychainCircle
0x000000000020d000 	/System/Library/PrivateFrameworks/MediaKit.framework/Versions/A/MediaKit
0x000000000020d000 	/System/Library/Frameworks/DiscRecording.framework/Versions/A/DiscRecording
0x000000000020d000 	/usr/lib/libCoreStorage.dylib
0x000000000020d000 	/usr/lib/libcsfde.dylib
0x000000000020d000 	/System/Library/PrivateFrameworks/ProtectedCloudStorage.framework/Versions/A/ProtectedCloudStorage
0x000000000020d000 	/System/Library/PrivateFrameworks/EFILogin.framework/Versions/A/EFILogin
0x000000000020d000 	/System/Library/Frameworks/AudioUnit.framework/Versions/A/AudioUnit
0x000000000020d000 	/System/Library/Frameworks/CoreBluetooth.framework/Versions/A/CoreBluetooth
0x000000000020d000 	/usr/lib/libMatch.1.dylib
0x000000000020d000 	/System/Library/CoreServices/RawCamera.bundle/Contents/MacOS/RawCamera
0x000000000020d000 	/System/Library/PrivateFrameworks/MobileAsset.framework/Versions/A/MobileAsset
0x000000000020d000 	/System/Library/PrivateFrameworks/StreamingZip.framework/Versions/A/StreamingZip
0x000000000020d000 	/System/Library/Frameworks/MediaToolbox.framework/Versions/A/MediaToolbox
0x000000000020d000 	/System/Library/PrivateFrameworks/CoreAVCHD.framework/Versions/A/CoreAVCHD
0x000000000020d000 	/System/Library/Frameworks/MediaAccessibility.framework/Versions/A/MediaAccessibility
0x000000000020d000 	/System/Library/PrivateFrameworks/Mangrove.framework/Versions/A/Mangrove
0x000000000020d000 	/System/Library/PrivateFrameworks/AlgosScoreFramework.framework/Versions/A/AlgosScoreFramework
0x000000000020d000 	/System/Library/PrivateFrameworks/AppleVPA.framework/Versions/A/AppleVPA
0x000000000020d000 	/System/Library/PrivateFrameworks/CoreAUC.framework/Versions/A/CoreAUC
0x000000000020d000 	/System/Library/Frameworks/Accelerate.framework/Versions/A/Frameworks/vImage.framework/Versions/A/Libraries/libCGInterfaces.dylib
0x000000013f08c000 	/usr/lib/libobjc-trampolines.dylib
0x000000000020d000 	/System/Library/PrivateFrameworks/FamilyControls.framework/Versions/A/FamilyControls
0x000000000020d000 	/System/Library/PrivateFrameworks/CommerceKit.framework/Versions/A/Frameworks/CommerceCore.framework/Versions/A/CommerceCore
0x000000000020d000 	/System/Library/PrivateFrameworks/SystemAdministration.framework/Versions/A/SystemAdministration
0x000000000020d000 	/System/Library/PrivateFrameworks/AppContainer.framework/Versions/A/AppContainer
0x000000000020d000 	/System/Library/PrivateFrameworks/SecCodeWrapper.framework/Versions/A/SecCodeWrapper
0x000000000020d000 	/System/Library/PrivateFrameworks/CrashReporterSupport.framework/Versions/A/CrashReporterSupport
0x000000000020d000 	/System/Library/PrivateFrameworks/OSAnalytics.framework/Versions/A/OSAnalytics
0x000000000020d000 	/usr/lib/libRosetta.dylib
0x000000000020d000 	/System/Library/PrivateFrameworks/RemoteServiceDiscovery.framework/Versions/A/RemoteServiceDiscovery
0x000000000020d000 	/System/Library/PrivateFrameworks/Symbolication.framework/Versions/A/Symbolication
0x000000000020d000 	/System/Library/PrivateFrameworks/MallocStackLogging.framework/Versions/A/MallocStackLogging
0x000000000020d000 	/System/Library/PrivateFrameworks/login.framework/Versions/A/login
0x000000000020d000 	/System/Library/Frameworks/DirectoryService.framework/Versions/A/DirectoryService
0x000000000020d000 	/System/Library/PrivateFrameworks/DiskImages.framework/Versions/A/DiskImages
0x000000000020d000 	/System/Library/PrivateFrameworks/LoginUIKit.framework/Versions/A/Frameworks/LoginUICore.framework/Versions/A/LoginUICore
0x000000000020d000 	/usr/lib/libodfde.dylib
0x000000000020d000 	/usr/lib/libcurl.4.dylib
0x000000000020d000 	/usr/lib/libcrypto.44.dylib
0x000000000020d000 	/usr/lib/libssl.46.dylib
0x000000000020d000 	/System/Library/Frameworks/LDAP.framework/Versions/A/LDAP
0x000000000020d000 	/System/Library/PrivateFrameworks/TrustEvaluationAgent.framework/Versions/A/TrustEvaluationAgent
0x000000000020d000 	/usr/lib/libsasl2.2.dylib
0x000000000020d000 	/System/Library/PrivateFrameworks/CoreDaemon.framework/Versions/B/CoreDaemon
0x000000000020d000 	/System/Library/PrivateFrameworks/AppleSRP.framework/Versions/A/AppleSRP
0x000000000020d000 	/System/Library/PrivateFrameworks/ViewBridge.framework/Versions/A/ViewBridge
0x0000000142e71000 	/Library/Java/JavaVirtualMachines/jdk1.8.0_20.jdk/Contents/Home/jre/lib/libfontmanager.dylib
0x000000000020d000 	/System/Library/Frameworks/OpenGL.framework/Versions/A/Resources/GLEngine.bundle/GLEngine
0x000000000020d000 	/System/Library/Frameworks/OpenGL.framework/Versions/A/Libraries/libGLProgrammability.dylib
0x000000000020d000 	/System/Library/Extensions/AppleIntelKBLGraphicsGLDriver.bundle/Contents/MacOS/AppleIntelKBLGraphicsGLDriver
0x000000000020d000 	/System/Library/PrivateFrameworks/GPUSupport.framework/Versions/A/Libraries/libGPUSupportMercury.dylib
0x0000000142ed7000 	/System/Library/Extensions/AMDRadeonX6000GLDriver.bundle/Contents/MacOS/AMDRadeonX6000GLDriver
0x000000000020d000 	/System/Library/Extensions/AMDRadeonX6000GLDriver.bundle/Contents/MacOS/ATIRadeonX6000SCLib.dylib
0x000000000020d000 	/System/Library/Extensions/AMDShared.bundle/Contents/PlugIns/libSC.dylib
0x000000000020d000 	/System/Library/Frameworks/OpenGL.framework/Versions/A/Resources/GLRendererFloat.bundle/GLRendererFloat
0x000000014335f000 	/Library/Java/JavaVirtualMachines/jdk1.8.0_20.jdk/Contents/Home/jre/lib/libosxui.dylib
0x0000000143368000 	/Library/Java/JavaVirtualMachines/jdk1.8.0_20.jdk/Contents/Home/jre/lib/libmanagement.dylib
0x000000015141c000 	/Library/Java/JavaVirtualMachines/jdk1.8.0_20.jdk/Contents/Home/jre/lib/libsunec.dylib
0x00000001516bf000 	/Library/Java/JavaVirtualMachines/jdk1.8.0_20.jdk/Contents/Home/jre/lib/libnio.dylib
0x0000000151c6e000 	/Library/Java/JavaVirtualMachines/jdk1.8.0_20.jdk/Contents/Home/jre/lib/libdcpr.dylib

VM Arguments:
jvm_args: -javaagent:/Applications/IntelliJ IDEA 2.app/Contents/lib/idea_rt.jar=61758:/Applications/IntelliJ IDEA 2.app/Contents/bin -Dfile.encoding=UTF-8 
java_command: clojure.main -m more-speech.core
java_class_path (initial): /Library/Java/JavaVirtualMachines/jdk1.8.0_20.jdk/Contents/Home/lib/ant-javafx.jar:/Library/Java/JavaVirtualMachines/jdk1.8.0_20.jdk/Contents/Home/lib/dt.jar:/Library/Java/JavaVirtualMachines/jdk1.8.0_20.jdk/Contents/Home/lib/javafx-mx.jar:/Library/Java/JavaVirtualMachines/jdk1.8.0_20.jdk/Contents/Home/lib/jconsole.jar:/Library/Java/JavaVirtualMachines/jdk1.8.0_20.jdk/Contents/Home/lib/sa-jdi.jar:/Library/Java/JavaVirtualMachines/jdk1.8.0_20.jdk/Contents/Home/lib/tools.jar:/Library/Java/JavaVirtualMachines/jdk1.8.0_20.jdk/Contents/Home/jre/lib/charsets.jar:/Library/Java/JavaVirtualMachines/jdk1.8.0_20.jdk/Contents/Home/jre/lib/deploy.jar:/Library/Java/JavaVirtualMachines/jdk1.8.0_20.jdk/Contents/Home/jre/lib/javaws.jar:/Library/Java/JavaVirtualMachines/jdk1.8.0_20.jdk/Contents/Home/jre/lib/jce.jar:/Library/Java/JavaVirtualMachines/jdk1.8.0_20.jdk/Contents/Home/jre/lib/jfr.jar:/Library/Java/JavaVirtualMachines/jdk1.8.0_20.jdk/Contents/Home/jre/lib/jfxswt.jar:/Library/Java/JavaVirtualMachines/jdk1.8.0_20.jdk/Contents/Home/jre/lib/jsse.jar:/Library/Java/JavaVirtualMachines/jdk1.8.0_20.jdk/Contents/Home/jre/lib/management-agent.jar:/Library/Java/JavaVirtualMachines/jdk1.8.0_20.jdk/Contents/Home/jre/lib/plugin.jar:/Library/Java/JavaVirtualMachines/jdk1.8.0_20.jdk/Contents/Home/jre/lib/resources.jar:/Library/Java/JavaVirtualMachines/jdk1.8.0_20.jdk/Contents/Home/jre/lib/rt.jar:/Library/Java/JavaVirtualMachines/jdk1.8.0_20.jdk/Contents/Home/jre/lib/ext/cldrdata.jar:/Library/Java/JavaVirtualMachines/jdk1.8.0_20.jdk/Contents/Home/jre/lib/ext/dnsns.jar:/Library/Java/JavaVirtualMachines/jdk1.8.0_20.jdk/Contents/Home/jre/lib/ext/jfxrt.jar:/Library/Java/JavaVirtualMachines/jdk1.8.0_20.jdk/Contents/Home/jre/lib/ext/localedata.jar:/Library/Java/JavaVirtualMachines/jdk1.8.0_20.jdk/Contents/Home/jre/lib/ext/nashorn.jar:/Library/Java/JavaVirtualMachines/jdk1.8.0_20.jdk/Contents/Home/jre/lib/ext/sunec.jar:/Library/Java/JavaVirtualMachines/jdk1.8.0_20.jdk/C
Launcher Type: SUN_STANDARD

Environment Variables:
JAVA_HOME=/Library/Java/JavaVirtualMachines/jdk1.8.0_20.jdk/Contents/Home
PATH=/Users/unclebob/.rvm/gems/ruby-1.9.2-p290/bin:/Users/unclebob/.rvm/gems/ruby-1.9.2-p290@global/bin:/Users/unclebob/.rvm/rubies/ruby-1.9.2-p290/bin:/Users/unclebob/.rvm/bin:/usr/local/apache-maven/apache-maven-3.2.3/bin:/Users/unclebob/.lein/bin:/Library/Frameworks/Python.framework/Versions/Current/bin:/opt/local/lib/mysql5/bin:/usr/local/bin:/opt/local/bin:/opt/local/sbin:/Users/unclebob/Library/jruby-1.4.0RC2/bin:/Users/unclebob/bin:/Users/unclebob/bin:/Applications:/Applications/TextMate.app/Contents/Resources:/usr/local/bin:/usr/bin:/bin:/usr/sbin:/sbin:/usr/local/go/bin:/opt/X11/bin:/Library/Frameworks/Mono.framework/Versions/Current/Commands:/Users/unclebob/.cljr/bin/:/usr/local/bin/apache-ant-1.9.2/bin:/Users/unclebob/.rvm/bin
SHELL=/bin/bash
DISPLAY=/private/tmp/com.apple.launchd.mH3B7BvoPd/org.macosforge.xquartz:0

Signal Handlers:
SIGSEGV: [libjvm.dylib+0x578fd7], sa_mask[0]=11111111011111110111111111111111, sa_flags=SA_ONSTACK|SA_RESTART|SA_SIGINFO
SIGBUS: [libjvm.dylib+0x578fd7], sa_mask[0]=11111111011111110111111111111111, sa_flags=SA_RESTART|SA_SIGINFO
SIGFPE: [libjvm.dylib+0x45ab0c], sa_mask[0]=11111111011111110111111111111111, sa_flags=SA_RESTART|SA_SIGINFO
SIGPIPE: [libjvm.dylib+0x45ab0c], sa_mask[0]=11111111011111110111111111111111, sa_flags=SA_RESTART|SA_SIGINFO
SIGXFSZ: [libjvm.dylib+0x45ab0c], sa_mask[0]=11111111011111110111111111111111, sa_flags=SA_RESTART|SA_SIGINFO
SIGILL: [libjvm.dylib+0x45ab0c], sa_mask[0]=11111111011111110111111111111111, sa_flags=SA_RESTART|SA_SIGINFO
SIGUSR1: SIG_DFL, sa_mask[0]=00000000000000000000000000000000, sa_flags=none
SIGUSR2: [libjvm.dylib+0x45a62a], sa_mask[0]=00100000000000000000000000000000, sa_flags=SA_RESTART|SA_SIGINFO
SIGHUP: [libjvm.dylib+0x458bfd], sa_mask[0]=11111111011111110111111111111111, sa_flags=SA_RESTART|SA_SIGINFO
SIGINT: [libjvm.dylib+0x458bfd], sa_mask[0]=11111111011111110111111111111111, sa_flags=SA_RESTART|SA_SIGINFO
SIGTERM: [libjvm.dylib+0x458bfd], sa_mask[0]=11111111011111110111111111111111, sa_flags=SA_RESTART|SA_SIGINFO
SIGQUIT: [libjvm.dylib+0x458bfd], sa_mask[0]=11111111011111110111111111111111, sa_flags=SA_RESTART|SA_SIGINFO


---------------  S Y S T E M  ---------------

OS:Bsduname:Darwin 20.6.0 Darwin Kernel Version 20.6.0: Wed Jan 12 22:22:42 PST 2022; root:xnu-7195.141.19~2/RELEASE_X86_64 x86_64
rlimit: STACK 8192k, CORE 0k, NPROC 5568, NOFILE 10240, AS infinity
load average:2.86 2.40 2.18

CPU:total 16 (8 cores per cpu, 2 threads per core) family 6 model 158 stepping 13, cmov, cx8, fxsr, mmx, sse, sse2, sse3, ssse3, sse4.1, sse4.2, popcnt, avx, avx2, aes, clmul, erms, lzcnt, ht, tsc, tscinvbit, bmi1, bmi2

Memory: 4k page, physical 33554432k(19888k free)

/proc/meminfo:


vm_info: Java HotSpot(TM) 64-Bit Server VM (25.20-b23) for bsd-amd64 JRE (1.8.0_20-b26), built on Jul 30 2014 13:37:47 by "java_re" with gcc 4.2.1 (Based on Apple Inc. build 5658) (LLVM build 2336.9.00)

time: Tue Apr  5 11:11:42 2022
elapsed time: 10 seconds (0d 0h 0m 10s)

