#
# A fatal error has been detected by the Java Runtime Environment:
#
#  Internal Error (sharedRuntime.cpp:833), pid=59829, tid=67639
#  fatal error: exception happened outside interpreter, nmethods and vtable stubs at pc 0x00000001198540af
#
# JRE version: Java(TM) SE Runtime Environment (8.0_20-b26) (build 1.8.0_20-b26)
# Java VM: Java HotSpot(TM) 64-Bit Server VM (25.20-b23 mixed mode bsd-amd64 compressed oops)
# Failed to write core dump. Core dumps have been disabled. To enable core dumping, try "ulimit -c unlimited" before starting Java again
#
# If you would like to submit a bug report, please visit:
#   http://bugreport.sun.com/bugreport/crash.jsp
#

---------------  T H R E A D  ---------------

Current thread (0x00007f8a0c1e2800):  JavaThread "aleph-netty-client-event-pool-1" daemon [_thread_in_Java, id=67639, stack(0x000070000677f000,0x000070000687f000)]

Stack: [0x000070000677f000,0x000070000687f000],  sp=0x000070000687ca50,  free space=1014k
Native frames: (J=compiled Java code, j=interpreted, Vv=VM code, C=native code)
V  [libjvm.dylib+0x578854]  VMError::report_and_die()+0x402
V  [libjvm.dylib+0x1dab63]  report_vm_error(char const*, int, char const*, char const*)+0x54
V  [libjvm.dylib+0x4b66c1]  SharedRuntime::continuation_for_implicit_exception(JavaThread*, unsigned char*, SharedRuntime::ImplicitExceptionKind)+0x195
V  [libjvm.dylib+0x45e577]  JVM_handle_bsd_signal+0x368
V  [libjvm.dylib+0x45ab3b]  signalHandler(int, __siginfo*, void*)+0x2f
C  [libsystem_platform.dylib+0x3d7d]  _sigtramp+0x1d
V  [libjvm.dylib+0x3a25eb]  LinkResolver::linktime_resolve_virtual_method(methodHandle&, KlassHandle, Symbol*, Symbol*, KlassHandle, bool, Thread*)+0x47
J 6929 C2 com.sun.crypto.provider.GaloisCounterMode.decryptFinal([BII[BI)I (256 bytes) @ 0x000000011b0b401e [0x000000011b0b3400+0xc1e]


---------------  P R O C E S S  ---------------

Java Threads: ( => current thread )
  0x00007f8a2d731000 JavaThread "manifold-scheduler-pool-1" daemon [_thread_blocked, id=94031, stack(0x0000700006985000,0x0000700006a85000)]
  0x00007f8a2eeb3000 JavaThread "async-dispatch-1" daemon [_thread_blocked, id=93483, stack(0x0000700006882000,0x0000700006982000)]
=>0x00007f8a0c1e2800 JavaThread "aleph-netty-client-event-pool-1" daemon [_thread_in_Java, id=67639, stack(0x000070000677f000,0x000070000687f000)]
  0x00007f89fc112800 JavaThread "Animation Thread" [_thread_blocked, id=89619, stack(0x000070000667c000,0x000070000677c000)]
  0x00007f8a2d177000 JavaThread "AWT-EventQueue-0" [_thread_blocked, id=68611, stack(0x0000700006579000,0x0000700006679000)]
  0x00007f8a2cce3800 JavaThread "Image Fetcher 0" daemon [_thread_blocked, id=63779, stack(0x0000700006370000,0x0000700006470000)]
  0x00007f8a2c4b5000 JavaThread "Java2D Disposer" daemon [_thread_blocked, id=59403, stack(0x000070000626d000,0x000070000636d000)]
  0x00007f8a2c623800 JavaThread "Java2D Queue Flusher" daemon [_thread_blocked, id=13627, stack(0x000070000616a000,0x000070000626a000)]
  0x00007f8a2c646800 JavaThread "dirigiste-pool-controller-0" daemon [_thread_blocked, id=84759, stack(0x0000700006067000,0x0000700006167000)]
  0x00007f8a2d290800 JavaThread "manifold-pool-1-1" daemon [_thread_blocked, id=87047, stack(0x0000700005f64000,0x0000700006064000)]
  0x00007f8a2ea44000 JavaThread "dirigiste-executor-controller-0" daemon [_thread_blocked, id=32259, stack(0x0000700005b4f000,0x0000700005c4f000)]
  0x00007f8a2ea3e800 JavaThread "AWT-Shutdown" [_thread_blocked, id=29975, stack(0x0000700004916000,0x0000700004a16000)]
  0x00007f8a2cbbe000 JavaThread "AppKit Thread" daemon [_thread_in_native, id=259, stack(0x00007ffee46c6000,0x00007ffee4ec6000)]
  0x00007f8a2ea3b000 JavaThread "Attach Listener" daemon [_thread_blocked, id=23811, stack(0x0000700005a4c000,0x0000700005b4c000)]
  0x00007f8a2f033800 JavaThread "Service Thread" daemon [_thread_blocked, id=39171, stack(0x0000700005846000,0x0000700005946000)]
  0x00007f8a2f02a800 JavaThread "C1 CompilerThread11" daemon [_thread_blocked, id=39427, stack(0x0000700005743000,0x0000700005843000)]
  0x00007f8a2f02a000 JavaThread "C1 CompilerThread10" daemon [_thread_blocked, id=39939, stack(0x0000700005640000,0x0000700005740000)]
  0x00007f8a2f029000 JavaThread "C1 CompilerThread9" daemon [_thread_blocked, id=23299, stack(0x000070000553d000,0x000070000563d000)]
  0x00007f8a2f028800 JavaThread "C1 CompilerThread8" daemon [_thread_blocked, id=23043, stack(0x000070000543a000,0x000070000553a000)]
  0x00007f8a2f027800 JavaThread "C2 CompilerThread7" daemon [_thread_blocked, id=22787, stack(0x0000700005337000,0x0000700005437000)]
  0x00007f8a2f027000 JavaThread "C2 CompilerThread6" daemon [_thread_blocked, id=22531, stack(0x0000700005234000,0x0000700005334000)]
  0x00007f8a2f026000 JavaThread "C2 CompilerThread5" daemon [_thread_blocked, id=41475, stack(0x0000700005131000,0x0000700005231000)]
  0x00007f8a2f01d800 JavaThread "C2 CompilerThread4" daemon [_thread_blocked, id=41731, stack(0x000070000502e000,0x000070000512e000)]
  0x00007f8a2f014800 JavaThread "C2 CompilerThread3" daemon [_thread_blocked, id=42243, stack(0x0000700004f2b000,0x000070000502b000)]
  0x00007f8a2f014000 JavaThread "C2 CompilerThread2" daemon [_thread_blocked, id=22019, stack(0x0000700004e28000,0x0000700004f28000)]
  0x00007f8a2d099000 JavaThread "C2 CompilerThread1" daemon [_thread_blocked, id=43011, stack(0x0000700004d25000,0x0000700004e25000)]
  0x00007f8a2d098800 JavaThread "C2 CompilerThread0" daemon [_thread_blocked, id=21763, stack(0x0000700004c22000,0x0000700004d22000)]
  0x00007f8a0c00f800 JavaThread "Monitor Ctrl-Break" daemon [_thread_in_native, id=14595, stack(0x0000700004b1f000,0x0000700004c1f000)]
  0x00007f8a2c00a800 JavaThread "Signal Dispatcher" daemon [_thread_blocked, id=14339, stack(0x0000700004a1c000,0x0000700004b1c000)]
  0x00007f8a2d05f000 JavaThread "Finalizer" daemon [_thread_blocked, id=17923, stack(0x0000700004813000,0x0000700004913000)]
  0x00007f8a2e80e800 JavaThread "Reference Handler" daemon [_thread_blocked, id=12803, stack(0x0000700004710000,0x0000700004810000)]
  0x00007f8a2d008800 JavaThread "main" [_thread_blocked, id=3843, stack(0x00007000037e3000,0x00007000038e3000)]

Other Threads:
  0x00007f8a2d05e800 VMThread [stack: 0x000070000460d000,0x000070000470d000] [id=12547]
  0x00007f8a2f034000 WatcherThread [stack: 0x0000700005949000,0x0000700005a49000] [id=38659]

VM state:not at safepoint (normal execution)

VM Mutex/Monitor currently owned by a thread: None

Heap:
 PSYoungGen      total 391168K, used 85398K [0x0000000715580000, 0x0000000733500000, 0x00000007c0000000)
  eden space 379392K, 19% used [0x0000000715580000,0x0000000719d6a3d8,0x000000072c800000)
  from space 11776K, 99% used [0x000000072c800000,0x000000072d37b788,0x000000072d380000)
  to   space 35840K, 0% used [0x0000000731200000,0x0000000731200000,0x0000000733500000)
 ParOldGen       total 517120K, used 81943K [0x00000005c0000000, 0x00000005df900000, 0x0000000715580000)
  object space 517120K, 15% used [0x00000005c0000000,0x00000005c5005c60,0x00000005df900000)
 Metaspace       used 63639K, capacity 85880K, committed 86056K, reserved 1114112K
  class space    used 14782K, capacity 22022K, committed 22064K, reserved 1048576K

Card table byte_map: [0x000000010c116000,0x000000010d117000] byte_map_base: 0x0000000109316000

Marking Bits: (ParMarkBitMap*) 0x000000010b61f330
 Begin Bits: [0x0000000128800000, 0x0000000130800000)
 End Bits:   [0x0000000130800000, 0x0000000138800000)

Polling page: 0x000000010bce0000

CodeCache: size=245760Kb used=25172Kb max_used=25203Kb free=220587Kb
 bounds [0x0000000119800000, 0x000000011b0d0000, 0x0000000128800000]
 total_blobs=6212 nmethods=5504 adapters=618
 compilation: enabled

Compilation events (10 events):
Event: 10.854 Thread 0x00007f8a2f029000 nmethod 7026 0x000000011a14f350 code [0x000000011a14f520, 0x000000011a14fb18]
Event: 10.855 Thread 0x00007f8a2f02a000 7027       3       io.netty.util.Recycler$Stack::scavenge (24 bytes)
Event: 10.855 Thread 0x00007f8a2f02a800 7028       3       io.netty.util.Recycler$Stack::scavengeSome (117 bytes)
Event: 10.855 Thread 0x00007f8a2f028800 7029       3       io.netty.util.Recycler$Stack::newHandle (9 bytes)
Event: 10.855 Thread 0x00007f8a2f029000 7030       3       io.netty.util.Recycler$DefaultHandle::<init> (10 bytes)
Event: 10.856 Thread 0x00007f8a2f026000 nmethod 7018 0x000000011a6bdf90 code [0x000000011a6be2c0, 0x000000011a6bf7d0]
Event: 10.856 Thread 0x00007f8a2f02a000 nmethod 7027 0x000000011a14ef10 code [0x000000011a14f080, 0x000000011a14f2a8]
Event: 10.856 Thread 0x00007f8a2f028800 nmethod 7029 0x000000011a14ea10 code [0x000000011a14eb80, 0x000000011a14ee10]
Event: 10.856 Thread 0x00007f8a2f029000 nmethod 7030 0x000000011a14e610 code [0x000000011a14e780, 0x000000011a14e950]
Event: 10.856 Thread 0x00007f8a2f02a800 nmethod 7028 0x000000011a6c7fd0 code [0x000000011a6c81c0, 0x000000011a6c8e68]

GC Heap History (10 events):
Event: 5.464 GC heap before
{Heap before GC invocations=10 (full 2):
 PSYoungGen      total 290304K, used 283274K [0x0000000715580000, 0x000000072c080000, 0x00000007c0000000)
  eden space 278528K, 100% used [0x0000000715580000,0x0000000726580000,0x0000000726580000)
  from space 11776K, 40% used [0x0000000726580000,0x0000000726a22a30,0x0000000727100000)
  to   space 11776K, 0% used [0x000000072b500000,0x000000072b500000,0x000000072c080000)
 ParOldGen       total 345600K, used 12142K [0x00000005c0000000, 0x00000005d5180000, 0x0000000715580000)
  object space 345600K, 3% used [0x00000005c0000000,0x00000005c0bdbb38,0x00000005d5180000)
 Metaspace       used 38181K, capacity 50738K, committed 50856K, reserved 1087488K
  class space    used 9421K, capacity 13635K, committed 13744K, reserved 1048576K
Event: 5.469 GC heap after
Heap after GC invocations=10 (full 2):
 PSYoungGen      total 346624K, used 6724K [0x0000000715580000, 0x000000072bc00000, 0x00000007c0000000)
  eden space 339456K, 0% used [0x0000000715580000,0x0000000715580000,0x000000072a100000)
  from space 7168K, 93% used [0x000000072b500000,0x000000072bb91238,0x000000072bc00000)
  to   space 11264K, 0% used [0x000000072a600000,0x000000072a600000,0x000000072b100000)
 ParOldGen       total 345600K, used 12142K [0x00000005c0000000, 0x00000005d5180000, 0x0000000715580000)
  object space 345600K, 3% used [0x00000005c0000000,0x00000005c0bdbb38,0x00000005d5180000)
 Metaspace       used 38181K, capacity 50738K, committed 50856K, reserved 1087488K
  class space    used 9421K, capacity 13635K, committed 13744K, reserved 1048576K
}
Event: 6.521 GC heap before
{Heap before GC invocations=11 (full 2):
 PSYoungGen      total 346624K, used 346180K [0x0000000715580000, 0x000000072bc00000, 0x00000007c0000000)
  eden space 339456K, 100% used [0x0000000715580000,0x000000072a100000,0x000000072a100000)
  from space 7168K, 93% used [0x000000072b500000,0x000000072bb91238,0x000000072bc00000)
  to   space 11264K, 0% used [0x000000072a600000,0x000000072a600000,0x000000072b100000)
 ParOldGen       total 345600K, used 12142K [0x00000005c0000000, 0x00000005d5180000, 0x0000000715580000)
  object space 345600K, 3% used [0x00000005c0000000,0x00000005c0bdbb38,0x00000005d5180000)
 Metaspace       used 42534K, capacity 59120K, committed 59160K, reserved 1091584K
  class space    used 10824K, capacity 16285K, committed 16304K, reserved 1048576K
Event: 6.528 GC heap after
Heap after GC invocations=11 (full 2):
 PSYoungGen      total 355840K, used 9155K [0x0000000715580000, 0x000000072df00000, 0x00000007c0000000)
  eden space 344576K, 0% used [0x0000000715580000,0x0000000715580000,0x000000072a600000)
  from space 11264K, 81% used [0x000000072a600000,0x000000072aef0ee8,0x000000072b100000)
  to   space 11776K, 0% used [0x000000072d380000,0x000000072d380000,0x000000072df00000)
 ParOldGen       total 345600K, used 12166K [0x00000005c0000000, 0x00000005d5180000, 0x0000000715580000)
  object space 345600K, 3% used [0x00000005c0000000,0x00000005c0be1b38,0x00000005d5180000)
 Metaspace       used 42534K, capacity 59120K, committed 59160K, reserved 1091584K
  class space    used 10824K, capacity 16285K, committed 16304K, reserved 1048576K
}
Event: 6.528 GC heap before
{Heap before GC invocations=12 (full 3):
 PSYoungGen      total 355840K, used 9155K [0x0000000715580000, 0x000000072df00000, 0x00000007c0000000)
  eden space 344576K, 0% used [0x0000000715580000,0x0000000715580000,0x000000072a600000)
  from space 11264K, 81% used [0x000000072a600000,0x000000072aef0ee8,0x000000072b100000)
  to   space 11776K, 0% used [0x000000072d380000,0x000000072d380000,0x000000072df00000)
 ParOldGen       total 345600K, used 12166K [0x00000005c0000000, 0x00000005d5180000, 0x0000000715580000)
  object space 345600K, 3% used [0x00000005c0000000,0x00000005c0be1b38,0x00000005d5180000)
 Metaspace       used 42534K, capacity 59120K, committed 59160K, reserved 1091584K
  class space    used 10824K, capacity 16285K, committed 16304K, reserved 1048576K
Event: 6.676 GC heap after
Heap after GC invocations=12 (full 3):
 PSYoungGen      total 355840K, used 0K [0x0000000715580000, 0x000000072df00000, 0x00000007c0000000)
  eden space 344576K, 0% used [0x0000000715580000,0x0000000715580000,0x000000072a600000)
  from space 11264K, 0% used [0x000000072a600000,0x000000072a600000,0x000000072b100000)
  to   space 11776K, 0% used [0x000000072d380000,0x000000072d380000,0x000000072df00000)
 ParOldGen       total 517120K, used 20778K [0x00000005c0000000, 0x00000005df900000, 0x0000000715580000)
  object space 517120K, 4% used [0x00000005c0000000,0x00000005c144ab80,0x00000005df900000)
 Metaspace       used 42534K, capacity 59120K, committed 59160K, reserved 1091584K
  class space    used 10824K, capacity 16285K, committed 16304K, reserved 1048576K
}
Event: 7.882 GC heap before
{Heap before GC invocations=13 (full 3):
 PSYoungGen      total 355840K, used 344576K [0x0000000715580000, 0x000000072df00000, 0x00000007c0000000)
  eden space 344576K, 100% used [0x0000000715580000,0x000000072a600000,0x000000072a600000)
  from space 11264K, 0% used [0x000000072a600000,0x000000072a600000,0x000000072b100000)
  to   space 11776K, 0% used [0x000000072d380000,0x000000072d380000,0x000000072df00000)
 ParOldGen       total 517120K, used 20778K [0x00000005c0000000, 0x00000005df900000, 0x0000000715580000)
  object space 517120K, 4% used [0x00000005c0000000,0x00000005c144ab80,0x00000005df900000)
 Metaspace       used 51204K, capacity 71988K, committed 72104K, reserved 1101824K
  class space    used 13016K, capacity 19800K, committed 19888K, reserved 1048576K
Event: 7.888 GC heap after
Heap after GC invocations=13 (full 3):
 PSYoungGen      total 391168K, used 8159K [0x0000000715580000, 0x000000072df00000, 0x00000007c0000000)
  eden space 379392K, 0% used [0x0000000715580000,0x0000000715580000,0x000000072c800000)
  from space 11776K, 69% used [0x000000072d380000,0x000000072db77ff0,0x000000072df00000)
  to   space 11776K, 0% used [0x000000072c800000,0x000000072c800000,0x000000072d380000)
 ParOldGen       total 517120K, used 20786K [0x00000005c0000000, 0x00000005df900000, 0x0000000715580000)
  object space 517120K, 4% used [0x00000005c0000000,0x00000005c144cb80,0x00000005df900000)
 Metaspace       used 51204K, capacity 71988K, committed 72104K, reserved 1101824K
  class space    used 13016K, capacity 19800K, committed 19888K, reserved 1048576K
}
Event: 10.482 GC heap before
{Heap before GC invocations=14 (full 3):
 PSYoungGen      total 391168K, used 387551K [0x0000000715580000, 0x000000072df00000, 0x00000007c0000000)
  eden space 379392K, 100% used [0x0000000715580000,0x000000072c800000,0x000000072c800000)
  from space 11776K, 69% used [0x000000072d380000,0x000000072db77ff0,0x000000072df00000)
  to   space 11776K, 0% used [0x000000072c800000,0x000000072c800000,0x000000072d380000)
 ParOldGen       total 517120K, used 20786K [0x00000005c0000000, 0x00000005df900000, 0x0000000715580000)
  object space 517120K, 4% used [0x00000005c0000000,0x00000005c144cb80,0x00000005df900000)
 Metaspace       used 63623K, capacity 85880K, committed 86056K, reserved 1114112K
  class space    used 14782K, capacity 22022K, committed 22064K, reserved 1048576K
Event: 10.510 GC heap after
Heap after GC invocations=14 (full 3):
 PSYoungGen      total 391168K, used 11757K [0x0000000715580000, 0x0000000733500000, 0x00000007c0000000)
  eden space 379392K, 0% used [0x0000000715580000,0x0000000715580000,0x000000072c800000)
  from space 11776K, 99% used [0x000000072c800000,0x000000072d37b788,0x000000072d380000)
  to   space 35840K, 0% used [0x0000000731200000,0x0000000731200000,0x0000000733500000)
 ParOldGen       total 517120K, used 81943K [0x00000005c0000000, 0x00000005df900000, 0x0000000715580000)
  object space 517120K, 15% used [0x00000005c0000000,0x00000005c5005c60,0x00000005df900000)
 Metaspace       used 63623K, capacity 85880K, committed 86056K, reserved 1114112K
  class space    used 14782K, capacity 22022K, committed 22064K, reserved 1048576K
}

Deoptimization events (10 events):
Event: 9.693 Thread 0x00007f89fc112800 Uncommon trap: reason=unreached action=reinterpret pc=0x0000000119e3a2a0 method=clojure.lang.Numbers.category(Ljava/lang/Object;)Lclojure/lang/Numbers$Category; @ 28
Event: 9.734 Thread 0x00007f89fc112800 Uncommon trap: reason=unloaded action=reinterpret pc=0x0000000119b6b000 method=java.lang.String.substring(II)Ljava/lang/String; @ 22
Event: 10.156 Thread 0x00007f8a0c1e2800 Uncommon trap: reason=bimorphic action=maybe_recompile pc=0x000000011af372f8 method=io.netty.util.ReferenceCountUtil.touch(Ljava/lang/Object;Ljava/lang/Object;)Ljava/lang/Object; @ 12
Event: 10.156 Thread 0x00007f8a0c1e2800 Uncommon trap: reason=class_check action=maybe_recompile pc=0x000000011aff682c method=io.netty.handler.codec.http.websocketx.WebSocket08FrameDecoder.decode(Lio/netty/channel/ChannelHandlerContext;Lio/netty/buffer/ByteBuf;Ljava/util/List;)V @ 69
Event: 10.189 Thread 0x00007f8a0c1e2800 Uncommon trap: reason=bimorphic action=maybe_recompile pc=0x000000011af372f8 method=io.netty.util.ReferenceCountUtil.touch(Ljava/lang/Object;Ljava/lang/Object;)Ljava/lang/Object; @ 12
Event: 10.189 Thread 0x00007f8a0c1e2800 Uncommon trap: reason=class_check action=maybe_recompile pc=0x000000011aff682c method=io.netty.handler.codec.http.websocketx.WebSocket08FrameDecoder.decode(Lio/netty/channel/ChannelHandlerContext;Lio/netty/buffer/ByteBuf;Ljava/util/List;)V @ 69
Event: 10.310 Thread 0x00007f8a0c1e2800 Uncommon trap: reason=bimorphic action=maybe_recompile pc=0x000000011af372f8 method=io.netty.util.ReferenceCountUtil.touch(Ljava/lang/Object;Ljava/lang/Object;)Ljava/lang/Object; @ 12
Event: 10.310 Thread 0x00007f8a0c1e2800 Uncommon trap: reason=class_check action=maybe_recompile pc=0x000000011aff682c method=io.netty.handler.codec.http.websocketx.WebSocket08FrameDecoder.decode(Lio/netty/channel/ChannelHandlerContext;Lio/netty/buffer/ByteBuf;Ljava/util/List;)V @ 69
Event: 10.341 Thread 0x00007f8a0c1e2800 Uncommon trap: reason=bimorphic action=maybe_recompile pc=0x000000011af372f8 method=io.netty.util.ReferenceCountUtil.touch(Ljava/lang/Object;Ljava/lang/Object;)Ljava/lang/Object; @ 12
Event: 10.341 Thread 0x00007f8a0c1e2800 Uncommon trap: reason=class_check action=maybe_recompile pc=0x000000011aff682c method=io.netty.handler.codec.http.websocketx.WebSocket08FrameDecoder.decode(Lio/netty/channel/ChannelHandlerContext;Lio/netty/buffer/ByteBuf;Ljava/util/List;)V @ 69

Internal exceptions (10 events):
Event: 9.532 Thread 0x00007f8a2eeb3000 Exception <a 'java/security/PrivilegedActionException'> (0x00000007223528d0) thrown at [/HUDSON3/workspace/8-2-build-macosx-x86_64/jdk8u20/1074/hotspot/src/share/vm/prims/jvm.cpp, line 1275]
Event: 9.677 Thread 0x00007f89fc112800 Exception <a 'java/security/PrivilegedActionException'> (0x00000007243039d0) thrown at [/HUDSON3/workspace/8-2-build-macosx-x86_64/jdk8u20/1074/hotspot/src/share/vm/prims/jvm.cpp, line 1275]
Event: 9.678 Thread 0x00007f89fc112800 Exception <a 'java/security/PrivilegedActionException'> (0x000000072430d968) thrown at [/HUDSON3/workspace/8-2-build-macosx-x86_64/jdk8u20/1074/hotspot/src/share/vm/prims/jvm.cpp, line 1275]
Event: 9.684 Thread 0x00007f89fc112800 Exception <a 'java/security/PrivilegedActionException'> (0x0000000724343ba8) thrown at [/HUDSON3/workspace/8-2-build-macosx-x86_64/jdk8u20/1074/hotspot/src/share/vm/prims/jvm.cpp, line 1275]
Event: 9.684 Thread 0x00007f89fc112800 Exception <a 'java/security/PrivilegedActionException'> (0x000000072434d588) thrown at [/HUDSON3/workspace/8-2-build-macosx-x86_64/jdk8u20/1074/hotspot/src/share/vm/prims/jvm.cpp, line 1275]
Event: 9.734 Thread 0x00007f89fc112800 Exception <a 'java/security/PrivilegedActionException'> (0x00000007263ceae8) thrown at [/HUDSON3/workspace/8-2-build-macosx-x86_64/jdk8u20/1074/hotspot/src/share/vm/prims/jvm.cpp, line 1275]
Event: 9.736 Thread 0x00007f89fc112800 Exception <a 'java/security/PrivilegedActionException'> (0x0000000726435390) thrown at [/HUDSON3/workspace/8-2-build-macosx-x86_64/jdk8u20/1074/hotspot/src/share/vm/prims/jvm.cpp, line 1275]
Event: 9.736 Thread 0x00007f89fc112800 Exception <a 'java/security/PrivilegedActionException'> (0x0000000726440238) thrown at [/HUDSON3/workspace/8-2-build-macosx-x86_64/jdk8u20/1074/hotspot/src/share/vm/prims/jvm.cpp, line 1275]
Event: 9.737 Thread 0x00007f89fc112800 Exception <a 'java/security/PrivilegedActionException'> (0x000000072644bde8) thrown at [/HUDSON3/workspace/8-2-build-macosx-x86_64/jdk8u20/1074/hotspot/src/share/vm/prims/jvm.cpp, line 1275]
Event: 10.513 Thread 0x00007f8a2d05f000 Exception <a 'java/lang/NullPointerException'> (0x0000000715952180) thrown at [/HUDSON3/workspace/8-2-build-macosx-x86_64/jdk8u20/1074/hotspot/src/share/vm/interpreter/linkResolver.cpp, line 1166]

Events (10 events):
Event: 10.609 Thread 0x00007f8a2d098800 flushing nmethod 0x000000011a3238d0
Event: 10.610 Thread 0x00007f8a2d098800 flushing nmethod 0x000000011a377010
Event: 10.616 Thread 0x00007f8a2f01d800 flushing nmethod 0x000000011a51d250
Event: 10.627 Thread 0x00007f8a2f026000 flushing nmethod 0x000000011a5c1a10
Event: 10.629 Thread 0x00007f8a2f026000 flushing nmethod 0x000000011a6ab610
Event: 10.663 Thread 0x00007f8a2f027000 flushing nmethod 0x000000011a92b210
Event: 10.663 Thread 0x00007f8a2f027000 flushing nmethod 0x000000011a9d6dd0
Event: 10.668 Thread 0x00007f8a2f014800 flushing nmethod 0x000000011ab69250
Event: 10.743 Executing VM operation: RevokeBias
Event: 10.743 Executing VM operation: RevokeBias done


Dynamic libraries:
0x000000000020d000 	/System/Library/Frameworks/Cocoa.framework/Versions/A/Cocoa
0x000000000020d000 	/System/Library/Frameworks/Security.framework/Versions/A/Security
0x000000000020d000 	/System/Library/Frameworks/ApplicationServices.framework/Versions/A/ApplicationServices
0x000000000020d000 	/usr/lib/libz.1.dylib
0x000000000020d000 	/usr/lib/libSystem.B.dylib
0x000000000020d000 	/usr/lib/libobjc.A.dylib
0x000000000020d000 	/System/Library/Frameworks/CoreFoundation.framework/Versions/A/CoreFoundation
0x000000000020d000 	/System/Library/Frameworks/Foundation.framework/Versions/C/Foundation
0x000000000020d000 	/System/Library/Frameworks/AppKit.framework/Versions/C/AppKit
0x000000000020d000 	/System/Library/Frameworks/CoreData.framework/Versions/A/CoreData
0x000000000020d000 	/System/Library/PrivateFrameworks/UIFoundation.framework/Versions/A/UIFoundation
0x000000000020d000 	/System/Library/PrivateFrameworks/RemoteViewServices.framework/Versions/A/RemoteViewServices
0x000000000020d000 	/System/Library/PrivateFrameworks/XCTTargetBootstrap.framework/Versions/A/XCTTargetBootstrap
0x000000000020d000 	/usr/lib/libspindump.dylib
0x000000000020d000 	/System/Library/Frameworks/UniformTypeIdentifiers.framework/Versions/A/UniformTypeIdentifiers
0x000000000020d000 	/usr/lib/libapp_launch_measurement.dylib
0x000000000020d000 	/System/Library/PrivateFrameworks/CoreAutoLayout.framework/Versions/A/CoreAutoLayout
0x000000000020d000 	/System/Library/Frameworks/Metal.framework/Versions/A/Metal
0x000000000020d000 	/usr/lib/liblangid.dylib
0x000000000020d000 	/System/Library/PrivateFrameworks/CoreSVG.framework/Versions/A/CoreSVG
0x000000000020d000 	/System/Library/PrivateFrameworks/SkyLight.framework/Versions/A/SkyLight
0x000000000020d000 	/System/Library/Frameworks/CoreGraphics.framework/Versions/A/CoreGraphics
0x000000000020d000 	/System/Library/Frameworks/Accelerate.framework/Versions/A/Accelerate
0x000000000020d000 	/System/Library/PrivateFrameworks/IconServices.framework/Versions/A/IconServices
0x000000000020d000 	/System/Library/Frameworks/IOSurface.framework/Versions/A/IOSurface
0x000000000020d000 	/usr/lib/libDiagnosticMessagesClient.dylib
0x000000000020d000 	/System/Library/PrivateFrameworks/DFRFoundation.framework/Versions/A/DFRFoundation
0x000000000020d000 	/usr/lib/libicucore.A.dylib
0x000000000020d000 	/System/Library/Frameworks/AudioToolbox.framework/Versions/A/AudioToolbox
0x000000000020d000 	/System/Library/PrivateFrameworks/DataDetectorsCore.framework/Versions/A/DataDetectorsCore
0x000000000020d000 	/usr/lib/libMobileGestalt.dylib
0x000000000020d000 	/System/Library/Frameworks/Carbon.framework/Versions/A/Frameworks/HIToolbox.framework/Versions/A/HIToolbox
0x000000000020d000 	/System/Library/Frameworks/QuartzCore.framework/Versions/A/QuartzCore
0x000000000020d000 	/System/Library/Frameworks/Carbon.framework/Versions/A/Frameworks/SpeechRecognition.framework/Versions/A/SpeechRecognition
0x000000000020d000 	/System/Library/PrivateFrameworks/CoreUI.framework/Versions/A/CoreUI
0x000000000020d000 	/System/Library/Frameworks/CoreAudio.framework/Versions/A/CoreAudio
0x000000000020d000 	/System/Library/Frameworks/DiskArbitration.framework/Versions/A/DiskArbitration
0x000000000020d000 	/System/Library/PrivateFrameworks/MultitouchSupport.framework/Versions/A/MultitouchSupport
0x000000000020d000 	/System/Library/PrivateFrameworks/InternationalSupport.framework/Versions/A/InternationalSupport
0x000000000020d000 	/usr/lib/libenergytrace.dylib
0x000000000020d000 	/System/Library/Frameworks/IOKit.framework/Versions/A/IOKit
0x000000000020d000 	/System/Library/Frameworks/CoreServices.framework/Versions/A/CoreServices
0x000000000020d000 	/System/Library/PrivateFrameworks/PerformanceAnalysis.framework/Versions/A/PerformanceAnalysis
0x000000000020d000 	/System/Library/Frameworks/OpenGL.framework/Versions/A/OpenGL
0x000000000020d000 	/System/Library/PrivateFrameworks/UserActivity.framework/Versions/A/UserActivity
0x000000000020d000 	/System/Library/Frameworks/ColorSync.framework/Versions/A/ColorSync
0x000000000020d000 	/System/Library/Frameworks/CoreImage.framework/Versions/A/CoreImage
0x000000000020d000 	/System/Library/Frameworks/CoreText.framework/Versions/A/CoreText
0x000000000020d000 	/System/Library/Frameworks/ImageIO.framework/Versions/A/ImageIO
0x000000000020d000 	/System/Library/PrivateFrameworks/SoftLinking.framework/Versions/A/SoftLinking
0x000000000020d000 	/usr/lib/libxml2.2.dylib
0x000000000020d000 	/usr/lib/libc++.1.dylib
0x000000000020d000 	/usr/lib/libcompression.dylib
0x000000000020d000 	/System/Library/PrivateFrameworks/TextureIO.framework/Versions/A/TextureIO
0x000000000020d000 	/usr/lib/libate.dylib
0x000000000020d000 	/usr/lib/system/libcache.dylib
0x000000000020d000 	/usr/lib/system/libcommonCrypto.dylib
0x000000000020d000 	/usr/lib/system/libcompiler_rt.dylib
0x000000000020d000 	/usr/lib/system/libcopyfile.dylib
0x000000000020d000 	/usr/lib/system/libcorecrypto.dylib
0x000000000020d000 	/usr/lib/system/libdispatch.dylib
0x000000000020d000 	/usr/lib/system/libdyld.dylib
0x000000000020d000 	/usr/lib/system/libkeymgr.dylib
0x000000000020d000 	/usr/lib/system/liblaunch.dylib
0x000000000020d000 	/usr/lib/system/libmacho.dylib
0x000000000020d000 	/usr/lib/system/libquarantine.dylib
0x000000000020d000 	/usr/lib/system/libremovefile.dylib
0x000000000020d000 	/usr/lib/system/libsystem_asl.dylib
0x000000000020d000 	/usr/lib/system/libsystem_blocks.dylib
0x000000000020d000 	/usr/lib/system/libsystem_c.dylib
0x000000000020d000 	/usr/lib/system/libsystem_collections.dylib
0x000000000020d000 	/usr/lib/system/libsystem_configuration.dylib
0x000000000020d000 	/usr/lib/system/libsystem_containermanager.dylib
0x000000000020d000 	/usr/lib/system/libsystem_coreservices.dylib
0x000000000020d000 	/usr/lib/system/libsystem_darwin.dylib
0x000000000020d000 	/usr/lib/system/libsystem_dnssd.dylib
0x000000000020d000 	/usr/lib/system/libsystem_featureflags.dylib
0x000000000020d000 	/usr/lib/system/libsystem_info.dylib
0x000000000020d000 	/usr/lib/system/libsystem_m.dylib
0x000000000020d000 	/usr/lib/system/libsystem_malloc.dylib
0x000000000020d000 	/usr/lib/system/libsystem_networkextension.dylib
0x000000000020d000 	/usr/lib/system/libsystem_notify.dylib
0x000000000020d000 	/usr/lib/system/libsystem_product_info_filter.dylib
0x000000000020d000 	/usr/lib/system/libsystem_sandbox.dylib
0x000000000020d000 	/usr/lib/system/libsystem_secinit.dylib
0x000000000020d000 	/usr/lib/system/libsystem_kernel.dylib
0x000000000020d000 	/usr/lib/system/libsystem_platform.dylib
0x000000000020d000 	/usr/lib/system/libsystem_pthread.dylib
0x000000000020d000 	/usr/lib/system/libsystem_symptoms.dylib
0x000000000020d000 	/usr/lib/system/libsystem_trace.dylib
0x000000000020d000 	/usr/lib/system/libunwind.dylib
0x000000000020d000 	/usr/lib/system/libxpc.dylib
0x000000000020d000 	/usr/lib/libc++abi.dylib
0x000000000020d000 	/usr/lib/liboah.dylib
0x000000000020d000 	/usr/lib/liblzma.5.dylib
0x000000000020d000 	/System/Library/Frameworks/SystemConfiguration.framework/Versions/A/SystemConfiguration
0x000000000020d000 	/usr/lib/libfakelink.dylib
0x000000000020d000 	/System/Library/Frameworks/CFNetwork.framework/Versions/A/CFNetwork
0x000000000020d000 	/usr/lib/libarchive.2.dylib
0x000000000020d000 	/usr/lib/libCRFSuite.dylib
0x000000000020d000 	/usr/lib/libbsm.0.dylib
0x000000000020d000 	/usr/lib/libnetwork.dylib
0x000000000020d000 	/usr/lib/libpcap.A.dylib
0x000000000020d000 	/usr/lib/libdns_services.dylib
0x000000000020d000 	/usr/lib/libcoretls_cfhelpers.dylib
0x000000000020d000 	/usr/lib/libapple_nghttp2.dylib
0x000000000020d000 	/usr/lib/system/libkxld.dylib
0x000000000020d000 	/usr/lib/libsqlite3.dylib
0x000000000020d000 	/System/Library/PrivateFrameworks/AppleFSCompression.framework/Versions/A/AppleFSCompression
0x000000000020d000 	/usr/lib/libcoretls.dylib
0x000000000020d000 	/usr/lib/libpam.2.dylib
0x000000000020d000 	/usr/lib/libxar.1.dylib
0x000000000020d000 	/System/Library/PrivateFrameworks/AppleSystemInfo.framework/Versions/A/AppleSystemInfo
0x000000000020d000 	/System/Library/PrivateFrameworks/IOMobileFramebuffer.framework/Versions/A/IOMobileFramebuffer
0x000000000020d000 	/usr/lib/libbz2.1.0.dylib
0x000000000020d000 	/usr/lib/libiconv.2.dylib
0x000000000020d000 	/usr/lib/libcharset.1.dylib
0x000000000020d000 	/System/Library/Frameworks/CoreServices.framework/Versions/A/Frameworks/FSEvents.framework/Versions/A/FSEvents
0x000000000020d000 	/System/Library/Frameworks/CoreServices.framework/Versions/A/Frameworks/CarbonCore.framework/Versions/A/CarbonCore
0x000000000020d000 	/System/Library/Frameworks/CoreServices.framework/Versions/A/Frameworks/Metadata.framework/Versions/A/Metadata
0x000000000020d000 	/System/Library/Frameworks/CoreServices.framework/Versions/A/Frameworks/OSServices.framework/Versions/A/OSServices
0x000000000020d000 	/System/Library/Frameworks/CoreServices.framework/Versions/A/Frameworks/SearchKit.framework/Versions/A/SearchKit
0x000000000020d000 	/System/Library/Frameworks/CoreServices.framework/Versions/A/Frameworks/AE.framework/Versions/A/AE
0x000000000020d000 	/System/Library/Frameworks/CoreServices.framework/Versions/A/Frameworks/LaunchServices.framework/Versions/A/LaunchServices
0x000000000020d000 	/System/Library/Frameworks/CoreServices.framework/Versions/A/Frameworks/DictionaryServices.framework/Versions/A/DictionaryServices
0x000000000020d000 	/System/Library/Frameworks/CoreServices.framework/Versions/A/Frameworks/SharedFileList.framework/Versions/A/SharedFileList
0x000000000020d000 	/usr/lib/libCheckFix.dylib
0x000000000020d000 	/System/Library/PrivateFrameworks/TCC.framework/Versions/A/TCC
0x000000000020d000 	/System/Library/PrivateFrameworks/CoreNLP.framework/Versions/A/CoreNLP
0x000000000020d000 	/System/Library/PrivateFrameworks/MetadataUtilities.framework/Versions/A/MetadataUtilities
0x000000000020d000 	/usr/lib/libmecabra.dylib
0x000000000020d000 	/System/Library/Frameworks/MLCompute.framework/Versions/A/MLCompute
0x000000000020d000 	/usr/lib/libmecab.dylib
0x000000000020d000 	/usr/lib/libgermantok.dylib
0x000000000020d000 	/usr/lib/libThaiTokenizer.dylib
0x000000000020d000 	/usr/lib/libChineseTokenizer.dylib
0x000000000020d000 	/System/Library/Frameworks/MetalPerformanceShaders.framework/Versions/A/MetalPerformanceShaders
0x000000000020d000 	/System/Library/Frameworks/Accelerate.framework/Versions/A/Frameworks/vImage.framework/Versions/A/vImage
0x000000000020d000 	/System/Library/Frameworks/Accelerate.framework/Versions/A/Frameworks/vecLib.framework/Versions/A/vecLib
0x000000000020d000 	/System/Library/Frameworks/Accelerate.framework/Versions/A/Frameworks/vecLib.framework/Versions/A/libvMisc.dylib
0x000000000020d000 	/System/Library/Frameworks/Accelerate.framework/Versions/A/Frameworks/vecLib.framework/Versions/A/libvDSP.dylib
0x000000000020d000 	/System/Library/Frameworks/Accelerate.framework/Versions/A/Frameworks/vecLib.framework/Versions/A/libBLAS.dylib
0x000000000020d000 	/System/Library/Frameworks/Accelerate.framework/Versions/A/Frameworks/vecLib.framework/Versions/A/libLAPACK.dylib
0x000000000020d000 	/System/Library/Frameworks/Accelerate.framework/Versions/A/Frameworks/vecLib.framework/Versions/A/libLinearAlgebra.dylib
0x000000000020d000 	/System/Library/Frameworks/Accelerate.framework/Versions/A/Frameworks/vecLib.framework/Versions/A/libSparseBLAS.dylib
0x000000000020d000 	/System/Library/Frameworks/Accelerate.framework/Versions/A/Frameworks/vecLib.framework/Versions/A/libQuadrature.dylib
0x000000000020d000 	/System/Library/Frameworks/Accelerate.framework/Versions/A/Frameworks/vecLib.framework/Versions/A/libBNNS.dylib
0x000000000020d000 	/System/Library/Frameworks/Accelerate.framework/Versions/A/Frameworks/vecLib.framework/Versions/A/libSparse.dylib
0x000000000020d000 	/System/Library/Frameworks/MetalPerformanceShaders.framework/Versions/A/Frameworks/MPSCore.framework/Versions/A/MPSCore
0x000000000020d000 	/System/Library/Frameworks/MetalPerformanceShaders.framework/Versions/A/Frameworks/MPSImage.framework/Versions/A/MPSImage
0x000000000020d000 	/System/Library/Frameworks/MetalPerformanceShaders.framework/Versions/A/Frameworks/MPSNeuralNetwork.framework/Versions/A/MPSNeuralNetwork
0x000000000020d000 	/System/Library/Frameworks/MetalPerformanceShaders.framework/Versions/A/Frameworks/MPSMatrix.framework/Versions/A/MPSMatrix
0x000000000020d000 	/System/Library/Frameworks/MetalPerformanceShaders.framework/Versions/A/Frameworks/MPSRayIntersector.framework/Versions/A/MPSRayIntersector
0x000000000020d000 	/System/Library/Frameworks/MetalPerformanceShaders.framework/Versions/A/Frameworks/MPSNDArray.framework/Versions/A/MPSNDArray
0x000000000020d000 	/System/Library/PrivateFrameworks/MetalTools.framework/Versions/A/MetalTools
0x000000000020d000 	/System/Library/PrivateFrameworks/AggregateDictionary.framework/Versions/A/AggregateDictionary
0x000000000020d000 	/System/Library/PrivateFrameworks/CoreAnalytics.framework/Versions/A/CoreAnalytics
0x000000000020d000 	/System/Library/PrivateFrameworks/AppleSauce.framework/Versions/A/AppleSauce
0x000000000020d000 	/System/Library/PrivateFrameworks/IOAccelerator.framework/Versions/A/IOAccelerator
0x000000000020d000 	/System/Library/Frameworks/OpenGL.framework/Versions/A/Libraries/libCoreFSCache.dylib
0x000000000020d000 	/System/Library/PrivateFrameworks/LanguageModeling.framework/Versions/A/LanguageModeling
0x000000000020d000 	/System/Library/PrivateFrameworks/CoreEmoji.framework/Versions/A/CoreEmoji
0x000000000020d000 	/System/Library/PrivateFrameworks/LinguisticData.framework/Versions/A/LinguisticData
0x000000000020d000 	/System/Library/PrivateFrameworks/Lexicon.framework/Versions/A/Lexicon
0x000000000020d000 	/usr/lib/libcmph.dylib
0x000000000020d000 	/System/Library/Frameworks/OpenDirectory.framework/Versions/A/Frameworks/CFOpenDirectory.framework/Versions/A/CFOpenDirectory
0x000000000020d000 	/System/Library/Frameworks/OpenDirectory.framework/Versions/A/OpenDirectory
0x000000000020d000 	/System/Library/PrivateFrameworks/APFS.framework/Versions/A/APFS
0x000000000020d000 	/System/Library/Frameworks/SecurityFoundation.framework/Versions/A/SecurityFoundation
0x000000000020d000 	/usr/lib/libutil.dylib
0x000000000020d000 	/System/Library/PrivateFrameworks/CoreServicesStore.framework/Versions/A/CoreServicesStore
0x000000000020d000 	/System/Library/Frameworks/ServiceManagement.framework/Versions/A/ServiceManagement
0x000000000020d000 	/usr/lib/libxslt.1.dylib
0x000000000020d000 	/System/Library/PrivateFrameworks/BackgroundTaskManagement.framework/Versions/A/BackgroundTaskManagement
0x000000000020d000 	/System/Library/Frameworks/ImageIO.framework/Versions/A/Resources/libRadiance.dylib
0x000000000020d000 	/System/Library/Frameworks/ImageIO.framework/Versions/A/Resources/libJPEG.dylib
0x000000000020d000 	/System/Library/Frameworks/ImageIO.framework/Versions/A/Resources/libPng.dylib
0x000000000020d000 	/System/Library/Frameworks/ImageIO.framework/Versions/A/Resources/libTIFF.dylib
0x000000000020d000 	/System/Library/Frameworks/ImageIO.framework/Versions/A/Resources/libGIF.dylib
0x000000000020d000 	/System/Library/Frameworks/ImageIO.framework/Versions/A/Resources/libJP2.dylib
0x000000000020d000 	/usr/lib/libexpat.1.dylib
0x000000000020d000 	/System/Library/PrivateFrameworks/AppleJPEG.framework/Versions/A/AppleJPEG
0x000000000020d000 	/System/Library/PrivateFrameworks/FontServices.framework/libFontParser.dylib
0x000000000020d000 	/System/Library/PrivateFrameworks/RunningBoardServices.framework/Versions/A/RunningBoardServices
0x000000000020d000 	/System/Library/PrivateFrameworks/WatchdogClient.framework/Versions/A/WatchdogClient
0x000000000020d000 	/System/Library/Frameworks/CoreDisplay.framework/Versions/A/CoreDisplay
0x000000000020d000 	/System/Library/Frameworks/CoreMedia.framework/Versions/A/CoreMedia
0x000000000020d000 	/System/Library/Frameworks/CoreVideo.framework/Versions/A/CoreVideo
0x000000000020d000 	/System/Library/Frameworks/VideoToolbox.framework/Versions/A/VideoToolbox
0x000000000020d000 	/System/Library/PrivateFrameworks/BaseBoard.framework/Versions/A/BaseBoard
0x000000000020d000 	/System/Library/PrivateFrameworks/PersistentConnection.framework/Versions/A/PersistentConnection
0x000000000020d000 	/System/Library/PrivateFrameworks/ProtocolBuffer.framework/Versions/A/ProtocolBuffer
0x000000000020d000 	/System/Library/PrivateFrameworks/CommonUtilities.framework/Versions/A/CommonUtilities
0x000000000020d000 	/System/Library/PrivateFrameworks/Bom.framework/Versions/A/Bom
0x000000000020d000 	/System/Library/PrivateFrameworks/GPUWrangler.framework/Versions/A/GPUWrangler
0x000000000020d000 	/System/Library/PrivateFrameworks/IOPresentment.framework/Versions/A/IOPresentment
0x000000000020d000 	/System/Library/PrivateFrameworks/DSExternalDisplay.framework/Versions/A/DSExternalDisplay
0x000000000020d000 	/System/Library/PrivateFrameworks/CMCaptureCore.framework/Versions/A/CMCaptureCore
0x000000000020d000 	/System/Library/PrivateFrameworks/AppServerSupport.framework/Versions/A/AppServerSupport
0x000000000020d000 	/System/Library/PrivateFrameworks/perfdata.framework/Versions/A/perfdata
0x000000000020d000 	/System/Library/PrivateFrameworks/AssertionServices.framework/Versions/A/AssertionServices
0x000000000020d000 	/System/Library/PrivateFrameworks/AudioToolboxCore.framework/Versions/A/AudioToolboxCore
0x000000000020d000 	/System/Library/PrivateFrameworks/caulk.framework/Versions/A/caulk
0x000000000020d000 	/System/Library/PrivateFrameworks/SystemPolicy.framework/Versions/A/SystemPolicy
0x000000000020d000 	/usr/lib/libIOReport.dylib
0x000000000020d000 	/usr/lib/libSMC.dylib
0x000000000020d000 	/usr/lib/libAudioToolboxUtility.dylib
0x000000000020d000 	/usr/lib/libmis.dylib
0x000000000020d000 	/System/Library/Frameworks/OpenGL.framework/Versions/A/Libraries/libGLU.dylib
0x000000000020d000 	/System/Library/Frameworks/OpenGL.framework/Versions/A/Libraries/libGFXShared.dylib
0x000000000020d000 	/System/Library/Frameworks/OpenGL.framework/Versions/A/Libraries/libGL.dylib
0x000000000020d000 	/System/Library/Frameworks/OpenGL.framework/Versions/A/Libraries/libGLImage.dylib
0x000000000020d000 	/System/Library/Frameworks/OpenGL.framework/Versions/A/Libraries/libCVMSPluginSupport.dylib
0x000000000020d000 	/System/Library/Frameworks/OpenGL.framework/Versions/A/Libraries/libCoreVMClient.dylib
0x000000000020d000 	/System/Library/Frameworks/OpenCL.framework/Versions/A/OpenCL
0x000000000020d000 	/System/Library/PrivateFrameworks/GraphVisualizer.framework/Versions/A/GraphVisualizer
0x000000000020d000 	/System/Library/PrivateFrameworks/FaceCore.framework/Versions/A/FaceCore
0x000000000020d000 	/System/Library/PrivateFrameworks/OTSVG.framework/Versions/A/OTSVG
0x000000000020d000 	/System/Library/Frameworks/ApplicationServices.framework/Versions/A/Frameworks/ATS.framework/Versions/A/Resources/libFontRegistry.dylib
0x000000000020d000 	/System/Library/PrivateFrameworks/FontServices.framework/libhvf.dylib
0x000000000020d000 	/System/Library/PrivateFrameworks/AppleVA.framework/Versions/A/AppleVA
0x000000000020d000 	/System/Library/Frameworks/ApplicationServices.framework/Versions/A/Frameworks/ATS.framework/Versions/A/ATS
0x000000000020d000 	/System/Library/Frameworks/ApplicationServices.framework/Versions/A/Frameworks/ColorSyncLegacy.framework/Versions/A/ColorSyncLegacy
0x000000000020d000 	/System/Library/Frameworks/ApplicationServices.framework/Versions/A/Frameworks/HIServices.framework/Versions/A/HIServices
0x000000000020d000 	/System/Library/Frameworks/ApplicationServices.framework/Versions/A/Frameworks/LangAnalysis.framework/Versions/A/LangAnalysis
0x000000000020d000 	/System/Library/Frameworks/ApplicationServices.framework/Versions/A/Frameworks/PrintCore.framework/Versions/A/PrintCore
0x000000000020d000 	/System/Library/Frameworks/ApplicationServices.framework/Versions/A/Frameworks/QD.framework/Versions/A/QD
0x000000000020d000 	/System/Library/Frameworks/ApplicationServices.framework/Versions/A/Frameworks/SpeechSynthesis.framework/Versions/A/SpeechSynthesis
0x000000000020d000 	/System/Library/Frameworks/ApplicationServices.framework/Versions/A/Frameworks/ATSUI.framework/Versions/A/ATSUI
0x000000000020d000 	/usr/lib/libcups.2.dylib
0x000000000020d000 	/System/Library/PrivateFrameworks/NetAuth.framework/Versions/A/NetAuth
0x000000000020d000 	/System/Library/Frameworks/Kerberos.framework/Versions/A/Kerberos
0x000000000020d000 	/System/Library/Frameworks/GSS.framework/Versions/A/GSS
0x000000000020d000 	/usr/lib/libresolv.9.dylib
0x000000000020d000 	/System/Library/PrivateFrameworks/Heimdal.framework/Versions/A/Heimdal
0x000000000020d000 	/System/Library/Frameworks/Kerberos.framework/Versions/A/Libraries/libHeimdalProxy.dylib
0x000000000020d000 	/System/Library/Frameworks/Network.framework/Versions/A/Network
0x000000000020d000 	/usr/lib/libheimdal-asn1.dylib
0x000000000020d000 	/System/Library/PrivateFrameworks/CommonAuth.framework/Versions/A/CommonAuth
0x000000000020d000 	/System/Library/PrivateFrameworks/login.framework/Versions/A/Frameworks/loginsupport.framework/Versions/A/loginsupport
0x000000000020d000 	/System/Library/PrivateFrameworks/AudioSession.framework/Versions/A/AudioSession
0x000000000020d000 	/usr/lib/libAudioStatistics.dylib
0x000000000020d000 	/System/Library/PrivateFrameworks/MediaExperience.framework/Versions/A/MediaExperience
0x000000000020d000 	/System/Library/PrivateFrameworks/AudioSession.framework/libSessionUtility.dylib
0x000000000020d000 	/usr/lib/libperfcheck.dylib
0x000000000020d000 	/System/Library/PrivateFrameworks/AudioResourceArbitration.framework/Versions/A/AudioResourceArbitration
0x000000000020d000 	/System/Library/PrivateFrameworks/IconFoundation.framework/Versions/A/IconFoundation
0x000000000020d000 	/System/Library/PrivateFrameworks/SpeechRecognitionCore.framework/Versions/A/SpeechRecognitionCore
0x000000010ad83000 	/Library/Java/JavaVirtualMachines/jdk1.8.0_20.jdk/Contents/Home/jre/lib/server/libjvm.dylib
0x000000000020d000 	/usr/lib/libstdc++.6.dylib
0x000000010bc9e000 	/Library/Java/JavaVirtualMachines/jdk1.8.0_20.jdk/Contents/Home/jre/lib/libverify.dylib
0x000000010bcac000 	/Library/Java/JavaVirtualMachines/jdk1.8.0_20.jdk/Contents/Home/jre/lib/libjava.dylib
0x000000010bce1000 	/Library/Java/JavaVirtualMachines/jdk1.8.0_20.jdk/Contents/Home/jre/lib/libinstrument.dylib
0x000000010bd4d000 	/Library/Java/JavaVirtualMachines/jdk1.8.0_20.jdk/Contents/Home/jre/lib/libzip.dylib
0x000000000020d000 	/System/Library/Frameworks/JavaRuntimeSupport.framework/Versions/A/JavaRuntimeSupport
0x000000000020d000 	/System/Library/Frameworks/Carbon.framework/Versions/A/Carbon
0x000000000020d000 	/System/Library/PrivateFrameworks/CoreSymbolication.framework/Versions/A/CoreSymbolication
0x000000000020d000 	/System/Library/Frameworks/Carbon.framework/Versions/A/Frameworks/CommonPanels.framework/Versions/A/CommonPanels
0x000000000020d000 	/System/Library/Frameworks/Carbon.framework/Versions/A/Frameworks/Help.framework/Versions/A/Help
0x000000000020d000 	/System/Library/Frameworks/Carbon.framework/Versions/A/Frameworks/ImageCapture.framework/Versions/A/ImageCapture
0x000000000020d000 	/System/Library/Frameworks/Carbon.framework/Versions/A/Frameworks/OpenScripting.framework/Versions/A/OpenScripting
0x000000000020d000 	/System/Library/Frameworks/Carbon.framework/Versions/A/Frameworks/Ink.framework/Versions/A/Ink
0x000000000020d000 	/System/Library/Frameworks/Carbon.framework/Versions/A/Frameworks/Print.framework/Versions/A/Print
0x000000000020d000 	/System/Library/Frameworks/Carbon.framework/Versions/A/Frameworks/SecurityHI.framework/Versions/A/SecurityHI
0x000000000020d000 	/System/Library/PrivateFrameworks/DebugSymbols.framework/Versions/A/DebugSymbols
0x000000010f904000 	/Library/Java/JavaVirtualMachines/jdk1.8.0_20.jdk/Contents/Home/jre/lib/libnet.dylib
0x000000010ff46000 	/Library/Java/JavaVirtualMachines/jdk1.8.0_20.jdk/Contents/Home/jre/lib/libawt.dylib
0x000000010fff5000 	/Library/Java/JavaVirtualMachines/jdk1.8.0_20.jdk/Contents/Home/jre/lib/libmlib_image.dylib
0x000000000020d000 	/System/Library/Frameworks/JavaNativeFoundation.framework/Versions/A/JavaNativeFoundation
0x00000001100c1000 	/Library/Java/JavaVirtualMachines/jdk1.8.0_20.jdk/Contents/Home/jre/lib/libawt_lwawt.dylib
0x0000000110174000 	/Library/Java/JavaVirtualMachines/jdk1.8.0_20.jdk/Contents/Home/jre/lib/libosxapp.dylib
0x000000000020d000 	/System/Library/Frameworks/ExceptionHandling.framework/Versions/A/ExceptionHandling
0x000000000020d000 	/System/Library/PrivateFrameworks/CoreServicesInternal.framework/Versions/A/CoreServicesInternal
0x000000000020d000 	/System/Library/Frameworks/FileProvider.framework/Versions/A/FileProvider
0x000000000020d000 	/System/Library/Frameworks/Accounts.framework/Versions/A/Accounts
0x000000000020d000 	/System/Library/PrivateFrameworks/GenerationalStorage.framework/Versions/A/GenerationalStorage
0x000000000020d000 	/System/Library/PrivateFrameworks/SymptomDiagnosticReporter.framework/Versions/A/SymptomDiagnosticReporter
0x000000000020d000 	/System/Library/PrivateFrameworks/DesktopServicesPriv.framework/Versions/A/DesktopServicesPriv
0x000000000020d000 	/usr/lib/libsandbox.1.dylib
0x000000000020d000 	/System/Library/PrivateFrameworks/UserManagement.framework/Versions/A/UserManagement
0x000000000020d000 	/System/Library/PrivateFrameworks/MobileKeyBag.framework/Versions/A/MobileKeyBag
0x000000000020d000 	/System/Library/PrivateFrameworks/ChunkingLibrary.framework/Versions/A/ChunkingLibrary
0x000000000020d000 	/System/Library/PrivateFrameworks/Sharing.framework/Versions/A/Sharing
0x000000000020d000 	/System/Library/PrivateFrameworks/Apple80211.framework/Versions/A/Apple80211
0x000000000020d000 	/System/Library/PrivateFrameworks/AuthKit.framework/Versions/A/AuthKit
0x000000000020d000 	/System/Library/PrivateFrameworks/CoreUtils.framework/Versions/A/CoreUtils
0x000000000020d000 	/System/Library/Frameworks/CoreWLAN.framework/Versions/A/CoreWLAN
0x000000000020d000 	/System/Library/Frameworks/IOBluetooth.framework/Versions/A/IOBluetooth
0x000000000020d000 	/System/Library/PrivateFrameworks/CoreWiFi.framework/Versions/A/CoreWiFi
0x000000000020d000 	/System/Library/PrivateFrameworks/CorePhoneNumbers.framework/Versions/A/CorePhoneNumbers
0x000000000020d000 	/System/Library/PrivateFrameworks/DiskManagement.framework/Versions/A/DiskManagement
0x000000000020d000 	/System/Library/PrivateFrameworks/AppleIDAuthSupport.framework/Versions/A/AppleIDAuthSupport
0x000000000020d000 	/System/Library/PrivateFrameworks/KeychainCircle.framework/Versions/A/KeychainCircle
0x000000000020d000 	/System/Library/PrivateFrameworks/MediaKit.framework/Versions/A/MediaKit
0x000000000020d000 	/System/Library/Frameworks/DiscRecording.framework/Versions/A/DiscRecording
0x000000000020d000 	/usr/lib/libCoreStorage.dylib
0x000000000020d000 	/usr/lib/libcsfde.dylib
0x000000000020d000 	/System/Library/PrivateFrameworks/ProtectedCloudStorage.framework/Versions/A/ProtectedCloudStorage
0x000000000020d000 	/System/Library/PrivateFrameworks/EFILogin.framework/Versions/A/EFILogin
0x000000000020d000 	/System/Library/Frameworks/AudioUnit.framework/Versions/A/AudioUnit
0x000000000020d000 	/System/Library/Frameworks/CoreBluetooth.framework/Versions/A/CoreBluetooth
0x000000000020d000 	/usr/lib/libMatch.1.dylib
0x000000000020d000 	/System/Library/CoreServices/RawCamera.bundle/Contents/MacOS/RawCamera
0x000000000020d000 	/System/Library/PrivateFrameworks/MobileAsset.framework/Versions/A/MobileAsset
0x000000000020d000 	/System/Library/PrivateFrameworks/StreamingZip.framework/Versions/A/StreamingZip
0x000000000020d000 	/System/Library/Frameworks/MediaToolbox.framework/Versions/A/MediaToolbox
0x000000000020d000 	/System/Library/PrivateFrameworks/CoreAVCHD.framework/Versions/A/CoreAVCHD
0x000000000020d000 	/System/Library/Frameworks/MediaAccessibility.framework/Versions/A/MediaAccessibility
0x000000000020d000 	/System/Library/PrivateFrameworks/Mangrove.framework/Versions/A/Mangrove
0x000000000020d000 	/System/Library/PrivateFrameworks/AlgosScoreFramework.framework/Versions/A/AlgosScoreFramework
0x000000000020d000 	/System/Library/PrivateFrameworks/AppleVPA.framework/Versions/A/AppleVPA
0x000000000020d000 	/System/Library/PrivateFrameworks/CoreAUC.framework/Versions/A/CoreAUC
0x000000000020d000 	/System/Library/Frameworks/Accelerate.framework/Versions/A/Frameworks/vImage.framework/Versions/A/Libraries/libCGInterfaces.dylib
0x00000001117c2000 	/usr/lib/libobjc-trampolines.dylib
0x000000000020d000 	/System/Library/PrivateFrameworks/FamilyControls.framework/Versions/A/FamilyControls
0x000000000020d000 	/System/Library/PrivateFrameworks/CommerceKit.framework/Versions/A/Frameworks/CommerceCore.framework/Versions/A/CommerceCore
0x000000000020d000 	/System/Library/PrivateFrameworks/SystemAdministration.framework/Versions/A/SystemAdministration
0x000000000020d000 	/System/Library/PrivateFrameworks/AppContainer.framework/Versions/A/AppContainer
0x000000000020d000 	/System/Library/PrivateFrameworks/SecCodeWrapper.framework/Versions/A/SecCodeWrapper
0x000000000020d000 	/System/Library/PrivateFrameworks/CrashReporterSupport.framework/Versions/A/CrashReporterSupport
0x000000000020d000 	/System/Library/PrivateFrameworks/OSAnalytics.framework/Versions/A/OSAnalytics
0x000000000020d000 	/usr/lib/libRosetta.dylib
0x000000000020d000 	/System/Library/PrivateFrameworks/RemoteServiceDiscovery.framework/Versions/A/RemoteServiceDiscovery
0x000000000020d000 	/System/Library/PrivateFrameworks/Symbolication.framework/Versions/A/Symbolication
0x000000000020d000 	/System/Library/PrivateFrameworks/MallocStackLogging.framework/Versions/A/MallocStackLogging
0x000000000020d000 	/System/Library/PrivateFrameworks/login.framework/Versions/A/login
0x000000000020d000 	/System/Library/Frameworks/DirectoryService.framework/Versions/A/DirectoryService
0x000000000020d000 	/System/Library/PrivateFrameworks/DiskImages.framework/Versions/A/DiskImages
0x000000000020d000 	/System/Library/PrivateFrameworks/LoginUIKit.framework/Versions/A/Frameworks/LoginUICore.framework/Versions/A/LoginUICore
0x000000000020d000 	/usr/lib/libodfde.dylib
0x000000000020d000 	/usr/lib/libcurl.4.dylib
0x000000000020d000 	/usr/lib/libcrypto.44.dylib
0x000000000020d000 	/usr/lib/libssl.46.dylib
0x000000000020d000 	/System/Library/Frameworks/LDAP.framework/Versions/A/LDAP
0x000000000020d000 	/System/Library/PrivateFrameworks/TrustEvaluationAgent.framework/Versions/A/TrustEvaluationAgent
0x000000000020d000 	/usr/lib/libsasl2.2.dylib
0x000000000020d000 	/System/Library/PrivateFrameworks/CoreDaemon.framework/Versions/B/CoreDaemon
0x000000000020d000 	/System/Library/PrivateFrameworks/AppleSRP.framework/Versions/A/AppleSRP
0x000000000020d000 	/System/Library/PrivateFrameworks/ViewBridge.framework/Versions/A/ViewBridge
0x000000013f286000 	/Library/Java/JavaVirtualMachines/jdk1.8.0_20.jdk/Contents/Home/jre/lib/libfontmanager.dylib
0x000000000020d000 	/System/Library/Frameworks/OpenGL.framework/Versions/A/Resources/GLEngine.bundle/GLEngine
0x000000000020d000 	/System/Library/Frameworks/OpenGL.framework/Versions/A/Libraries/libGLProgrammability.dylib
0x000000000020d000 	/System/Library/Extensions/AppleIntelKBLGraphicsGLDriver.bundle/Contents/MacOS/AppleIntelKBLGraphicsGLDriver
0x000000000020d000 	/System/Library/PrivateFrameworks/GPUSupport.framework/Versions/A/Libraries/libGPUSupportMercury.dylib
0x000000013f2ec000 	/System/Library/Extensions/AMDRadeonX6000GLDriver.bundle/Contents/MacOS/AMDRadeonX6000GLDriver
0x000000000020d000 	/System/Library/Extensions/AMDRadeonX6000GLDriver.bundle/Contents/MacOS/ATIRadeonX6000SCLib.dylib
0x000000000020d000 	/System/Library/Extensions/AMDShared.bundle/Contents/PlugIns/libSC.dylib
0x000000000020d000 	/System/Library/Frameworks/OpenGL.framework/Versions/A/Resources/GLRendererFloat.bundle/GLRendererFloat
0x000000013f774000 	/Library/Java/JavaVirtualMachines/jdk1.8.0_20.jdk/Contents/Home/jre/lib/libosxui.dylib
0x000000013f77d000 	/Library/Java/JavaVirtualMachines/jdk1.8.0_20.jdk/Contents/Home/jre/lib/libmanagement.dylib
0x000000014f5b0000 	/Library/Java/JavaVirtualMachines/jdk1.8.0_20.jdk/Contents/Home/jre/lib/libsunec.dylib
0x000000014f7dd000 	/Library/Java/JavaVirtualMachines/jdk1.8.0_20.jdk/Contents/Home/jre/lib/libnio.dylib
0x000000014fe10000 	/Library/Java/JavaVirtualMachines/jdk1.8.0_20.jdk/Contents/Home/jre/lib/libdcpr.dylib

VM Arguments:
jvm_args: -javaagent:/Applications/IntelliJ IDEA 2.app/Contents/lib/idea_rt.jar=60591:/Applications/IntelliJ IDEA 2.app/Contents/bin -Dfile.encoding=UTF-8 
java_command: clojure.main -m more-speech.core
java_class_path (initial): /Library/Java/JavaVirtualMachines/jdk1.8.0_20.jdk/Contents/Home/lib/ant-javafx.jar:/Library/Java/JavaVirtualMachines/jdk1.8.0_20.jdk/Contents/Home/lib/dt.jar:/Library/Java/JavaVirtualMachines/jdk1.8.0_20.jdk/Contents/Home/lib/javafx-mx.jar:/Library/Java/JavaVirtualMachines/jdk1.8.0_20.jdk/Contents/Home/lib/jconsole.jar:/Library/Java/JavaVirtualMachines/jdk1.8.0_20.jdk/Contents/Home/lib/sa-jdi.jar:/Library/Java/JavaVirtualMachines/jdk1.8.0_20.jdk/Contents/Home/lib/tools.jar:/Library/Java/JavaVirtualMachines/jdk1.8.0_20.jdk/Contents/Home/jre/lib/charsets.jar:/Library/Java/JavaVirtualMachines/jdk1.8.0_20.jdk/Contents/Home/jre/lib/deploy.jar:/Library/Java/JavaVirtualMachines/jdk1.8.0_20.jdk/Contents/Home/jre/lib/javaws.jar:/Library/Java/JavaVirtualMachines/jdk1.8.0_20.jdk/Contents/Home/jre/lib/jce.jar:/Library/Java/JavaVirtualMachines/jdk1.8.0_20.jdk/Contents/Home/jre/lib/jfr.jar:/Library/Java/JavaVirtualMachines/jdk1.8.0_20.jdk/Contents/Home/jre/lib/jfxswt.jar:/Library/Java/JavaVirtualMachines/jdk1.8.0_20.jdk/Contents/Home/jre/lib/jsse.jar:/Library/Java/JavaVirtualMachines/jdk1.8.0_20.jdk/Contents/Home/jre/lib/management-agent.jar:/Library/Java/JavaVirtualMachines/jdk1.8.0_20.jdk/Contents/Home/jre/lib/plugin.jar:/Library/Java/JavaVirtualMachines/jdk1.8.0_20.jdk/Contents/Home/jre/lib/resources.jar:/Library/Java/JavaVirtualMachines/jdk1.8.0_20.jdk/Contents/Home/jre/lib/rt.jar:/Library/Java/JavaVirtualMachines/jdk1.8.0_20.jdk/Contents/Home/jre/lib/ext/cldrdata.jar:/Library/Java/JavaVirtualMachines/jdk1.8.0_20.jdk/Contents/Home/jre/lib/ext/dnsns.jar:/Library/Java/JavaVirtualMachines/jdk1.8.0_20.jdk/Contents/Home/jre/lib/ext/jfxrt.jar:/Library/Java/JavaVirtualMachines/jdk1.8.0_20.jdk/Contents/Home/jre/lib/ext/localedata.jar:/Library/Java/JavaVirtualMachines/jdk1.8.0_20.jdk/Contents/Home/jre/lib/ext/nashorn.jar:/Library/Java/JavaVirtualMachines/jdk1.8.0_20.jdk/Contents/Home/jre/lib/ext/sunec.jar:/Library/Java/JavaVirtualMachines/jdk1.8.0_20.jdk/C
Launcher Type: SUN_STANDARD

Environment Variables:
JAVA_HOME=/Library/Java/JavaVirtualMachines/jdk1.8.0_20.jdk/Contents/Home
PATH=/Users/unclebob/.rvm/gems/ruby-1.9.2-p290/bin:/Users/unclebob/.rvm/gems/ruby-1.9.2-p290@global/bin:/Users/unclebob/.rvm/rubies/ruby-1.9.2-p290/bin:/Users/unclebob/.rvm/bin:/usr/local/apache-maven/apache-maven-3.2.3/bin:/Users/unclebob/.lein/bin:/Library/Frameworks/Python.framework/Versions/Current/bin:/opt/local/lib/mysql5/bin:/usr/local/bin:/opt/local/bin:/opt/local/sbin:/Users/unclebob/Library/jruby-1.4.0RC2/bin:/Users/unclebob/bin:/Users/unclebob/bin:/Applications:/Applications/TextMate.app/Contents/Resources:/usr/local/bin:/usr/bin:/bin:/usr/sbin:/sbin:/usr/local/go/bin:/opt/X11/bin:/Library/Frameworks/Mono.framework/Versions/Current/Commands:/Users/unclebob/.cljr/bin/:/usr/local/bin/apache-ant-1.9.2/bin:/Users/unclebob/.rvm/bin
SHELL=/bin/bash
DISPLAY=/private/tmp/com.apple.launchd.mH3B7BvoPd/org.macosforge.xquartz:0

Signal Handlers:
SIGSEGV: [libjvm.dylib+0x578fd7], sa_mask[0]=11111111011111110111111111111111, sa_flags=SA_ONSTACK|SA_RESTART|SA_SIGINFO
SIGBUS: [libjvm.dylib+0x578fd7], sa_mask[0]=11111111011111110111111111111111, sa_flags=SA_RESTART|SA_SIGINFO
SIGFPE: [libjvm.dylib+0x45ab0c], sa_mask[0]=11111111011111110111111111111111, sa_flags=SA_RESTART|SA_SIGINFO
SIGPIPE: [libjvm.dylib+0x45ab0c], sa_mask[0]=11111111011111110111111111111111, sa_flags=SA_RESTART|SA_SIGINFO
SIGXFSZ: [libjvm.dylib+0x45ab0c], sa_mask[0]=11111111011111110111111111111111, sa_flags=SA_RESTART|SA_SIGINFO
SIGILL: [libjvm.dylib+0x45ab0c], sa_mask[0]=11111111011111110111111111111111, sa_flags=SA_RESTART|SA_SIGINFO
SIGUSR1: SIG_DFL, sa_mask[0]=00000000000000000000000000000000, sa_flags=none
SIGUSR2: [libjvm.dylib+0x45a62a], sa_mask[0]=00100000000000000000000000000000, sa_flags=SA_RESTART|SA_SIGINFO
SIGHUP: [libjvm.dylib+0x458bfd], sa_mask[0]=11111111011111110111111111111111, sa_flags=SA_RESTART|SA_SIGINFO
SIGINT: [libjvm.dylib+0x458bfd], sa_mask[0]=11111111011111110111111111111111, sa_flags=SA_RESTART|SA_SIGINFO
SIGTERM: [libjvm.dylib+0x458bfd], sa_mask[0]=11111111011111110111111111111111, sa_flags=SA_RESTART|SA_SIGINFO
SIGQUIT: [libjvm.dylib+0x458bfd], sa_mask[0]=11111111011111110111111111111111, sa_flags=SA_RESTART|SA_SIGINFO


---------------  S Y S T E M  ---------------

OS:Bsduname:Darwin 20.6.0 Darwin Kernel Version 20.6.0: Wed Jan 12 22:22:42 PST 2022; root:xnu-7195.141.19~2/RELEASE_X86_64 x86_64
rlimit: STACK 8192k, CORE 0k, NPROC 5568, NOFILE 10240, AS infinity
load average:2.93 2.10 2.02

CPU:total 16 (8 cores per cpu, 2 threads per core) family 6 model 158 stepping 13, cmov, cx8, fxsr, mmx, sse, sse2, sse3, ssse3, sse4.1, sse4.2, popcnt, avx, avx2, aes, clmul, erms, lzcnt, ht, tsc, tscinvbit, bmi1, bmi2

Memory: 4k page, physical 33554432k(31284k free)

/proc/meminfo:


vm_info: Java HotSpot(TM) 64-Bit Server VM (25.20-b23) for bsd-amd64 JRE (1.8.0_20-b26), built on Jul 30 2014 13:37:47 by "java_re" with gcc 4.2.1 (Based on Apple Inc. build 5658) (LLVM build 2336.9.00)

time: Tue Apr  5 11:05:46 2022
elapsed time: 10 seconds (0d 0h 0m 10s)

