#
# A fatal error has been detected by the Java Runtime Environment:
#
#  Internal Error (sharedRuntime.cpp:833), pid=59479, tid=63535
#  fatal error: exception happened outside interpreter, nmethods and vtable stubs at pc 0x000000011b0540af
#
# JRE version: Java(TM) SE Runtime Environment (8.0_20-b26) (build 1.8.0_20-b26)
# Java VM: Java HotSpot(TM) 64-Bit Server VM (25.20-b23 mixed mode bsd-amd64 compressed oops)
# Failed to write core dump. Core dumps have been disabled. To enable core dumping, try "ulimit -c unlimited" before starting Java again
#
# If you would like to submit a bug report, please visit:
#   http://bugreport.sun.com/bugreport/crash.jsp
#

---------------  T H R E A D  ---------------

Current thread (0x00007fd37c1e8800):  JavaThread "aleph-netty-client-event-pool-1" daemon [_thread_in_Java, id=63535, stack(0x000070000e28a000,0x000070000e38a000)]

Stack: [0x000070000e28a000,0x000070000e38a000],  sp=0x000070000e3878f0,  free space=1014k
Native frames: (J=compiled Java code, j=interpreted, Vv=VM code, C=native code)
V  [libjvm.dylib+0x578854]  VMError::report_and_die()+0x402
V  [libjvm.dylib+0x1dab63]  report_vm_error(char const*, int, char const*, char const*)+0x54
V  [libjvm.dylib+0x4b66c1]  SharedRuntime::continuation_for_implicit_exception(JavaThread*, unsigned char*, SharedRuntime::ImplicitExceptionKind)+0x195
V  [libjvm.dylib+0x45e577]  JVM_handle_bsd_signal+0x368
V  [libjvm.dylib+0x45ab3b]  signalHandler(int, __siginfo*, void*)+0x2f
C  [libsystem_platform.dylib+0x3d7d]  _sigtramp+0x1d
V  [libjvm.dylib+0x3a25eb]  LinkResolver::linktime_resolve_virtual_method(methodHandle&, KlassHandle, Symbol*, Symbol*, KlassHandle, bool, Thread*)+0x47
J 7879 C2 com.sun.crypto.provider.GaloisCounterMode.decryptFinal([BII[BI)I (256 bytes) @ 0x000000011cc077d2 [0x000000011cc06b80+0xc52]


---------------  P R O C E S S  ---------------

Java Threads: ( => current thread )
  0x00007fd36c483800 JavaThread "manifold-scheduler-pool-1" daemon [_thread_blocked, id=125027, stack(0x000070000e490000,0x000070000e590000)]
  0x00007fd37c7ad800 JavaThread "async-dispatch-1" daemon [_thread_blocked, id=125371, stack(0x000070000e38d000,0x000070000e48d000)]
=>0x00007fd37c1e8800 JavaThread "aleph-netty-client-event-pool-1" daemon [_thread_in_Java, id=63535, stack(0x000070000e28a000,0x000070000e38a000)]
  0x00007fd2d82e6000 JavaThread "Animation Thread" [_thread_in_Java, id=1591, stack(0x000070000e187000,0x000070000e287000)]
  0x00007fd34c4b4000 JavaThread "AWT-EventQueue-0" [_thread_blocked, id=66311, stack(0x000070000e084000,0x000070000e184000)]
  0x00007fd36c7f5800 JavaThread "Image Fetcher 0" daemon [_thread_blocked, id=67335, stack(0x000070000de7b000,0x000070000df7b000)]
  0x00007fd37c527000 JavaThread "Java2D Disposer" daemon [_thread_blocked, id=68867, stack(0x000070000dd78000,0x000070000de78000)]
  0x00007fd37dc77800 JavaThread "Java2D Queue Flusher" daemon [_thread_blocked, id=44827, stack(0x000070000dc75000,0x000070000dd75000)]
  0x00007fd37c37b000 JavaThread "dirigiste-pool-controller-0" daemon [_thread_blocked, id=43787, stack(0x000070000db72000,0x000070000dc72000)]
  0x00007fd2bd9e8800 JavaThread "manifold-pool-1-1" daemon [_thread_blocked, id=84487, stack(0x000070000da6f000,0x000070000db6f000)]
  0x00007fd2bdcf5000 JavaThread "dirigiste-executor-controller-0" daemon [_thread_blocked, id=87067, stack(0x000070000d7e0000,0x000070000d8e0000)]
  0x00007fd37dacb000 JavaThread "AWT-Shutdown" [_thread_blocked, id=32803, stack(0x000070000d65a000,0x000070000d75a000)]
  0x00007fd37d249800 JavaThread "AppKit Thread" daemon [_thread_in_native, id=259, stack(0x00007ffedfee5000,0x00007ffee06e5000)]
  0x00007fd34c890000 JavaThread "Attach Listener" daemon [_thread_blocked, id=25603, stack(0x000070000d557000,0x000070000d657000)]
  0x00007fd37c111000 JavaThread "Service Thread" daemon [_thread_blocked, id=25091, stack(0x000070000d351000,0x000070000d451000)]
  0x00007fd35c00e000 JavaThread "C1 CompilerThread11" daemon [_thread_blocked, id=40963, stack(0x000070000d24e000,0x000070000d34e000)]
  0x00007fd37c81f800 JavaThread "C1 CompilerThread10" daemon [_thread_in_vm, id=41219, stack(0x000070000d14b000,0x000070000d24b000)]
  0x00007fd37c81e000 JavaThread "C1 CompilerThread9" daemon [_thread_blocked, id=24323, stack(0x000070000d048000,0x000070000d148000)]
  0x00007fd36c0ab800 JavaThread "C1 CompilerThread8" daemon [_thread_blocked, id=41475, stack(0x000070000cf45000,0x000070000d045000)]
  0x00007fd34c020000 JavaThread "C2 CompilerThread7" daemon [_thread_blocked, id=23555, stack(0x000070000ce42000,0x000070000cf42000)]
  0x00007fd36c0a3000 JavaThread "C2 CompilerThread6" daemon [_thread_blocked, id=23299, stack(0x000070000cd3f000,0x000070000ce3f000)]
  0x00007fd34c01f800 JavaThread "C2 CompilerThread5" daemon [_thread_blocked, id=42243, stack(0x000070000cc3c000,0x000070000cd3c000)]
  0x00007fd36c0a2000 JavaThread "C2 CompilerThread4" daemon [_thread_blocked, id=23043, stack(0x000070000cb39000,0x000070000cc39000)]
  0x00007fd34c00e800 JavaThread "C2 CompilerThread3" daemon [_thread_blocked, id=42755, stack(0x000070000ca36000,0x000070000cb36000)]
  0x00007fd37d008800 JavaThread "C2 CompilerThread2" daemon [_thread_blocked, id=22531, stack(0x000070000c933000,0x000070000ca33000)]
  0x00007fd36c0a1800 JavaThread "C2 CompilerThread1" daemon [_thread_in_native, id=22019, stack(0x000070000c830000,0x000070000c930000)]
  0x00007fd37d9db800 JavaThread "C2 CompilerThread0" daemon [_thread_blocked, id=21763, stack(0x000070000c72d000,0x000070000c82d000)]
  0x00007fd37d9d0800 JavaThread "Monitor Ctrl-Break" daemon [_thread_in_native, id=15619, stack(0x000070000c62a000,0x000070000c72a000)]
  0x00007fd37e824800 JavaThread "Signal Dispatcher" daemon [_thread_blocked, id=14851, stack(0x000070000c527000,0x000070000c627000)]
  0x00007fd37d00a800 JavaThread "Finalizer" daemon [_thread_blocked, id=13571, stack(0x000070000c31e000,0x000070000c41e000)]
  0x00007fd36c015800 JavaThread "Reference Handler" daemon [_thread_blocked, id=18435, stack(0x000070000c21b000,0x000070000c31b000)]
  0x00007fd37c80d800 JavaThread "main" [_thread_blocked, id=3587, stack(0x000070000b2ee000,0x000070000b3ee000)]

Other Threads:
  0x00007fd36c011000 VMThread [stack: 0x000070000c118000,0x000070000c218000] [id=18691]
  0x00007fd36c0ac800 WatcherThread [stack: 0x000070000d454000,0x000070000d554000] [id=40451]

VM state:not at safepoint (normal execution)

VM Mutex/Monitor currently owned by a thread: None

Heap:
 PSYoungGen      total 538112K, used 244161K [0x0000000715580000, 0x000000073b100000, 0x00000007c0000000)
  eden space 495616K, 41% used [0x0000000715580000,0x0000000721c6b788,0x0000000733980000)
  from space 42496K, 95% used [0x0000000736980000,0x0000000739105050,0x0000000739300000)
  to   space 49152K, 0% used [0x0000000733980000,0x0000000733980000,0x0000000736980000)
 ParOldGen       total 512512K, used 70812K [0x00000005c0000000, 0x00000005df480000, 0x0000000715580000)
  object space 512512K, 13% used [0x00000005c0000000,0x00000005c45271b0,0x00000005df480000)
 Metaspace       used 64273K, capacity 86590K, committed 86832K, reserved 1114112K
  class space    used 14780K, capacity 21993K, committed 22064K, reserved 1048576K

Card table byte_map: [0x00000001108f7000,0x00000001118f8000] byte_map_base: 0x000000010daf7000

Marking Bits: (ParMarkBitMap*) 0x000000010fe00330
 Begin Bits: [0x000000012a000000, 0x0000000132000000)
 End Bits:   [0x0000000132000000, 0x000000013a000000)

Polling page: 0x00000001104c1000

CodeCache: size=245760Kb used=28443Kb max_used=28549Kb free=217316Kb
 bounds [0x000000011b000000, 0x000000011cc10000, 0x000000012a000000]
 total_blobs=7081 nmethods=6369 adapters=622
 compilation: enabled

Compilation events (10 events):
Event: 11.164 Thread 0x00007fd37c81e000 nmethod 7942 0x000000011b4c6c50 code [0x000000011b4c6da0, 0x000000011b4c6ef0]
Event: 11.164 Thread 0x00007fd37c81f800 nmethod 7940 0x000000011b4c6850 code [0x000000011b4c69c0, 0x000000011b4c6bf0]
Event: 11.164 Thread 0x00007fd35c00e000 nmethod 7943 0x000000011b4c6550 code [0x000000011b4c66a0, 0x000000011b4c67f0]
Event: 11.168 Thread 0x00007fd34c00e800 7944       4       sun.nio.cs.StreamEncoder::ensureOpen (18 bytes)
Event: 11.168 Thread 0x00007fd34c00e800 nmethod 7944 0x000000011b4a9510 code [0x000000011b4a9660, 0x000000011b4a96d8]
Event: 11.169 Thread 0x00007fd34c020000 7945       4       clojure.core$coll_QMARK_::invoke (7 bytes)
Event: 11.169 Thread 0x00007fd34c020000 nmethod 7945 0x000000011ba07190 code [0x000000011ba072e0, 0x000000011ba07398]
Event: 11.170 Thread 0x00007fd36c0ab800 7946       3       io.netty.util.internal.PlatformDependent::hasUnsafe (12 bytes)
Event: 11.170 Thread 0x00007fd36c0ab800 nmethod 7946 0x000000011b3aaa10 code [0x000000011b3aab80, 0x000000011b3aacd0]
Event: 11.174 Thread 0x00007fd36c0a3000 nmethod 7939 0x000000011b3f8390 code [0x000000011b3f86e0, 0x000000011b3f99f8]

GC Heap History (10 events):
Event: 8.086 GC heap before
{Heap before GC invocations=13 (full 3):
 PSYoungGen      total 356864K, used 345600K [0x0000000715580000, 0x000000072e180000, 0x00000007c0000000)
  eden space 345600K, 100% used [0x0000000715580000,0x000000072a700000,0x000000072a700000)
  from space 11264K, 0% used [0x000000072a700000,0x000000072a700000,0x000000072b200000)
  to   space 11776K, 0% used [0x000000072d600000,0x000000072d600000,0x000000072e180000)
 ParOldGen       total 512512K, used 20781K [0x00000005c0000000, 0x00000005df480000, 0x0000000715580000)
  object space 512512K, 4% used [0x00000005c0000000,0x00000005c144b528,0x00000005df480000)
 Metaspace       used 51183K, capacity 72028K, committed 72368K, reserved 1101824K
  class space    used 13015K, capacity 19772K, committed 19888K, reserved 1048576K
Event: 8.092 GC heap after
Heap after GC invocations=13 (full 3):
 PSYoungGen      total 389632K, used 8078K [0x0000000715580000, 0x000000072df80000, 0x00000007c0000000)
  eden space 379904K, 0% used [0x0000000715580000,0x0000000715580000,0x000000072c880000)
  from space 9728K, 83% used [0x000000072d600000,0x000000072dde3ba0,0x000000072df80000)
  to   space 11776K, 0% used [0x000000072c880000,0x000000072c880000,0x000000072d400000)
 ParOldGen       total 512512K, used 20789K [0x00000005c0000000, 0x00000005df480000, 0x0000000715580000)
  object space 512512K, 4% used [0x00000005c0000000,0x00000005c144d528,0x00000005df480000)
 Metaspace       used 51183K, capacity 72028K, committed 72368K, reserved 1101824K
  class space    used 13015K, capacity 19772K, committed 19888K, reserved 1048576K
}
Event: 10.049 GC heap before
{Heap before GC invocations=14 (full 3):
 PSYoungGen      total 389632K, used 387982K [0x0000000715580000, 0x000000072df80000, 0x00000007c0000000)
  eden space 379904K, 100% used [0x0000000715580000,0x000000072c880000,0x000000072c880000)
  from space 9728K, 83% used [0x000000072d600000,0x000000072dde3ba0,0x000000072df80000)
  to   space 11776K, 0% used [0x000000072c880000,0x000000072c880000,0x000000072d400000)
 ParOldGen       total 512512K, used 20789K [0x00000005c0000000, 0x00000005df480000, 0x0000000715580000)
  object space 512512K, 4% used [0x00000005c0000000,0x00000005c144d528,0x00000005df480000)
 Metaspace       used 63604K, capacity 85866K, committed 86064K, reserved 1114112K
  class space    used 14778K, capacity 21993K, committed 22064K, reserved 1048576K
Event: 10.071 GC heap after
Heap after GC invocations=14 (full 3):
 PSYoungGen      total 391680K, used 11757K [0x0000000715580000, 0x0000000732e00000, 0x00000007c0000000)
  eden space 379904K, 0% used [0x0000000715580000,0x0000000715580000,0x000000072c880000)
  from space 11776K, 99% used [0x000000072c880000,0x000000072d3fb708,0x000000072d400000)
  to   space 31744K, 0% used [0x0000000730f00000,0x0000000730f00000,0x0000000732e00000)
 ParOldGen       total 512512K, used 70773K [0x00000005c0000000, 0x00000005df480000, 0x0000000715580000)
  object space 512512K, 13% used [0x00000005c0000000,0x00000005c451d550,0x00000005df480000)
 Metaspace       used 63604K, capacity 85866K, committed 86064K, reserved 1114112K
  class space    used 14778K, capacity 21993K, committed 22064K, reserved 1048576K
}
Event: 10.394 GC heap before
{Heap before GC invocations=15 (full 3):
 PSYoungGen      total 391680K, used 391661K [0x0000000715580000, 0x0000000732e00000, 0x00000007c0000000)
  eden space 379904K, 100% used [0x0000000715580000,0x000000072c880000,0x000000072c880000)
  from space 11776K, 99% used [0x000000072c880000,0x000000072d3fb708,0x000000072d400000)
  to   space 31744K, 0% used [0x0000000730f00000,0x0000000730f00000,0x0000000732e00000)
 ParOldGen       total 512512K, used 70773K [0x00000005c0000000, 0x00000005df480000, 0x0000000715580000)
  object space 512512K, 13% used [0x00000005c0000000,0x00000005c451d550,0x00000005df480000)
 Metaspace       used 63971K, capacity 86278K, committed 86576K, reserved 1114112K
  class space    used 14778K, capacity 21993K, committed 22064K, reserved 1048576K
Event: 10.407 GC heap after
Heap after GC invocations=15 (full 3):
 PSYoungGen      total 446976K, used 31732K [0x0000000715580000, 0x0000000734f00000, 0x00000007c0000000)
  eden space 415232K, 0% used [0x0000000715580000,0x0000000715580000,0x000000072eb00000)
  from space 31744K, 99% used [0x0000000730f00000,0x0000000732dfd050,0x0000000732e00000)
  to   space 36864K, 0% used [0x000000072eb00000,0x000000072eb00000,0x0000000730f00000)
 ParOldGen       total 512512K, used 70781K [0x00000005c0000000, 0x00000005df480000, 0x0000000715580000)
  object space 512512K, 13% used [0x00000005c0000000,0x00000005c451f550,0x00000005df480000)
 Metaspace       used 63971K, capacity 86278K, committed 86576K, reserved 1114112K
  class space    used 14778K, capacity 21993K, committed 22064K, reserved 1048576K
}
Event: 10.739 GC heap before
{Heap before GC invocations=16 (full 3):
 PSYoungGen      total 446976K, used 446964K [0x0000000715580000, 0x0000000734f00000, 0x00000007c0000000)
  eden space 415232K, 100% used [0x0000000715580000,0x000000072eb00000,0x000000072eb00000)
  from space 31744K, 99% used [0x0000000730f00000,0x0000000732dfd050,0x0000000732e00000)
  to   space 36864K, 0% used [0x000000072eb00000,0x000000072eb00000,0x0000000730f00000)
 ParOldGen       total 512512K, used 70781K [0x00000005c0000000, 0x00000005df480000, 0x0000000715580000)
  object space 512512K, 13% used [0x00000005c0000000,0x00000005c451f550,0x00000005df480000)
 Metaspace       used 64192K, capacity 86550K, committed 86832K, reserved 1114112K
  class space    used 14780K, capacity 21993K, committed 22064K, reserved 1048576K
Event: 10.753 GC heap after
Heap after GC invocations=16 (full 3):
 PSYoungGen      total 452096K, used 36308K [0x0000000715580000, 0x0000000739300000, 0x00000007c0000000)
  eden space 415232K, 0% used [0x0000000715580000,0x0000000715580000,0x000000072eb00000)
  from space 36864K, 98% used [0x000000072eb00000,0x0000000730e75050,0x0000000730f00000)
  to   space 42496K, 0% used [0x0000000736980000,0x0000000736980000,0x0000000739300000)
 ParOldGen       total 512512K, used 70789K [0x00000005c0000000, 0x00000005df480000, 0x0000000715580000)
  object space 512512K, 13% used [0x00000005c0000000,0x00000005c4521550,0x00000005df480000)
 Metaspace       used 64192K, capacity 86550K, committed 86832K, reserved 1114112K
  class space    used 14780K, capacity 21993K, committed 22064K, reserved 1048576K
}
Event: 11.026 GC heap before
{Heap before GC invocations=17 (full 3):
 PSYoungGen      total 452096K, used 451540K [0x0000000715580000, 0x0000000739300000, 0x00000007c0000000)
  eden space 415232K, 100% used [0x0000000715580000,0x000000072eb00000,0x000000072eb00000)
  from space 36864K, 98% used [0x000000072eb00000,0x0000000730e75050,0x0000000730f00000)
  to   space 42496K, 0% used [0x0000000736980000,0x0000000736980000,0x0000000739300000)
 ParOldGen       total 512512K, used 70789K [0x00000005c0000000, 0x00000005df480000, 0x0000000715580000)
  object space 512512K, 13% used [0x00000005c0000000,0x00000005c4521550,0x00000005df480000)
 Metaspace       used 64259K, capacity 86582K, committed 86832K, reserved 1114112K
  class space    used 14780K, capacity 21993K, committed 22064K, reserved 1048576K
Event: 11.041 GC heap after
Heap after GC invocations=17 (full 3):
 PSYoungGen      total 538112K, used 40468K [0x0000000715580000, 0x000000073b100000, 0x00000007c0000000)
  eden space 495616K, 0% used [0x0000000715580000,0x0000000715580000,0x0000000733980000)
  from space 42496K, 95% used [0x0000000736980000,0x0000000739105050,0x0000000739300000)
  to   space 49152K, 0% used [0x0000000733980000,0x0000000733980000,0x0000000736980000)
 ParOldGen       total 512512K, used 70812K [0x00000005c0000000, 0x00000005df480000, 0x0000000715580000)
  object space 512512K, 13% used [0x00000005c0000000,0x00000005c45271b0,0x00000005df480000)
 Metaspace       used 64259K, capacity 86582K, committed 86832K, reserved 1114112K
  class space    used 14780K, capacity 21993K, committed 22064K, reserved 1048576K
}

Deoptimization events (10 events):
Event: 10.619 Thread 0x00007fd37c1e8800 Uncommon trap: reason=class_check action=maybe_recompile pc=0x000000011c9d7594 method=io.netty.handler.codec.http.websocketx.WebSocket08FrameDecoder.decode(Lio/netty/channel/ChannelHandlerContext;Lio/netty/buffer/ByteBuf;Ljava/util/List;)V @ 69
Event: 10.619 Thread 0x00007fd37c1e8800 Uncommon trap: reason=class_check action=maybe_recompile pc=0x000000011c9d7594 method=io.netty.handler.codec.http.websocketx.WebSocket08FrameDecoder.decode(Lio/netty/channel/ChannelHandlerContext;Lio/netty/buffer/ByteBuf;Ljava/util/List;)V @ 69
Event: 10.619 Thread 0x00007fd37c1e8800 Uncommon trap: reason=class_check action=maybe_recompile pc=0x000000011c9d7594 method=io.netty.handler.codec.http.websocketx.WebSocket08FrameDecoder.decode(Lio/netty/channel/ChannelHandlerContext;Lio/netty/buffer/ByteBuf;Ljava/util/List;)V @ 69
Event: 10.673 Thread 0x00007fd2d82e6000 Uncommon trap: reason=unloaded action=reinterpret pc=0x000000011bdbf864 method=java.lang.CharacterData.of(I)Ljava/lang/CharacterData; @ 96
Event: 10.674 Thread 0x00007fd2d82e6000 Uncommon trap: reason=unloaded action=reinterpret pc=0x000000011b86052c method=java.lang.CharacterData.of(I)Ljava/lang/CharacterData; @ 96
Event: 10.674 Thread 0x00007fd2d82e6000 Uncommon trap: reason=unloaded action=reinterpret pc=0x000000011b82cc84 method=java.lang.CharacterData.of(I)Ljava/lang/CharacterData; @ 96
Event: 10.674 Thread 0x00007fd2d82e6000 Uncommon trap: reason=unloaded action=reinterpret pc=0x000000011b762094 method=java.lang.CharacterData.of(I)Ljava/lang/CharacterData; @ 96
Event: 10.762 Thread 0x00007fd37c7ad800 Uncommon trap: reason=class_check action=maybe_recompile pc=0x000000011cb69d4c method=manifold.deferred$timeout_BANG_.invokeStatic(Ljava/lang/Object;Ljava/lang/Object;Ljava/lang/Object;)Ljava/lang/Object; @ 37
Event: 10.773 Thread 0x00007fd2d82e6000 Uncommon trap: reason=range_check action=make_not_entrant pc=0x000000011b550514 method=java.text.SimpleDateFormat.format(Ljava/util/Date;Ljava/lang/StringBuffer;Ljava/text/Format$FieldDelegate;)Ljava/lang/StringBuffer; @ 48
Event: 11.024 Thread 0x00007fd37c7ad800 Uncommon trap: reason=class_check action=maybe_recompile pc=0x000000011cb69d4c method=manifold.deferred$timeout_BANG_.invokeStatic(Ljava/lang/Object;Ljava/lang/Object;Ljava/lang/Object;)Ljava/lang/Object; @ 37

Internal exceptions (10 events):
Event: 9.694 Thread 0x00007fd37c7ad800 Exception <a 'java/security/PrivilegedActionException'> (0x0000000721f6d318) thrown at [/HUDSON3/workspace/8-2-build-macosx-x86_64/jdk8u20/1074/hotspot/src/share/vm/prims/jvm.cpp, line 1275]
Event: 9.694 Thread 0x00007fd37c7ad800 Exception <a 'java/security/PrivilegedActionException'> (0x0000000721f799c0) thrown at [/HUDSON3/workspace/8-2-build-macosx-x86_64/jdk8u20/1074/hotspot/src/share/vm/prims/jvm.cpp, line 1275]
Event: 9.694 Thread 0x00007fd37c7ad800 Exception <a 'java/security/PrivilegedActionException'> (0x0000000721f86068) thrown at [/HUDSON3/workspace/8-2-build-macosx-x86_64/jdk8u20/1074/hotspot/src/share/vm/prims/jvm.cpp, line 1275]
Event: 9.854 Thread 0x00007fd2d82e6000 Exception <a 'java/security/PrivilegedActionException'> (0x00000007246e6e10) thrown at [/HUDSON3/workspace/8-2-build-macosx-x86_64/jdk8u20/1074/hotspot/src/share/vm/prims/jvm.cpp, line 1275]
Event: 9.854 Thread 0x00007fd2d82e6000 Exception <a 'java/security/PrivilegedActionException'> (0x00000007246f0da8) thrown at [/HUDSON3/workspace/8-2-build-macosx-x86_64/jdk8u20/1074/hotspot/src/share/vm/prims/jvm.cpp, line 1275]
Event: 9.860 Thread 0x00007fd2d82e6000 Exception <a 'java/security/PrivilegedActionException'> (0x0000000724726fe8) thrown at [/HUDSON3/workspace/8-2-build-macosx-x86_64/jdk8u20/1074/hotspot/src/share/vm/prims/jvm.cpp, line 1275]
Event: 9.860 Thread 0x00007fd2d82e6000 Exception <a 'java/security/PrivilegedActionException'> (0x000000072490b8b0) thrown at [/HUDSON3/workspace/8-2-build-macosx-x86_64/jdk8u20/1074/hotspot/src/share/vm/prims/jvm.cpp, line 1275]
Event: 9.958 Thread 0x00007fd2d82e6000 Exception <a 'java/security/PrivilegedActionException'> (0x00000007280046a8) thrown at [/HUDSON3/workspace/8-2-build-macosx-x86_64/jdk8u20/1074/hotspot/src/share/vm/prims/jvm.cpp, line 1275]
Event: 10.264 Thread 0x00007fd2d82e6000 Implicit null exception at 0x000000011c95cfb7 to 0x000000011c95e6ed
Event: 10.264 Thread 0x00007fd2d82e6000 Implicit null exception at 0x000000011c958e17 to 0x000000011c95a54d

Events (10 events):
Event: 11.067 Thread 0x00007fd34c01f800 flushing nmethod 0x000000011bbbe590
Event: 11.078 Thread 0x00007fd36c0a3000 flushing nmethod 0x000000011bcea9d0
Event: 11.079 Thread 0x00007fd36c0a3000 flushing nmethod 0x000000011bd36c10
Event: 11.079 Thread 0x00007fd36c0a3000 flushing nmethod 0x000000011bd3a490
Event: 11.086 Thread 0x00007fd35c00e000 flushing nmethod 0x000000011c017f10
Event: 11.086 Thread 0x00007fd35c00e000 flushing nmethod 0x000000011c018f10
Event: 11.087 Thread 0x00007fd35c00e000 flushing nmethod 0x000000011c066610
Event: 11.100 Thread 0x00007fd36c0ab800 flushing nmethod 0x000000011c5d4110
Event: 11.101 Thread 0x00007fd37c1e8800 DEOPT PACKING pc=0x000000011caabf9b sp=0x000070000e388450
Event: 11.101 Thread 0x00007fd37c1e8800 DEOPT UNPACKING pc=0x000000011b047373 sp=0x000070000e388120 mode 0


Dynamic libraries:
0x000000000020d000 	/System/Library/Frameworks/Cocoa.framework/Versions/A/Cocoa
0x000000000020d000 	/System/Library/Frameworks/Security.framework/Versions/A/Security
0x000000000020d000 	/System/Library/Frameworks/ApplicationServices.framework/Versions/A/ApplicationServices
0x000000000020d000 	/usr/lib/libz.1.dylib
0x000000000020d000 	/usr/lib/libSystem.B.dylib
0x000000000020d000 	/usr/lib/libobjc.A.dylib
0x000000000020d000 	/System/Library/Frameworks/CoreFoundation.framework/Versions/A/CoreFoundation
0x000000000020d000 	/System/Library/Frameworks/Foundation.framework/Versions/C/Foundation
0x000000000020d000 	/System/Library/Frameworks/AppKit.framework/Versions/C/AppKit
0x000000000020d000 	/System/Library/Frameworks/CoreData.framework/Versions/A/CoreData
0x000000000020d000 	/System/Library/PrivateFrameworks/UIFoundation.framework/Versions/A/UIFoundation
0x000000000020d000 	/System/Library/PrivateFrameworks/RemoteViewServices.framework/Versions/A/RemoteViewServices
0x000000000020d000 	/System/Library/PrivateFrameworks/XCTTargetBootstrap.framework/Versions/A/XCTTargetBootstrap
0x000000000020d000 	/usr/lib/libspindump.dylib
0x000000000020d000 	/System/Library/Frameworks/UniformTypeIdentifiers.framework/Versions/A/UniformTypeIdentifiers
0x000000000020d000 	/usr/lib/libapp_launch_measurement.dylib
0x000000000020d000 	/System/Library/PrivateFrameworks/CoreAutoLayout.framework/Versions/A/CoreAutoLayout
0x000000000020d000 	/System/Library/Frameworks/Metal.framework/Versions/A/Metal
0x000000000020d000 	/usr/lib/liblangid.dylib
0x000000000020d000 	/System/Library/PrivateFrameworks/CoreSVG.framework/Versions/A/CoreSVG
0x000000000020d000 	/System/Library/PrivateFrameworks/SkyLight.framework/Versions/A/SkyLight
0x000000000020d000 	/System/Library/Frameworks/CoreGraphics.framework/Versions/A/CoreGraphics
0x000000000020d000 	/System/Library/Frameworks/Accelerate.framework/Versions/A/Accelerate
0x000000000020d000 	/System/Library/PrivateFrameworks/IconServices.framework/Versions/A/IconServices
0x000000000020d000 	/System/Library/Frameworks/IOSurface.framework/Versions/A/IOSurface
0x000000000020d000 	/usr/lib/libDiagnosticMessagesClient.dylib
0x000000000020d000 	/System/Library/PrivateFrameworks/DFRFoundation.framework/Versions/A/DFRFoundation
0x000000000020d000 	/usr/lib/libicucore.A.dylib
0x000000000020d000 	/System/Library/Frameworks/AudioToolbox.framework/Versions/A/AudioToolbox
0x000000000020d000 	/System/Library/PrivateFrameworks/DataDetectorsCore.framework/Versions/A/DataDetectorsCore
0x000000000020d000 	/usr/lib/libMobileGestalt.dylib
0x000000000020d000 	/System/Library/Frameworks/Carbon.framework/Versions/A/Frameworks/HIToolbox.framework/Versions/A/HIToolbox
0x000000000020d000 	/System/Library/Frameworks/QuartzCore.framework/Versions/A/QuartzCore
0x000000000020d000 	/System/Library/Frameworks/Carbon.framework/Versions/A/Frameworks/SpeechRecognition.framework/Versions/A/SpeechRecognition
0x000000000020d000 	/System/Library/PrivateFrameworks/CoreUI.framework/Versions/A/CoreUI
0x000000000020d000 	/System/Library/Frameworks/CoreAudio.framework/Versions/A/CoreAudio
0x000000000020d000 	/System/Library/Frameworks/DiskArbitration.framework/Versions/A/DiskArbitration
0x000000000020d000 	/System/Library/PrivateFrameworks/MultitouchSupport.framework/Versions/A/MultitouchSupport
0x000000000020d000 	/System/Library/PrivateFrameworks/InternationalSupport.framework/Versions/A/InternationalSupport
0x000000000020d000 	/usr/lib/libenergytrace.dylib
0x000000000020d000 	/System/Library/Frameworks/IOKit.framework/Versions/A/IOKit
0x000000000020d000 	/System/Library/Frameworks/CoreServices.framework/Versions/A/CoreServices
0x000000000020d000 	/System/Library/PrivateFrameworks/PerformanceAnalysis.framework/Versions/A/PerformanceAnalysis
0x000000000020d000 	/System/Library/Frameworks/OpenGL.framework/Versions/A/OpenGL
0x000000000020d000 	/System/Library/PrivateFrameworks/UserActivity.framework/Versions/A/UserActivity
0x000000000020d000 	/System/Library/Frameworks/ColorSync.framework/Versions/A/ColorSync
0x000000000020d000 	/System/Library/Frameworks/CoreImage.framework/Versions/A/CoreImage
0x000000000020d000 	/System/Library/Frameworks/CoreText.framework/Versions/A/CoreText
0x000000000020d000 	/System/Library/Frameworks/ImageIO.framework/Versions/A/ImageIO
0x000000000020d000 	/System/Library/PrivateFrameworks/SoftLinking.framework/Versions/A/SoftLinking
0x000000000020d000 	/usr/lib/libxml2.2.dylib
0x000000000020d000 	/usr/lib/libc++.1.dylib
0x000000000020d000 	/usr/lib/libcompression.dylib
0x000000000020d000 	/System/Library/PrivateFrameworks/TextureIO.framework/Versions/A/TextureIO
0x000000000020d000 	/usr/lib/libate.dylib
0x000000000020d000 	/usr/lib/system/libcache.dylib
0x000000000020d000 	/usr/lib/system/libcommonCrypto.dylib
0x000000000020d000 	/usr/lib/system/libcompiler_rt.dylib
0x000000000020d000 	/usr/lib/system/libcopyfile.dylib
0x000000000020d000 	/usr/lib/system/libcorecrypto.dylib
0x000000000020d000 	/usr/lib/system/libdispatch.dylib
0x000000000020d000 	/usr/lib/system/libdyld.dylib
0x000000000020d000 	/usr/lib/system/libkeymgr.dylib
0x000000000020d000 	/usr/lib/system/liblaunch.dylib
0x000000000020d000 	/usr/lib/system/libmacho.dylib
0x000000000020d000 	/usr/lib/system/libquarantine.dylib
0x000000000020d000 	/usr/lib/system/libremovefile.dylib
0x000000000020d000 	/usr/lib/system/libsystem_asl.dylib
0x000000000020d000 	/usr/lib/system/libsystem_blocks.dylib
0x000000000020d000 	/usr/lib/system/libsystem_c.dylib
0x000000000020d000 	/usr/lib/system/libsystem_collections.dylib
0x000000000020d000 	/usr/lib/system/libsystem_configuration.dylib
0x000000000020d000 	/usr/lib/system/libsystem_containermanager.dylib
0x000000000020d000 	/usr/lib/system/libsystem_coreservices.dylib
0x000000000020d000 	/usr/lib/system/libsystem_darwin.dylib
0x000000000020d000 	/usr/lib/system/libsystem_dnssd.dylib
0x000000000020d000 	/usr/lib/system/libsystem_featureflags.dylib
0x000000000020d000 	/usr/lib/system/libsystem_info.dylib
0x000000000020d000 	/usr/lib/system/libsystem_m.dylib
0x000000000020d000 	/usr/lib/system/libsystem_malloc.dylib
0x000000000020d000 	/usr/lib/system/libsystem_networkextension.dylib
0x000000000020d000 	/usr/lib/system/libsystem_notify.dylib
0x000000000020d000 	/usr/lib/system/libsystem_product_info_filter.dylib
0x000000000020d000 	/usr/lib/system/libsystem_sandbox.dylib
0x000000000020d000 	/usr/lib/system/libsystem_secinit.dylib
0x000000000020d000 	/usr/lib/system/libsystem_kernel.dylib
0x000000000020d000 	/usr/lib/system/libsystem_platform.dylib
0x000000000020d000 	/usr/lib/system/libsystem_pthread.dylib
0x000000000020d000 	/usr/lib/system/libsystem_symptoms.dylib
0x000000000020d000 	/usr/lib/system/libsystem_trace.dylib
0x000000000020d000 	/usr/lib/system/libunwind.dylib
0x000000000020d000 	/usr/lib/system/libxpc.dylib
0x000000000020d000 	/usr/lib/libc++abi.dylib
0x000000000020d000 	/usr/lib/liboah.dylib
0x000000000020d000 	/usr/lib/liblzma.5.dylib
0x000000000020d000 	/System/Library/Frameworks/SystemConfiguration.framework/Versions/A/SystemConfiguration
0x000000000020d000 	/usr/lib/libfakelink.dylib
0x000000000020d000 	/System/Library/Frameworks/CFNetwork.framework/Versions/A/CFNetwork
0x000000000020d000 	/usr/lib/libarchive.2.dylib
0x000000000020d000 	/usr/lib/libCRFSuite.dylib
0x000000000020d000 	/usr/lib/libbsm.0.dylib
0x000000000020d000 	/usr/lib/libnetwork.dylib
0x000000000020d000 	/usr/lib/libpcap.A.dylib
0x000000000020d000 	/usr/lib/libdns_services.dylib
0x000000000020d000 	/usr/lib/libcoretls_cfhelpers.dylib
0x000000000020d000 	/usr/lib/libapple_nghttp2.dylib
0x000000000020d000 	/usr/lib/system/libkxld.dylib
0x000000000020d000 	/usr/lib/libsqlite3.dylib
0x000000000020d000 	/System/Library/PrivateFrameworks/AppleFSCompression.framework/Versions/A/AppleFSCompression
0x000000000020d000 	/usr/lib/libcoretls.dylib
0x000000000020d000 	/usr/lib/libpam.2.dylib
0x000000000020d000 	/usr/lib/libxar.1.dylib
0x000000000020d000 	/System/Library/PrivateFrameworks/AppleSystemInfo.framework/Versions/A/AppleSystemInfo
0x000000000020d000 	/System/Library/PrivateFrameworks/IOMobileFramebuffer.framework/Versions/A/IOMobileFramebuffer
0x000000000020d000 	/usr/lib/libbz2.1.0.dylib
0x000000000020d000 	/usr/lib/libiconv.2.dylib
0x000000000020d000 	/usr/lib/libcharset.1.dylib
0x000000000020d000 	/System/Library/Frameworks/CoreServices.framework/Versions/A/Frameworks/FSEvents.framework/Versions/A/FSEvents
0x000000000020d000 	/System/Library/Frameworks/CoreServices.framework/Versions/A/Frameworks/CarbonCore.framework/Versions/A/CarbonCore
0x000000000020d000 	/System/Library/Frameworks/CoreServices.framework/Versions/A/Frameworks/Metadata.framework/Versions/A/Metadata
0x000000000020d000 	/System/Library/Frameworks/CoreServices.framework/Versions/A/Frameworks/OSServices.framework/Versions/A/OSServices
0x000000000020d000 	/System/Library/Frameworks/CoreServices.framework/Versions/A/Frameworks/SearchKit.framework/Versions/A/SearchKit
0x000000000020d000 	/System/Library/Frameworks/CoreServices.framework/Versions/A/Frameworks/AE.framework/Versions/A/AE
0x000000000020d000 	/System/Library/Frameworks/CoreServices.framework/Versions/A/Frameworks/LaunchServices.framework/Versions/A/LaunchServices
0x000000000020d000 	/System/Library/Frameworks/CoreServices.framework/Versions/A/Frameworks/DictionaryServices.framework/Versions/A/DictionaryServices
0x000000000020d000 	/System/Library/Frameworks/CoreServices.framework/Versions/A/Frameworks/SharedFileList.framework/Versions/A/SharedFileList
0x000000000020d000 	/usr/lib/libCheckFix.dylib
0x000000000020d000 	/System/Library/PrivateFrameworks/TCC.framework/Versions/A/TCC
0x000000000020d000 	/System/Library/PrivateFrameworks/CoreNLP.framework/Versions/A/CoreNLP
0x000000000020d000 	/System/Library/PrivateFrameworks/MetadataUtilities.framework/Versions/A/MetadataUtilities
0x000000000020d000 	/usr/lib/libmecabra.dylib
0x000000000020d000 	/System/Library/Frameworks/MLCompute.framework/Versions/A/MLCompute
0x000000000020d000 	/usr/lib/libmecab.dylib
0x000000000020d000 	/usr/lib/libgermantok.dylib
0x000000000020d000 	/usr/lib/libThaiTokenizer.dylib
0x000000000020d000 	/usr/lib/libChineseTokenizer.dylib
0x000000000020d000 	/System/Library/Frameworks/MetalPerformanceShaders.framework/Versions/A/MetalPerformanceShaders
0x000000000020d000 	/System/Library/Frameworks/Accelerate.framework/Versions/A/Frameworks/vImage.framework/Versions/A/vImage
0x000000000020d000 	/System/Library/Frameworks/Accelerate.framework/Versions/A/Frameworks/vecLib.framework/Versions/A/vecLib
0x000000000020d000 	/System/Library/Frameworks/Accelerate.framework/Versions/A/Frameworks/vecLib.framework/Versions/A/libvMisc.dylib
0x000000000020d000 	/System/Library/Frameworks/Accelerate.framework/Versions/A/Frameworks/vecLib.framework/Versions/A/libvDSP.dylib
0x000000000020d000 	/System/Library/Frameworks/Accelerate.framework/Versions/A/Frameworks/vecLib.framework/Versions/A/libBLAS.dylib
0x000000000020d000 	/System/Library/Frameworks/Accelerate.framework/Versions/A/Frameworks/vecLib.framework/Versions/A/libLAPACK.dylib
0x000000000020d000 	/System/Library/Frameworks/Accelerate.framework/Versions/A/Frameworks/vecLib.framework/Versions/A/libLinearAlgebra.dylib
0x000000000020d000 	/System/Library/Frameworks/Accelerate.framework/Versions/A/Frameworks/vecLib.framework/Versions/A/libSparseBLAS.dylib
0x000000000020d000 	/System/Library/Frameworks/Accelerate.framework/Versions/A/Frameworks/vecLib.framework/Versions/A/libQuadrature.dylib
0x000000000020d000 	/System/Library/Frameworks/Accelerate.framework/Versions/A/Frameworks/vecLib.framework/Versions/A/libBNNS.dylib
0x000000000020d000 	/System/Library/Frameworks/Accelerate.framework/Versions/A/Frameworks/vecLib.framework/Versions/A/libSparse.dylib
0x000000000020d000 	/System/Library/Frameworks/MetalPerformanceShaders.framework/Versions/A/Frameworks/MPSCore.framework/Versions/A/MPSCore
0x000000000020d000 	/System/Library/Frameworks/MetalPerformanceShaders.framework/Versions/A/Frameworks/MPSImage.framework/Versions/A/MPSImage
0x000000000020d000 	/System/Library/Frameworks/MetalPerformanceShaders.framework/Versions/A/Frameworks/MPSNeuralNetwork.framework/Versions/A/MPSNeuralNetwork
0x000000000020d000 	/System/Library/Frameworks/MetalPerformanceShaders.framework/Versions/A/Frameworks/MPSMatrix.framework/Versions/A/MPSMatrix
0x000000000020d000 	/System/Library/Frameworks/MetalPerformanceShaders.framework/Versions/A/Frameworks/MPSRayIntersector.framework/Versions/A/MPSRayIntersector
0x000000000020d000 	/System/Library/Frameworks/MetalPerformanceShaders.framework/Versions/A/Frameworks/MPSNDArray.framework/Versions/A/MPSNDArray
0x000000000020d000 	/System/Library/PrivateFrameworks/MetalTools.framework/Versions/A/MetalTools
0x000000000020d000 	/System/Library/PrivateFrameworks/AggregateDictionary.framework/Versions/A/AggregateDictionary
0x000000000020d000 	/System/Library/PrivateFrameworks/CoreAnalytics.framework/Versions/A/CoreAnalytics
0x000000000020d000 	/System/Library/PrivateFrameworks/AppleSauce.framework/Versions/A/AppleSauce
0x000000000020d000 	/System/Library/PrivateFrameworks/IOAccelerator.framework/Versions/A/IOAccelerator
0x000000000020d000 	/System/Library/Frameworks/OpenGL.framework/Versions/A/Libraries/libCoreFSCache.dylib
0x000000000020d000 	/System/Library/PrivateFrameworks/LanguageModeling.framework/Versions/A/LanguageModeling
0x000000000020d000 	/System/Library/PrivateFrameworks/CoreEmoji.framework/Versions/A/CoreEmoji
0x000000000020d000 	/System/Library/PrivateFrameworks/LinguisticData.framework/Versions/A/LinguisticData
0x000000000020d000 	/System/Library/PrivateFrameworks/Lexicon.framework/Versions/A/Lexicon
0x000000000020d000 	/usr/lib/libcmph.dylib
0x000000000020d000 	/System/Library/Frameworks/OpenDirectory.framework/Versions/A/Frameworks/CFOpenDirectory.framework/Versions/A/CFOpenDirectory
0x000000000020d000 	/System/Library/Frameworks/OpenDirectory.framework/Versions/A/OpenDirectory
0x000000000020d000 	/System/Library/PrivateFrameworks/APFS.framework/Versions/A/APFS
0x000000000020d000 	/System/Library/Frameworks/SecurityFoundation.framework/Versions/A/SecurityFoundation
0x000000000020d000 	/usr/lib/libutil.dylib
0x000000000020d000 	/System/Library/PrivateFrameworks/CoreServicesStore.framework/Versions/A/CoreServicesStore
0x000000000020d000 	/System/Library/Frameworks/ServiceManagement.framework/Versions/A/ServiceManagement
0x000000000020d000 	/usr/lib/libxslt.1.dylib
0x000000000020d000 	/System/Library/PrivateFrameworks/BackgroundTaskManagement.framework/Versions/A/BackgroundTaskManagement
0x000000000020d000 	/System/Library/Frameworks/ImageIO.framework/Versions/A/Resources/libRadiance.dylib
0x000000000020d000 	/System/Library/Frameworks/ImageIO.framework/Versions/A/Resources/libJPEG.dylib
0x000000000020d000 	/System/Library/Frameworks/ImageIO.framework/Versions/A/Resources/libPng.dylib
0x000000000020d000 	/System/Library/Frameworks/ImageIO.framework/Versions/A/Resources/libTIFF.dylib
0x000000000020d000 	/System/Library/Frameworks/ImageIO.framework/Versions/A/Resources/libGIF.dylib
0x000000000020d000 	/System/Library/Frameworks/ImageIO.framework/Versions/A/Resources/libJP2.dylib
0x000000000020d000 	/usr/lib/libexpat.1.dylib
0x000000000020d000 	/System/Library/PrivateFrameworks/AppleJPEG.framework/Versions/A/AppleJPEG
0x000000000020d000 	/System/Library/PrivateFrameworks/FontServices.framework/libFontParser.dylib
0x000000000020d000 	/System/Library/PrivateFrameworks/RunningBoardServices.framework/Versions/A/RunningBoardServices
0x000000000020d000 	/System/Library/PrivateFrameworks/WatchdogClient.framework/Versions/A/WatchdogClient
0x000000000020d000 	/System/Library/Frameworks/CoreDisplay.framework/Versions/A/CoreDisplay
0x000000000020d000 	/System/Library/Frameworks/CoreMedia.framework/Versions/A/CoreMedia
0x000000000020d000 	/System/Library/Frameworks/CoreVideo.framework/Versions/A/CoreVideo
0x000000000020d000 	/System/Library/Frameworks/VideoToolbox.framework/Versions/A/VideoToolbox
0x000000000020d000 	/System/Library/PrivateFrameworks/BaseBoard.framework/Versions/A/BaseBoard
0x000000000020d000 	/System/Library/PrivateFrameworks/PersistentConnection.framework/Versions/A/PersistentConnection
0x000000000020d000 	/System/Library/PrivateFrameworks/ProtocolBuffer.framework/Versions/A/ProtocolBuffer
0x000000000020d000 	/System/Library/PrivateFrameworks/CommonUtilities.framework/Versions/A/CommonUtilities
0x000000000020d000 	/System/Library/PrivateFrameworks/Bom.framework/Versions/A/Bom
0x000000000020d000 	/System/Library/PrivateFrameworks/GPUWrangler.framework/Versions/A/GPUWrangler
0x000000000020d000 	/System/Library/PrivateFrameworks/IOPresentment.framework/Versions/A/IOPresentment
0x000000000020d000 	/System/Library/PrivateFrameworks/DSExternalDisplay.framework/Versions/A/DSExternalDisplay
0x000000000020d000 	/System/Library/PrivateFrameworks/CMCaptureCore.framework/Versions/A/CMCaptureCore
0x000000000020d000 	/System/Library/PrivateFrameworks/AppServerSupport.framework/Versions/A/AppServerSupport
0x000000000020d000 	/System/Library/PrivateFrameworks/perfdata.framework/Versions/A/perfdata
0x000000000020d000 	/System/Library/PrivateFrameworks/AssertionServices.framework/Versions/A/AssertionServices
0x000000000020d000 	/System/Library/PrivateFrameworks/AudioToolboxCore.framework/Versions/A/AudioToolboxCore
0x000000000020d000 	/System/Library/PrivateFrameworks/caulk.framework/Versions/A/caulk
0x000000000020d000 	/System/Library/PrivateFrameworks/SystemPolicy.framework/Versions/A/SystemPolicy
0x000000000020d000 	/usr/lib/libIOReport.dylib
0x000000000020d000 	/usr/lib/libSMC.dylib
0x000000000020d000 	/usr/lib/libAudioToolboxUtility.dylib
0x000000000020d000 	/usr/lib/libmis.dylib
0x000000000020d000 	/System/Library/Frameworks/OpenGL.framework/Versions/A/Libraries/libGLU.dylib
0x000000000020d000 	/System/Library/Frameworks/OpenGL.framework/Versions/A/Libraries/libGFXShared.dylib
0x000000000020d000 	/System/Library/Frameworks/OpenGL.framework/Versions/A/Libraries/libGL.dylib
0x000000000020d000 	/System/Library/Frameworks/OpenGL.framework/Versions/A/Libraries/libGLImage.dylib
0x000000000020d000 	/System/Library/Frameworks/OpenGL.framework/Versions/A/Libraries/libCVMSPluginSupport.dylib
0x000000000020d000 	/System/Library/Frameworks/OpenGL.framework/Versions/A/Libraries/libCoreVMClient.dylib
0x000000000020d000 	/System/Library/Frameworks/OpenCL.framework/Versions/A/OpenCL
0x000000000020d000 	/System/Library/PrivateFrameworks/GraphVisualizer.framework/Versions/A/GraphVisualizer
0x000000000020d000 	/System/Library/PrivateFrameworks/FaceCore.framework/Versions/A/FaceCore
0x000000000020d000 	/System/Library/PrivateFrameworks/OTSVG.framework/Versions/A/OTSVG
0x000000000020d000 	/System/Library/Frameworks/ApplicationServices.framework/Versions/A/Frameworks/ATS.framework/Versions/A/Resources/libFontRegistry.dylib
0x000000000020d000 	/System/Library/PrivateFrameworks/FontServices.framework/libhvf.dylib
0x000000000020d000 	/System/Library/PrivateFrameworks/AppleVA.framework/Versions/A/AppleVA
0x000000000020d000 	/System/Library/Frameworks/ApplicationServices.framework/Versions/A/Frameworks/ATS.framework/Versions/A/ATS
0x000000000020d000 	/System/Library/Frameworks/ApplicationServices.framework/Versions/A/Frameworks/ColorSyncLegacy.framework/Versions/A/ColorSyncLegacy
0x000000000020d000 	/System/Library/Frameworks/ApplicationServices.framework/Versions/A/Frameworks/HIServices.framework/Versions/A/HIServices
0x000000000020d000 	/System/Library/Frameworks/ApplicationServices.framework/Versions/A/Frameworks/LangAnalysis.framework/Versions/A/LangAnalysis
0x000000000020d000 	/System/Library/Frameworks/ApplicationServices.framework/Versions/A/Frameworks/PrintCore.framework/Versions/A/PrintCore
0x000000000020d000 	/System/Library/Frameworks/ApplicationServices.framework/Versions/A/Frameworks/QD.framework/Versions/A/QD
0x000000000020d000 	/System/Library/Frameworks/ApplicationServices.framework/Versions/A/Frameworks/SpeechSynthesis.framework/Versions/A/SpeechSynthesis
0x000000000020d000 	/System/Library/Frameworks/ApplicationServices.framework/Versions/A/Frameworks/ATSUI.framework/Versions/A/ATSUI
0x000000000020d000 	/usr/lib/libcups.2.dylib
0x000000000020d000 	/System/Library/PrivateFrameworks/NetAuth.framework/Versions/A/NetAuth
0x000000000020d000 	/System/Library/Frameworks/Kerberos.framework/Versions/A/Kerberos
0x000000000020d000 	/System/Library/Frameworks/GSS.framework/Versions/A/GSS
0x000000000020d000 	/usr/lib/libresolv.9.dylib
0x000000000020d000 	/System/Library/PrivateFrameworks/Heimdal.framework/Versions/A/Heimdal
0x000000000020d000 	/System/Library/Frameworks/Kerberos.framework/Versions/A/Libraries/libHeimdalProxy.dylib
0x000000000020d000 	/System/Library/Frameworks/Network.framework/Versions/A/Network
0x000000000020d000 	/usr/lib/libheimdal-asn1.dylib
0x000000000020d000 	/System/Library/PrivateFrameworks/CommonAuth.framework/Versions/A/CommonAuth
0x000000000020d000 	/System/Library/PrivateFrameworks/login.framework/Versions/A/Frameworks/loginsupport.framework/Versions/A/loginsupport
0x000000000020d000 	/System/Library/PrivateFrameworks/AudioSession.framework/Versions/A/AudioSession
0x000000000020d000 	/usr/lib/libAudioStatistics.dylib
0x000000000020d000 	/System/Library/PrivateFrameworks/MediaExperience.framework/Versions/A/MediaExperience
0x000000000020d000 	/System/Library/PrivateFrameworks/AudioSession.framework/libSessionUtility.dylib
0x000000000020d000 	/usr/lib/libperfcheck.dylib
0x000000000020d000 	/System/Library/PrivateFrameworks/AudioResourceArbitration.framework/Versions/A/AudioResourceArbitration
0x000000000020d000 	/System/Library/PrivateFrameworks/IconFoundation.framework/Versions/A/IconFoundation
0x000000000020d000 	/System/Library/PrivateFrameworks/SpeechRecognitionCore.framework/Versions/A/SpeechRecognitionCore
0x000000010f564000 	/Library/Java/JavaVirtualMachines/jdk1.8.0_20.jdk/Contents/Home/jre/lib/server/libjvm.dylib
0x000000000020d000 	/usr/lib/libstdc++.6.dylib
0x000000011047f000 	/Library/Java/JavaVirtualMachines/jdk1.8.0_20.jdk/Contents/Home/jre/lib/libverify.dylib
0x000000011048d000 	/Library/Java/JavaVirtualMachines/jdk1.8.0_20.jdk/Contents/Home/jre/lib/libjava.dylib
0x00000001104c2000 	/Library/Java/JavaVirtualMachines/jdk1.8.0_20.jdk/Contents/Home/jre/lib/libinstrument.dylib
0x000000011052e000 	/Library/Java/JavaVirtualMachines/jdk1.8.0_20.jdk/Contents/Home/jre/lib/libzip.dylib
0x000000000020d000 	/System/Library/Frameworks/JavaRuntimeSupport.framework/Versions/A/JavaRuntimeSupport
0x000000000020d000 	/System/Library/Frameworks/Carbon.framework/Versions/A/Carbon
0x000000000020d000 	/System/Library/PrivateFrameworks/CoreSymbolication.framework/Versions/A/CoreSymbolication
0x000000000020d000 	/System/Library/Frameworks/Carbon.framework/Versions/A/Frameworks/CommonPanels.framework/Versions/A/CommonPanels
0x000000000020d000 	/System/Library/Frameworks/Carbon.framework/Versions/A/Frameworks/Help.framework/Versions/A/Help
0x000000000020d000 	/System/Library/Frameworks/Carbon.framework/Versions/A/Frameworks/ImageCapture.framework/Versions/A/ImageCapture
0x000000000020d000 	/System/Library/Frameworks/Carbon.framework/Versions/A/Frameworks/OpenScripting.framework/Versions/A/OpenScripting
0x000000000020d000 	/System/Library/Frameworks/Carbon.framework/Versions/A/Frameworks/Ink.framework/Versions/A/Ink
0x000000000020d000 	/System/Library/Frameworks/Carbon.framework/Versions/A/Frameworks/Print.framework/Versions/A/Print
0x000000000020d000 	/System/Library/Frameworks/Carbon.framework/Versions/A/Frameworks/SecurityHI.framework/Versions/A/SecurityHI
0x000000000020d000 	/System/Library/PrivateFrameworks/DebugSymbols.framework/Versions/A/DebugSymbols
0x000000013d19e000 	/Library/Java/JavaVirtualMachines/jdk1.8.0_20.jdk/Contents/Home/jre/lib/libnet.dylib
0x000000013d9e0000 	/Library/Java/JavaVirtualMachines/jdk1.8.0_20.jdk/Contents/Home/jre/lib/libawt.dylib
0x000000013da8f000 	/Library/Java/JavaVirtualMachines/jdk1.8.0_20.jdk/Contents/Home/jre/lib/libmlib_image.dylib
0x000000000020d000 	/System/Library/Frameworks/JavaNativeFoundation.framework/Versions/A/JavaNativeFoundation
0x000000013db5b000 	/Library/Java/JavaVirtualMachines/jdk1.8.0_20.jdk/Contents/Home/jre/lib/libawt_lwawt.dylib
0x000000013dc0e000 	/Library/Java/JavaVirtualMachines/jdk1.8.0_20.jdk/Contents/Home/jre/lib/libosxapp.dylib
0x000000000020d000 	/System/Library/Frameworks/ExceptionHandling.framework/Versions/A/ExceptionHandling
0x000000000020d000 	/System/Library/PrivateFrameworks/CoreServicesInternal.framework/Versions/A/CoreServicesInternal
0x000000000020d000 	/System/Library/Frameworks/FileProvider.framework/Versions/A/FileProvider
0x000000000020d000 	/System/Library/Frameworks/Accounts.framework/Versions/A/Accounts
0x000000000020d000 	/System/Library/PrivateFrameworks/GenerationalStorage.framework/Versions/A/GenerationalStorage
0x000000000020d000 	/System/Library/PrivateFrameworks/SymptomDiagnosticReporter.framework/Versions/A/SymptomDiagnosticReporter
0x000000000020d000 	/System/Library/PrivateFrameworks/DesktopServicesPriv.framework/Versions/A/DesktopServicesPriv
0x000000000020d000 	/usr/lib/libsandbox.1.dylib
0x000000000020d000 	/System/Library/PrivateFrameworks/UserManagement.framework/Versions/A/UserManagement
0x000000000020d000 	/System/Library/PrivateFrameworks/MobileKeyBag.framework/Versions/A/MobileKeyBag
0x000000000020d000 	/System/Library/PrivateFrameworks/ChunkingLibrary.framework/Versions/A/ChunkingLibrary
0x000000000020d000 	/System/Library/PrivateFrameworks/Sharing.framework/Versions/A/Sharing
0x000000000020d000 	/System/Library/PrivateFrameworks/Apple80211.framework/Versions/A/Apple80211
0x000000000020d000 	/System/Library/PrivateFrameworks/AuthKit.framework/Versions/A/AuthKit
0x000000000020d000 	/System/Library/PrivateFrameworks/CoreUtils.framework/Versions/A/CoreUtils
0x000000000020d000 	/System/Library/Frameworks/CoreWLAN.framework/Versions/A/CoreWLAN
0x000000000020d000 	/System/Library/Frameworks/IOBluetooth.framework/Versions/A/IOBluetooth
0x000000000020d000 	/System/Library/PrivateFrameworks/CoreWiFi.framework/Versions/A/CoreWiFi
0x000000000020d000 	/System/Library/PrivateFrameworks/CorePhoneNumbers.framework/Versions/A/CorePhoneNumbers
0x000000000020d000 	/System/Library/PrivateFrameworks/DiskManagement.framework/Versions/A/DiskManagement
0x000000000020d000 	/System/Library/PrivateFrameworks/AppleIDAuthSupport.framework/Versions/A/AppleIDAuthSupport
0x000000000020d000 	/System/Library/PrivateFrameworks/KeychainCircle.framework/Versions/A/KeychainCircle
0x000000000020d000 	/System/Library/PrivateFrameworks/MediaKit.framework/Versions/A/MediaKit
0x000000000020d000 	/System/Library/Frameworks/DiscRecording.framework/Versions/A/DiscRecording
0x000000000020d000 	/usr/lib/libCoreStorage.dylib
0x000000000020d000 	/usr/lib/libcsfde.dylib
0x000000000020d000 	/System/Library/PrivateFrameworks/ProtectedCloudStorage.framework/Versions/A/ProtectedCloudStorage
0x000000000020d000 	/System/Library/PrivateFrameworks/EFILogin.framework/Versions/A/EFILogin
0x000000000020d000 	/System/Library/Frameworks/AudioUnit.framework/Versions/A/AudioUnit
0x000000000020d000 	/System/Library/Frameworks/CoreBluetooth.framework/Versions/A/CoreBluetooth
0x000000000020d000 	/usr/lib/libMatch.1.dylib
0x000000000020d000 	/System/Library/CoreServices/RawCamera.bundle/Contents/MacOS/RawCamera
0x000000000020d000 	/System/Library/PrivateFrameworks/MobileAsset.framework/Versions/A/MobileAsset
0x000000000020d000 	/System/Library/PrivateFrameworks/StreamingZip.framework/Versions/A/StreamingZip
0x000000000020d000 	/System/Library/Frameworks/MediaToolbox.framework/Versions/A/MediaToolbox
0x000000000020d000 	/System/Library/PrivateFrameworks/CoreAVCHD.framework/Versions/A/CoreAVCHD
0x000000000020d000 	/System/Library/Frameworks/MediaAccessibility.framework/Versions/A/MediaAccessibility
0x000000000020d000 	/System/Library/PrivateFrameworks/Mangrove.framework/Versions/A/Mangrove
0x000000000020d000 	/System/Library/PrivateFrameworks/AlgosScoreFramework.framework/Versions/A/AlgosScoreFramework
0x000000000020d000 	/System/Library/PrivateFrameworks/AppleVPA.framework/Versions/A/AppleVPA
0x000000000020d000 	/System/Library/PrivateFrameworks/CoreAUC.framework/Versions/A/CoreAUC
0x000000000020d000 	/System/Library/Frameworks/Accelerate.framework/Versions/A/Frameworks/vImage.framework/Versions/A/Libraries/libCGInterfaces.dylib
0x000000013fc76000 	/usr/lib/libobjc-trampolines.dylib
0x000000000020d000 	/System/Library/PrivateFrameworks/FamilyControls.framework/Versions/A/FamilyControls
0x000000000020d000 	/System/Library/PrivateFrameworks/CommerceKit.framework/Versions/A/Frameworks/CommerceCore.framework/Versions/A/CommerceCore
0x000000000020d000 	/System/Library/PrivateFrameworks/SystemAdministration.framework/Versions/A/SystemAdministration
0x000000000020d000 	/System/Library/PrivateFrameworks/AppContainer.framework/Versions/A/AppContainer
0x000000000020d000 	/System/Library/PrivateFrameworks/SecCodeWrapper.framework/Versions/A/SecCodeWrapper
0x000000000020d000 	/System/Library/PrivateFrameworks/CrashReporterSupport.framework/Versions/A/CrashReporterSupport
0x000000000020d000 	/System/Library/PrivateFrameworks/OSAnalytics.framework/Versions/A/OSAnalytics
0x000000000020d000 	/usr/lib/libRosetta.dylib
0x000000000020d000 	/System/Library/PrivateFrameworks/RemoteServiceDiscovery.framework/Versions/A/RemoteServiceDiscovery
0x000000000020d000 	/System/Library/PrivateFrameworks/Symbolication.framework/Versions/A/Symbolication
0x000000000020d000 	/System/Library/PrivateFrameworks/MallocStackLogging.framework/Versions/A/MallocStackLogging
0x000000000020d000 	/System/Library/PrivateFrameworks/login.framework/Versions/A/login
0x000000000020d000 	/System/Library/Frameworks/DirectoryService.framework/Versions/A/DirectoryService
0x000000000020d000 	/System/Library/PrivateFrameworks/DiskImages.framework/Versions/A/DiskImages
0x000000000020d000 	/System/Library/PrivateFrameworks/LoginUIKit.framework/Versions/A/Frameworks/LoginUICore.framework/Versions/A/LoginUICore
0x000000000020d000 	/usr/lib/libodfde.dylib
0x000000000020d000 	/usr/lib/libcurl.4.dylib
0x000000000020d000 	/usr/lib/libcrypto.44.dylib
0x000000000020d000 	/usr/lib/libssl.46.dylib
0x000000000020d000 	/System/Library/Frameworks/LDAP.framework/Versions/A/LDAP
0x000000000020d000 	/System/Library/PrivateFrameworks/TrustEvaluationAgent.framework/Versions/A/TrustEvaluationAgent
0x000000000020d000 	/usr/lib/libsasl2.2.dylib
0x000000000020d000 	/System/Library/PrivateFrameworks/CoreDaemon.framework/Versions/B/CoreDaemon
0x000000000020d000 	/System/Library/PrivateFrameworks/AppleSRP.framework/Versions/A/AppleSRP
0x000000000020d000 	/System/Library/PrivateFrameworks/ViewBridge.framework/Versions/A/ViewBridge
0x0000000143a5c000 	/Library/Java/JavaVirtualMachines/jdk1.8.0_20.jdk/Contents/Home/jre/lib/libfontmanager.dylib
0x000000000020d000 	/System/Library/Frameworks/OpenGL.framework/Versions/A/Resources/GLEngine.bundle/GLEngine
0x000000000020d000 	/System/Library/Frameworks/OpenGL.framework/Versions/A/Libraries/libGLProgrammability.dylib
0x000000000020d000 	/System/Library/Extensions/AppleIntelKBLGraphicsGLDriver.bundle/Contents/MacOS/AppleIntelKBLGraphicsGLDriver
0x000000000020d000 	/System/Library/PrivateFrameworks/GPUSupport.framework/Versions/A/Libraries/libGPUSupportMercury.dylib
0x0000000143ac2000 	/System/Library/Extensions/AMDRadeonX6000GLDriver.bundle/Contents/MacOS/AMDRadeonX6000GLDriver
0x000000000020d000 	/System/Library/Extensions/AMDRadeonX6000GLDriver.bundle/Contents/MacOS/ATIRadeonX6000SCLib.dylib
0x000000000020d000 	/System/Library/Extensions/AMDShared.bundle/Contents/PlugIns/libSC.dylib
0x000000000020d000 	/System/Library/Frameworks/OpenGL.framework/Versions/A/Resources/GLRendererFloat.bundle/GLRendererFloat
0x0000000143f4a000 	/Library/Java/JavaVirtualMachines/jdk1.8.0_20.jdk/Contents/Home/jre/lib/libosxui.dylib
0x0000000143f53000 	/Library/Java/JavaVirtualMachines/jdk1.8.0_20.jdk/Contents/Home/jre/lib/libmanagement.dylib
0x0000000153ce9000 	/Library/Java/JavaVirtualMachines/jdk1.8.0_20.jdk/Contents/Home/jre/lib/libsunec.dylib
0x0000000153f11000 	/Library/Java/JavaVirtualMachines/jdk1.8.0_20.jdk/Contents/Home/jre/lib/libnio.dylib
0x0000000149fec000 	/Library/Java/JavaVirtualMachines/jdk1.8.0_20.jdk/Contents/Home/jre/lib/libdcpr.dylib

VM Arguments:
jvm_args: -javaagent:/Applications/IntelliJ IDEA 2.app/Contents/lib/idea_rt.jar=60308:/Applications/IntelliJ IDEA 2.app/Contents/bin -Dfile.encoding=UTF-8 
java_command: clojure.main -m more-speech.core
java_class_path (initial): /Library/Java/JavaVirtualMachines/jdk1.8.0_20.jdk/Contents/Home/lib/ant-javafx.jar:/Library/Java/JavaVirtualMachines/jdk1.8.0_20.jdk/Contents/Home/lib/dt.jar:/Library/Java/JavaVirtualMachines/jdk1.8.0_20.jdk/Contents/Home/lib/javafx-mx.jar:/Library/Java/JavaVirtualMachines/jdk1.8.0_20.jdk/Contents/Home/lib/jconsole.jar:/Library/Java/JavaVirtualMachines/jdk1.8.0_20.jdk/Contents/Home/lib/sa-jdi.jar:/Library/Java/JavaVirtualMachines/jdk1.8.0_20.jdk/Contents/Home/lib/tools.jar:/Library/Java/JavaVirtualMachines/jdk1.8.0_20.jdk/Contents/Home/jre/lib/charsets.jar:/Library/Java/JavaVirtualMachines/jdk1.8.0_20.jdk/Contents/Home/jre/lib/deploy.jar:/Library/Java/JavaVirtualMachines/jdk1.8.0_20.jdk/Contents/Home/jre/lib/javaws.jar:/Library/Java/JavaVirtualMachines/jdk1.8.0_20.jdk/Contents/Home/jre/lib/jce.jar:/Library/Java/JavaVirtualMachines/jdk1.8.0_20.jdk/Contents/Home/jre/lib/jfr.jar:/Library/Java/JavaVirtualMachines/jdk1.8.0_20.jdk/Contents/Home/jre/lib/jfxswt.jar:/Library/Java/JavaVirtualMachines/jdk1.8.0_20.jdk/Contents/Home/jre/lib/jsse.jar:/Library/Java/JavaVirtualMachines/jdk1.8.0_20.jdk/Contents/Home/jre/lib/management-agent.jar:/Library/Java/JavaVirtualMachines/jdk1.8.0_20.jdk/Contents/Home/jre/lib/plugin.jar:/Library/Java/JavaVirtualMachines/jdk1.8.0_20.jdk/Contents/Home/jre/lib/resources.jar:/Library/Java/JavaVirtualMachines/jdk1.8.0_20.jdk/Contents/Home/jre/lib/rt.jar:/Library/Java/JavaVirtualMachines/jdk1.8.0_20.jdk/Contents/Home/jre/lib/ext/cldrdata.jar:/Library/Java/JavaVirtualMachines/jdk1.8.0_20.jdk/Contents/Home/jre/lib/ext/dnsns.jar:/Library/Java/JavaVirtualMachines/jdk1.8.0_20.jdk/Contents/Home/jre/lib/ext/jfxrt.jar:/Library/Java/JavaVirtualMachines/jdk1.8.0_20.jdk/Contents/Home/jre/lib/ext/localedata.jar:/Library/Java/JavaVirtualMachines/jdk1.8.0_20.jdk/Contents/Home/jre/lib/ext/nashorn.jar:/Library/Java/JavaVirtualMachines/jdk1.8.0_20.jdk/Contents/Home/jre/lib/ext/sunec.jar:/Library/Java/JavaVirtualMachines/jdk1.8.0_20.jdk/C
Launcher Type: SUN_STANDARD

Environment Variables:
JAVA_HOME=/Library/Java/JavaVirtualMachines/jdk1.8.0_20.jdk/Contents/Home
PATH=/Users/unclebob/.rvm/gems/ruby-1.9.2-p290/bin:/Users/unclebob/.rvm/gems/ruby-1.9.2-p290@global/bin:/Users/unclebob/.rvm/rubies/ruby-1.9.2-p290/bin:/Users/unclebob/.rvm/bin:/usr/local/apache-maven/apache-maven-3.2.3/bin:/Users/unclebob/.lein/bin:/Library/Frameworks/Python.framework/Versions/Current/bin:/opt/local/lib/mysql5/bin:/usr/local/bin:/opt/local/bin:/opt/local/sbin:/Users/unclebob/Library/jruby-1.4.0RC2/bin:/Users/unclebob/bin:/Users/unclebob/bin:/Applications:/Applications/TextMate.app/Contents/Resources:/usr/local/bin:/usr/bin:/bin:/usr/sbin:/sbin:/usr/local/go/bin:/opt/X11/bin:/Library/Frameworks/Mono.framework/Versions/Current/Commands:/Users/unclebob/.cljr/bin/:/usr/local/bin/apache-ant-1.9.2/bin:/Users/unclebob/.rvm/bin
SHELL=/bin/bash
DISPLAY=/private/tmp/com.apple.launchd.mH3B7BvoPd/org.macosforge.xquartz:0

Signal Handlers:
SIGSEGV: [libjvm.dylib+0x578fd7], sa_mask[0]=11111111011111110111111111111111, sa_flags=SA_ONSTACK|SA_RESTART|SA_SIGINFO
SIGBUS: [libjvm.dylib+0x578fd7], sa_mask[0]=11111111011111110111111111111111, sa_flags=SA_RESTART|SA_SIGINFO
SIGFPE: [libjvm.dylib+0x45ab0c], sa_mask[0]=11111111011111110111111111111111, sa_flags=SA_RESTART|SA_SIGINFO
SIGPIPE: [libjvm.dylib+0x45ab0c], sa_mask[0]=11111111011111110111111111111111, sa_flags=SA_RESTART|SA_SIGINFO
SIGXFSZ: [libjvm.dylib+0x45ab0c], sa_mask[0]=11111111011111110111111111111111, sa_flags=SA_RESTART|SA_SIGINFO
SIGILL: [libjvm.dylib+0x45ab0c], sa_mask[0]=11111111011111110111111111111111, sa_flags=SA_RESTART|SA_SIGINFO
SIGUSR1: SIG_DFL, sa_mask[0]=00000000000000000000000000000000, sa_flags=none
SIGUSR2: [libjvm.dylib+0x45a62a], sa_mask[0]=00100000000000000000000000000000, sa_flags=SA_RESTART|SA_SIGINFO
SIGHUP: [libjvm.dylib+0x458bfd], sa_mask[0]=11111111011111110111111111111111, sa_flags=SA_RESTART|SA_SIGINFO
SIGINT: [libjvm.dylib+0x458bfd], sa_mask[0]=11111111011111110111111111111111, sa_flags=SA_RESTART|SA_SIGINFO
SIGTERM: [libjvm.dylib+0x458bfd], sa_mask[0]=11111111011111110111111111111111, sa_flags=SA_RESTART|SA_SIGINFO
SIGQUIT: [libjvm.dylib+0x458bfd], sa_mask[0]=11111111011111110111111111111111, sa_flags=SA_RESTART|SA_SIGINFO


---------------  S Y S T E M  ---------------

OS:Bsduname:Darwin 20.6.0 Darwin Kernel Version 20.6.0: Wed Jan 12 22:22:42 PST 2022; root:xnu-7195.141.19~2/RELEASE_X86_64 x86_64
rlimit: STACK 8192k, CORE 0k, NPROC 5568, NOFILE 10240, AS infinity
load average:1.91 1.91 1.96

CPU:total 16 (8 cores per cpu, 2 threads per core) family 6 model 158 stepping 13, cmov, cx8, fxsr, mmx, sse, sse2, sse3, ssse3, sse4.1, sse4.2, popcnt, avx, avx2, aes, clmul, erms, lzcnt, ht, tsc, tscinvbit, bmi1, bmi2

Memory: 4k page, physical 33554432k(29980k free)

/proc/meminfo:


vm_info: Java HotSpot(TM) 64-Bit Server VM (25.20-b23) for bsd-amd64 JRE (1.8.0_20-b26), built on Jul 30 2014 13:37:47 by "java_re" with gcc 4.2.1 (Based on Apple Inc. build 5658) (LLVM build 2336.9.00)

time: Tue Apr  5 11:03:50 2022
elapsed time: 11 seconds (0d 0h 0m 11s)

